{"contracts/bridgeproxies/RCProxyMainnet.sol":{"l":{"38":10,"39":10,"40":10,"41":10,"42":10,"58":10,"63":10,"72":10,"77":10,"82":10,"88":0,"89":0,"90":0,"91":0,"101":0,"102":0,"111":11,"112":11,"113":11,"114":11,"115":11,"121":0,"122":0,"124":0,"125":0,"126":0,"127":0,"128":0,"130":0,"138":0,"139":0,"140":0,"141":0},"path":"/Users/mcplums/Repos/RC_Contracts/contracts/bridgeproxies/RCProxyMainnet.sol","s":{"1":10,"2":10,"3":10,"4":10,"5":10,"6":10,"7":10,"8":10,"9":10,"10":10,"11":0,"12":0,"13":0,"14":0,"15":0,"16":0,"17":11,"18":11,"19":11,"20":11,"21":11,"22":0,"23":0,"24":0,"25":0,"26":0,"27":0,"28":0,"29":0,"30":0,"31":0,"32":0,"33":0},"b":{"1":[0,0],"2":[11,0],"3":[11,0],"4":[0,0],"5":[0,0],"6":[0,0]},"f":{"1":10,"2":10,"3":10,"4":10,"5":10,"6":10,"7":0,"8":0,"9":11,"10":0,"11":0},"fnMap":{"1":{"name":"constructor","line":37,"loc":{"start":{"line":37,"column":4},"end":{"line":43,"column":4}}},"2":{"name":"setProxyXdaiAddress","line":57,"loc":{"start":{"line":57,"column":4},"end":{"line":59,"column":4}}},"3":{"name":"setBridgeMainnetAddress","line":62,"loc":{"start":{"line":62,"column":4},"end":{"line":64,"column":4}}},"4":{"name":"setRealitioAddress","line":71,"loc":{"start":{"line":71,"column":4},"end":{"line":73,"column":4}}},"5":{"name":"setArbitrator","line":76,"loc":{"start":{"line":76,"column":4},"end":{"line":78,"column":4}}},"6":{"name":"setTimeout","line":81,"loc":{"start":{"line":81,"column":4},"end":{"line":83,"column":4}}},"7":{"name":"postQuestionToOracleAdmin","line":87,"loc":{"start":{"line":87,"column":4},"end":{"line":92,"column":4}}},"8":{"name":"upgradeNftAdmin","line":100,"loc":{"start":{"line":100,"column":4},"end":{"line":103,"column":4}}},"9":{"name":"postQuestionToOracle","line":110,"loc":{"start":{"line":110,"column":4},"end":{"line":116,"column":4}}},"10":{"name":"getWinnerFromOracle","line":120,"loc":{"start":{"line":120,"column":4},"end":{"line":131,"column":4}}},"11":{"name":"upgradeNft","line":137,"loc":{"start":{"line":137,"column":4},"end":{"line":142,"column":4}}}},"statementMap":{"1":{"start":{"line":38,"column":8},"end":{"line":38,"column":53}},"2":{"start":{"line":39,"column":8},"end":{"line":39,"column":43}},"3":{"start":{"line":40,"column":8},"end":{"line":40,"column":64}},"4":{"start":{"line":41,"column":8},"end":{"line":41,"column":24}},"5":{"start":{"line":42,"column":8},"end":{"line":42,"column":72}},"6":{"start":{"line":58,"column":8},"end":{"line":58,"column":43}},"7":{"start":{"line":63,"column":8},"end":{"line":63,"column":44}},"8":{"start":{"line":72,"column":8},"end":{"line":72,"column":40}},"9":{"start":{"line":77,"column":8},"end":{"line":77,"column":31}},"10":{"start":{"line":82,"column":8},"end":{"line":82,"column":28}},"11":{"start":{"line":88,"column":8},"end":{"line":88,"column":66}},"12":{"start":{"line":89,"column":8},"end":{"line":89,"column":111}},"13":{"start":{"line":90,"column":8},"end":{"line":90,"column":48}},"14":{"start":{"line":91,"column":8},"end":{"line":91,"column":67}},"15":{"start":{"line":101,"column":8},"end":{"line":101,"column":33}},"16":{"start":{"line":102,"column":8},"end":{"line":102,"column":43}},"17":{"start":{"line":111,"column":8},"end":{"line":111,"column":59}},"18":{"start":{"line":112,"column":8},"end":{"line":112,"column":77}},"19":{"start":{"line":113,"column":8},"end":{"line":113,"column":111}},"20":{"start":{"line":114,"column":8},"end":{"line":114,"column":48}},"21":{"start":{"line":115,"column":8},"end":{"line":115,"column":67}},"22":{"start":{"line":121,"column":8},"end":{"line":121,"column":57}},"23":{"start":{"line":122,"column":8},"end":{"line":122,"column":61}},"24":{"start":{"line":124,"column":8},"end":{"line":124,"column":5139}},"25":{"start":{"line":125,"column":12},"end":{"line":125,"column":69}},"26":{"start":{"line":126,"column":12},"end":{"line":126,"column":80}},"27":{"start":{"line":127,"column":12},"end":{"line":127,"column":104}},"28":{"start":{"line":128,"column":12},"end":{"line":128,"column":74}},"29":{"start":{"line":130,"column":8},"end":{"line":130,"column":27}},"30":{"start":{"line":138,"column":8},"end":{"line":138,"column":59}},"31":{"start":{"line":139,"column":8},"end":{"line":139,"column":77}},"32":{"start":{"line":140,"column":8},"end":{"line":140,"column":33}},"33":{"start":{"line":141,"column":8},"end":{"line":141,"column":43}}},"branchMap":{"1":{"line":88,"type":"if","locations":[{"start":{"line":88,"column":8},"end":{"line":88,"column":8}},{"start":{"line":88,"column":8},"end":{"line":88,"column":8}}]},"2":{"line":111,"type":"if","locations":[{"start":{"line":111,"column":8},"end":{"line":111,"column":8}},{"start":{"line":111,"column":8},"end":{"line":111,"column":8}}]},"3":{"line":112,"type":"if","locations":[{"start":{"line":112,"column":8},"end":{"line":112,"column":8}},{"start":{"line":112,"column":8},"end":{"line":112,"column":8}}]},"4":{"line":124,"type":"if","locations":[{"start":{"line":124,"column":8},"end":{"line":124,"column":8}},{"start":{"line":124,"column":8},"end":{"line":124,"column":8}}]},"5":{"line":138,"type":"if","locations":[{"start":{"line":138,"column":8},"end":{"line":138,"column":8}},{"start":{"line":138,"column":8},"end":{"line":138,"column":8}}]},"6":{"line":139,"type":"if","locations":[{"start":{"line":139,"column":8},"end":{"line":139,"column":8}},{"start":{"line":139,"column":8},"end":{"line":139,"column":8}}]}}},"contracts/bridgeproxies/RCProxyXdai.sol":{"l":{"36":10,"37":10,"46":11,"47":11,"48":11,"58":10,"63":10,"68":10,"73":0,"74":0,"75":0,"84":11,"85":11,"86":11,"87":11,"92":0,"93":0,"94":0,"95":0,"96":0,"101":0,"106":0,"107":0,"115":0,"116":0,"117":0,"118":0},"path":"/Users/mcplums/Repos/RC_Contracts/contracts/bridgeproxies/RCProxyXdai.sol","s":{"1":10,"2":10,"3":11,"4":11,"5":11,"6":10,"7":10,"8":10,"9":0,"10":0,"11":0,"12":11,"13":11,"14":11,"15":11,"16":0,"17":0,"18":0,"19":0,"20":0,"21":0,"22":0,"23":0,"24":0,"25":0,"26":0,"27":0},"b":{"1":[11,0],"2":[0,0],"3":[11,0],"4":[0,0],"5":[0,0],"6":[0,0],"7":[0,0],"8":[0,0]},"f":{"1":10,"2":11,"3":10,"4":10,"5":10,"6":0,"7":11,"8":0,"9":0,"10":0,"11":0},"fnMap":{"1":{"name":"constructor","line":35,"loc":{"start":{"line":35,"column":4},"end":{"line":38,"column":4}}},"2":{"name":"addMarket","line":45,"loc":{"start":{"line":45,"column":4},"end":{"line":49,"column":4}}},"3":{"name":"setProxyMainnetAddress","line":57,"loc":{"start":{"line":57,"column":4},"end":{"line":59,"column":4}}},"4":{"name":"setBridgeXdaiAddress","line":62,"loc":{"start":{"line":62,"column":4},"end":{"line":64,"column":4}}},"5":{"name":"setFactoryAddress","line":67,"loc":{"start":{"line":67,"column":4},"end":{"line":69,"column":4}}},"6":{"name":"setAmicableResolution","line":72,"loc":{"start":{"line":72,"column":4},"end":{"line":76,"column":4}}},"7":{"name":"sendQuestionToBridge","line":83,"loc":{"start":{"line":83,"column":4},"end":{"line":88,"column":4}}},"8":{"name":"setWinner","line":91,"loc":{"start":{"line":91,"column":4},"end":{"line":97,"column":4}}},"9":{"name":"isFinalized","line":100,"loc":{"start":{"line":100,"column":4},"end":{"line":102,"column":4}}},"10":{"name":"getWinner","line":105,"loc":{"start":{"line":105,"column":4},"end":{"line":108,"column":4}}},"11":{"name":"upgradeNft","line":114,"loc":{"start":{"line":114,"column":4},"end":{"line":119,"column":4}}}},"statementMap":{"1":{"start":{"line":36,"column":8},"end":{"line":36,"column":47}},"2":{"start":{"line":37,"column":8},"end":{"line":37,"column":41}},"3":{"start":{"line":46,"column":8},"end":{"line":46,"column":59}},"4":{"start":{"line":47,"column":8},"end":{"line":47,"column":34}},"5":{"start":{"line":48,"column":8},"end":{"line":48,"column":19}},"6":{"start":{"line":58,"column":8},"end":{"line":58,"column":46}},"7":{"start":{"line":63,"column":8},"end":{"line":63,"column":44}},"8":{"start":{"line":68,"column":8},"end":{"line":68,"column":35}},"9":{"start":{"line":73,"column":8},"end":{"line":73,"column":67}},"10":{"start":{"line":74,"column":8},"end":{"line":74,"column":45}},"11":{"start":{"line":75,"column":8},"end":{"line":75,"column":55}},"12":{"start":{"line":84,"column":8},"end":{"line":84,"column":59}},"13":{"start":{"line":85,"column":8},"end":{"line":85,"column":90}},"14":{"start":{"line":86,"column":8},"end":{"line":86,"column":117}},"15":{"start":{"line":87,"column":8},"end":{"line":87,"column":73}},"16":{"start":{"line":92,"column":8},"end":{"line":92,"column":67}},"17":{"start":{"line":93,"column":8},"end":{"line":93,"column":59}},"18":{"start":{"line":94,"column":8},"end":{"line":94,"column":80}},"19":{"start":{"line":95,"column":8},"end":{"line":95,"column":45}},"20":{"start":{"line":96,"column":8},"end":{"line":96,"column":55}},"21":{"start":{"line":101,"column":8},"end":{"line":101,"column":47}},"22":{"start":{"line":106,"column":8},"end":{"line":106,"column":64}},"23":{"start":{"line":107,"column":8},"end":{"line":107,"column":45}},"24":{"start":{"line":115,"column":8},"end":{"line":115,"column":50}},"25":{"start":{"line":116,"column":8},"end":{"line":116,"column":80}},"26":{"start":{"line":117,"column":8},"end":{"line":117,"column":96}},"27":{"start":{"line":118,"column":8},"end":{"line":118,"column":73}}},"branchMap":{"1":{"line":46,"type":"if","locations":[{"start":{"line":46,"column":8},"end":{"line":46,"column":8}},{"start":{"line":46,"column":8},"end":{"line":46,"column":8}}]},"2":{"line":73,"type":"if","locations":[{"start":{"line":73,"column":8},"end":{"line":73,"column":8}},{"start":{"line":73,"column":8},"end":{"line":73,"column":8}}]},"3":{"line":84,"type":"if","locations":[{"start":{"line":84,"column":8},"end":{"line":84,"column":8}},{"start":{"line":84,"column":8},"end":{"line":84,"column":8}}]},"4":{"line":92,"type":"if","locations":[{"start":{"line":92,"column":8},"end":{"line":92,"column":8}},{"start":{"line":92,"column":8},"end":{"line":92,"column":8}}]},"5":{"line":93,"type":"if","locations":[{"start":{"line":93,"column":8},"end":{"line":93,"column":8}},{"start":{"line":93,"column":8},"end":{"line":93,"column":8}}]},"6":{"line":94,"type":"if","locations":[{"start":{"line":94,"column":8},"end":{"line":94,"column":8}},{"start":{"line":94,"column":8},"end":{"line":94,"column":8}}]},"7":{"line":106,"type":"if","locations":[{"start":{"line":106,"column":8},"end":{"line":106,"column":8}},{"start":{"line":106,"column":8},"end":{"line":106,"column":8}}]},"8":{"line":115,"type":"if","locations":[{"start":{"line":115,"column":8},"end":{"line":115,"column":8}},{"start":{"line":115,"column":8},"end":{"line":115,"column":8}}]}}},"contracts/interfaces/IBridgeContract.sol":{"l":{},"path":"/Users/mcplums/Repos/RC_Contracts/contracts/interfaces/IBridgeContract.sol","s":{},"b":{},"f":{},"fnMap":{},"statementMap":{},"branchMap":{}},"contracts/interfaces/IFactory.sol":{"l":{},"path":"/Users/mcplums/Repos/RC_Contracts/contracts/interfaces/IFactory.sol","s":{},"b":{},"f":{},"fnMap":{},"statementMap":{},"branchMap":{}},"contracts/interfaces/IRCMarket.sol":{"l":{},"path":"/Users/mcplums/Repos/RC_Contracts/contracts/interfaces/IRCMarket.sol","s":{},"b":{},"f":{},"fnMap":{},"statementMap":{},"branchMap":{}},"contracts/interfaces/IRCNftHub.sol":{"l":{},"path":"/Users/mcplums/Repos/RC_Contracts/contracts/interfaces/IRCNftHub.sol","s":{},"b":{},"f":{},"fnMap":{},"statementMap":{},"branchMap":{}},"contracts/interfaces/IRCProxyMainnet.sol":{"l":{},"path":"/Users/mcplums/Repos/RC_Contracts/contracts/interfaces/IRCProxyMainnet.sol","s":{},"b":{},"f":{},"fnMap":{},"statementMap":{},"branchMap":{}},"contracts/interfaces/IRCProxyXdai.sol":{"l":{},"path":"/Users/mcplums/Repos/RC_Contracts/contracts/interfaces/IRCProxyXdai.sol","s":{},"b":{},"f":{},"fnMap":{},"statementMap":{},"branchMap":{}},"contracts/interfaces/IRealitio.sol":{"l":{},"path":"/Users/mcplums/Repos/RC_Contracts/contracts/interfaces/IRealitio.sol","s":{},"b":{},"f":{},"fnMap":{},"statementMap":{},"branchMap":{}},"contracts/interfaces/ITreasury.sol":{"l":{},"path":"/Users/mcplums/Repos/RC_Contracts/contracts/interfaces/ITreasury.sol","s":{},"b":{},"f":{},"fnMap":{},"statementMap":{},"branchMap":{}},"contracts/lib/CloneFactory.sol":{"l":{"29":11,"30":11,"40":0,"41":0},"path":"/Users/mcplums/Repos/RC_Contracts/contracts/lib/CloneFactory.sol","s":{"1":11,"2":0},"b":{},"f":{"1":11,"2":0},"fnMap":{"1":{"name":"createClone","line":28,"loc":{"start":{"line":28,"column":2},"end":{"line":37,"column":2}}},"2":{"name":"isClone","line":39,"loc":{"start":{"line":39,"column":2},"end":{"line":54,"column":2}}}},"statementMap":{"1":{"start":{"line":29,"column":4},"end":{"line":29,"column":41}},"2":{"start":{"line":40,"column":4},"end":{"line":40,"column":41}}},"branchMap":{}},"contracts/Migrations.sol":{"l":{"8":0,"12":0,"16":0,"20":0,"21":0},"path":"/Users/mcplums/Repos/RC_Contracts/contracts/Migrations.sol","s":{"1":0,"2":0,"3":0,"4":0,"5":0},"b":{"1":[0,0]},"f":{"1":0,"2":0,"3":0,"4":0},"fnMap":{"1":{"name":"constructor","line":7,"loc":{"start":{"line":7,"column":4},"end":{"line":9,"column":4}}},"2":{"name":"restricted","line":11,"loc":{"start":{"line":11,"column":4},"end":{"line":13,"column":4}}},"3":{"name":"setCompleted","line":15,"loc":{"start":{"line":15,"column":4},"end":{"line":17,"column":4}}},"4":{"name":"upgrade","line":19,"loc":{"start":{"line":19,"column":4},"end":{"line":22,"column":4}}}},"statementMap":{"1":{"start":{"line":8,"column":8},"end":{"line":8,"column":25}},"2":{"start":{"line":12,"column":8},"end":{"line":12,"column":34}},"3":{"start":{"line":16,"column":8},"end":{"line":16,"column":43}},"4":{"start":{"line":20,"column":8},"end":{"line":20,"column":53}},"5":{"start":{"line":21,"column":8},"end":{"line":21,"column":54}}},"branchMap":{"1":{"line":12,"type":"if","locations":[{"start":{"line":12,"column":8},"end":{"line":12,"column":8}},{"start":{"line":12,"column":8},"end":{"line":12,"column":8}}]}}},"contracts/mockups/BridgeMockup.sol":{"l":{"16":11,"17":11,"18":11,"22":11,"23":11,"25":0,"30":10,"34":10},"path":"/Users/mcplums/Repos/RC_Contracts/contracts/mockups/BridgeMockup.sol","s":{"1":11,"2":11,"3":11,"4":0,"5":10,"6":10},"b":{"1":[11,0]},"f":{"1":11,"2":11,"3":10,"4":10},"fnMap":{"1":{"name":"requireToPassMessage","line":15,"loc":{"start":{"line":15,"column":4},"end":{"line":19,"column":4}}},"2":{"name":"messageSender","line":21,"loc":{"start":{"line":21,"column":4},"end":{"line":27,"column":4}}},"3":{"name":"setProxyMainnetAddress","line":29,"loc":{"start":{"line":29,"column":4},"end":{"line":31,"column":4}}},"4":{"name":"setProxyXdaiAddress","line":33,"loc":{"start":{"line":33,"column":4},"end":{"line":35,"column":4}}}},"statementMap":{"1":{"start":{"line":17,"column":8},"end":{"line":17,"column":64}},"2":{"start":{"line":22,"column":8},"end":{"line":22,"column":674}},"3":{"start":{"line":23,"column":12},"end":{"line":23,"column":41}},"4":{"start":{"line":25,"column":12},"end":{"line":25,"column":44}},"5":{"start":{"line":30,"column":8},"end":{"line":30,"column":46}},"6":{"start":{"line":34,"column":8},"end":{"line":34,"column":43}}},"branchMap":{"1":{"line":22,"type":"if","locations":[{"start":{"line":22,"column":8},"end":{"line":22,"column":8}},{"start":{"line":22,"column":8},"end":{"line":22,"column":8}}]}}},"contracts/mockups/RealitioMockup.sol":{"l":{"16":0,"17":0,"19":0,"24":11,"25":11,"26":11,"27":11,"28":11,"34":0,"35":0,"36":0,"40":0,"41":0,"42":0,"44":0,"50":0,"51":0,"53":0},"path":"/Users/mcplums/Repos/RC_Contracts/contracts/mockups/RealitioMockup.sol","s":{"1":0,"2":0,"3":0,"4":11,"5":11,"6":11,"7":11,"8":11,"9":0,"10":0,"11":0,"12":0,"13":0,"14":0,"15":0,"16":0,"17":0,"18":0},"b":{"1":[0,0],"2":[0,0],"3":[0,0],"4":[0,0],"5":[0,0],"6":[0,0]},"f":{"1":0,"2":11,"3":0,"4":0,"5":0},"fnMap":{"1":{"name":"setResult","line":14,"loc":{"start":{"line":14,"column":4},"end":{"line":21,"column":4}}},"2":{"name":"askQuestion","line":23,"loc":{"start":{"line":23,"column":4},"end":{"line":29,"column":4}}},"3":{"name":"resultFor","line":33,"loc":{"start":{"line":33,"column":4},"end":{"line":37,"column":4}}},"4":{"name":"isFinalized","line":39,"loc":{"start":{"line":39,"column":4},"end":{"line":46,"column":4}}},"5":{"name":"getContentHash","line":48,"loc":{"start":{"line":48,"column":4},"end":{"line":55,"column":4}}}},"statementMap":{"1":{"start":{"line":16,"column":8},"end":{"line":16,"column":366}},"2":{"start":{"line":17,"column":12},"end":{"line":17,"column":32}},"3":{"start":{"line":19,"column":12},"end":{"line":19,"column":27}},"4":{"start":{"line":24,"column":8},"end":{"line":24,"column":93}},"5":{"start":{"line":25,"column":8},"end":{"line":25,"column":111}},"6":{"start":{"line":26,"column":8},"end":{"line":26,"column":39}},"7":{"start":{"line":27,"column":8},"end":{"line":27,"column":37}},"8":{"start":{"line":28,"column":8},"end":{"line":28,"column":26}},"9":{"start":{"line":34,"column":8},"end":{"line":34,"column":29}},"10":{"start":{"line":35,"column":8},"end":{"line":35,"column":47}},"11":{"start":{"line":36,"column":8},"end":{"line":36,"column":30}},"12":{"start":{"line":40,"column":8},"end":{"line":40,"column":55}},"13":{"start":{"line":41,"column":8},"end":{"line":41,"column":1378}},"14":{"start":{"line":42,"column":12},"end":{"line":42,"column":24}},"15":{"start":{"line":44,"column":12},"end":{"line":44,"column":23}},"16":{"start":{"line":50,"column":8},"end":{"line":50,"column":1617}},"17":{"start":{"line":51,"column":12},"end":{"line":51,"column":36}},"18":{"start":{"line":53,"column":12},"end":{"line":53,"column":20}}},"branchMap":{"1":{"line":16,"type":"if","locations":[{"start":{"line":16,"column":8},"end":{"line":16,"column":8}},{"start":{"line":16,"column":8},"end":{"line":16,"column":8}}]},"2":{"line":34,"type":"if","locations":[{"start":{"line":34,"column":8},"end":{"line":34,"column":8}},{"start":{"line":34,"column":8},"end":{"line":34,"column":8}}]},"3":{"line":35,"type":"if","locations":[{"start":{"line":35,"column":8},"end":{"line":35,"column":8}},{"start":{"line":35,"column":8},"end":{"line":35,"column":8}}]},"4":{"line":40,"type":"if","locations":[{"start":{"line":40,"column":8},"end":{"line":40,"column":8}},{"start":{"line":40,"column":8},"end":{"line":40,"column":8}}]},"5":{"line":41,"type":"if","locations":[{"start":{"line":41,"column":8},"end":{"line":41,"column":8}},{"start":{"line":41,"column":8},"end":{"line":41,"column":8}}]},"6":{"line":50,"type":"if","locations":[{"start":{"line":50,"column":8},"end":{"line":50,"column":8}},{"start":{"line":50,"column":8},"end":{"line":50,"column":8}}]}}},"contracts/mockups/redeploys/BridgeMockupV2.sol":{"l":{"16":0,"17":0,"18":0,"19":0,"23":0,"24":0,"26":0,"31":0,"35":0},"path":"/Users/mcplums/Repos/RC_Contracts/contracts/mockups/redeploys/BridgeMockupV2.sol","s":{"1":0,"2":0,"3":0,"4":0,"5":0,"6":0},"b":{"1":[0,0]},"f":{"1":0,"2":0,"3":0,"4":0},"fnMap":{"1":{"name":"requireToPassMessage","line":15,"loc":{"start":{"line":15,"column":4},"end":{"line":20,"column":4}}},"2":{"name":"messageSender","line":22,"loc":{"start":{"line":22,"column":4},"end":{"line":28,"column":4}}},"3":{"name":"setProxyMainnetAddress","line":30,"loc":{"start":{"line":30,"column":4},"end":{"line":32,"column":4}}},"4":{"name":"setProxyXdaiAddress","line":34,"loc":{"start":{"line":34,"column":4},"end":{"line":36,"column":4}}}},"statementMap":{"1":{"start":{"line":19,"column":8},"end":{"line":19,"column":18}},"2":{"start":{"line":23,"column":8},"end":{"line":23,"column":685}},"3":{"start":{"line":24,"column":12},"end":{"line":24,"column":41}},"4":{"start":{"line":26,"column":12},"end":{"line":26,"column":44}},"5":{"start":{"line":31,"column":8},"end":{"line":31,"column":46}},"6":{"start":{"line":35,"column":8},"end":{"line":35,"column":43}}},"branchMap":{"1":{"line":23,"type":"if","locations":[{"start":{"line":23,"column":8},"end":{"line":23,"column":8}},{"start":{"line":23,"column":8},"end":{"line":23,"column":8}}]}}},"contracts/mockups/redeploys/RCFactoryV2.sol":{"l":{"90":0,"93":0,"97":0,"98":0,"106":0,"110":0,"114":0,"126":0,"127":0,"128":0,"129":0,"130":0,"131":0,"136":0,"143":0,"148":0,"153":0,"158":0,"163":0,"168":0,"173":0,"183":0,"188":0,"189":0,"190":0,"195":0,"196":0,"201":0,"202":0,"207":0,"208":0,"221":0,"223":0,"224":0,"226":0,"228":0,"232":0,"233":0,"253":0,"256":0,"257":0,"261":0,"263":0,"265":0,"266":0,"270":0,"271":0,"276":0,"277":0,"278":0,"281":0,"282":0,"285":0,"287":0,"290":0,"291":0,"303":0,"304":0,"305":0,"306":0,"310":0,"313":0,"314":0,"317":0,"318":0,"319":0,"322":0,"323":0,"326":0,"327":0,"330":0,"331":0},"path":"/Users/mcplums/Repos/RC_Contracts/contracts/mockups/redeploys/RCFactoryV2.sol","s":{"1":0,"2":0,"3":0,"4":0,"5":0,"6":0,"7":0,"8":0,"9":0,"10":0,"11":0,"12":0,"13":0,"14":0,"15":0,"16":0,"17":0,"18":0,"19":0,"20":0,"21":0,"22":0,"23":0,"24":0,"25":0,"26":0,"27":0,"28":0,"29":0,"30":0,"31":0,"32":0,"33":0,"34":0,"35":0,"36":0,"37":0,"38":0,"39":0,"40":0,"41":0,"42":0,"43":0,"44":0,"45":0,"46":0,"47":0,"48":0,"49":0,"50":0,"51":0,"52":0,"53":0,"54":0,"55":0,"56":0,"57":0,"58":0,"59":0,"60":0,"61":0,"62":0,"63":0,"64":0,"65":0,"66":0,"67":0,"68":0,"69":0,"70":0,"71":0,"72":0},"b":{"1":[0,0],"2":[0,0],"3":[0,0],"4":[0,0],"5":[0,0],"6":[0,0],"7":[0,0],"8":[0,0],"9":[0,0],"10":[0,0],"11":[0,0],"12":[0,0],"13":[0,0],"14":[0,0],"15":[0,0],"16":[0,0],"17":[0,0],"18":[0,0],"19":[0,0],"20":[0,0],"21":[0,0],"22":[0,0],"23":[0,0]},"f":{"1":0,"2":0,"3":0,"4":0,"5":0,"6":0,"7":0,"8":0,"9":0,"10":0,"11":0,"12":0,"13":0,"14":0,"15":0,"16":0,"17":0,"18":0,"19":0,"20":0,"21":0},"fnMap":{"1":{"name":"constructor","line":87,"loc":{"start":{"line":87,"column":4},"end":{"line":99,"column":4}}},"2":{"name":"getMostRecentMarket","line":105,"loc":{"start":{"line":105,"column":4},"end":{"line":107,"column":4}}},"3":{"name":"getAllMarkets","line":109,"loc":{"start":{"line":109,"column":4},"end":{"line":111,"column":4}}},"4":{"name":"getPotDistribution","line":113,"loc":{"start":{"line":113,"column":4},"end":{"line":115,"column":4}}},"5":{"name":"setPotDistribution","line":125,"loc":{"start":{"line":125,"column":4},"end":{"line":132,"column":4}}},"6":{"name":"setMinimumPriceIncrease","line":135,"loc":{"start":{"line":135,"column":4},"end":{"line":137,"column":4}}},"7":{"name":"setMarketCreationGovernorsOnly","line":142,"loc":{"start":{"line":142,"column":4},"end":{"line":144,"column":4}}},"8":{"name":"setSponsorshipRequired","line":147,"loc":{"start":{"line":147,"column":4},"end":{"line":149,"column":4}}},"9":{"name":"setProxyXdaiAddress","line":152,"loc":{"start":{"line":152,"column":4},"end":{"line":154,"column":4}}},"10":{"name":"setNftHubAddress","line":157,"loc":{"start":{"line":157,"column":4},"end":{"line":159,"column":4}}},"11":{"name":"setTrapCardsIfUnapproved","line":162,"loc":{"start":{"line":162,"column":4},"end":{"line":164,"column":4}}},"12":{"name":"setAdvancedWarning","line":167,"loc":{"start":{"line":167,"column":4},"end":{"line":169,"column":4}}},"13":{"name":"setMaximumDuration","line":172,"loc":{"start":{"line":172,"column":4},"end":{"line":174,"column":4}}},"14":{"name":"addOrRemoveGovernor","line":182,"loc":{"start":{"line":182,"column":4},"end":{"line":184,"column":4}}},"15":{"name":"approveOrUnapproveMarket","line":187,"loc":{"start":{"line":187,"column":4},"end":{"line":191,"column":4}}},"16":{"name":"addOrRemoveArtist","line":194,"loc":{"start":{"line":194,"column":4},"end":{"line":197,"column":4}}},"17":{"name":"addOrRemoveAffiliate","line":200,"loc":{"start":{"line":200,"column":4},"end":{"line":203,"column":4}}},"18":{"name":"addOrRemoveCardAffiliate","line":206,"loc":{"start":{"line":206,"column":4},"end":{"line":209,"column":4}}},"19":{"name":"setReferenceContractAddress","line":220,"loc":{"start":{"line":220,"column":4},"end":{"line":229,"column":4}}},"20":{"name":"changeUberOwner","line":231,"loc":{"start":{"line":231,"column":4},"end":{"line":234,"column":4}}},"21":{"name":"createMarket","line":241,"loc":{"start":{"line":241,"column":4},"end":{"line":332,"column":4}}}},"statementMap":{"1":{"start":{"line":90,"column":8},"end":{"line":90,"column":29}},"2":{"start":{"line":93,"column":8},"end":{"line":93,"column":34}},"3":{"start":{"line":97,"column":8},"end":{"line":97,"column":40}},"4":{"start":{"line":98,"column":8},"end":{"line":98,"column":34}},"5":{"start":{"line":106,"column":8},"end":{"line":106,"column":70}},"6":{"start":{"line":110,"column":8},"end":{"line":110,"column":37}},"7":{"start":{"line":114,"column":8},"end":{"line":114,"column":30}},"8":{"start":{"line":126,"column":8},"end":{"line":126,"column":144}},"9":{"start":{"line":127,"column":8},"end":{"line":127,"column":38}},"10":{"start":{"line":128,"column":8},"end":{"line":128,"column":38}},"11":{"start":{"line":129,"column":8},"end":{"line":129,"column":39}},"12":{"start":{"line":130,"column":8},"end":{"line":130,"column":41}},"13":{"start":{"line":131,"column":8},"end":{"line":131,"column":45}},"14":{"start":{"line":136,"column":8},"end":{"line":136,"column":46}},"15":{"start":{"line":143,"column":8},"end":{"line":143,"column":79}},"16":{"start":{"line":148,"column":8},"end":{"line":148,"column":33}},"17":{"start":{"line":153,"column":8},"end":{"line":153,"column":32}},"18":{"start":{"line":158,"column":8},"end":{"line":158,"column":27}},"19":{"start":{"line":163,"column":8},"end":{"line":163,"column":57}},"20":{"start":{"line":168,"column":8},"end":{"line":168,"column":44}},"21":{"start":{"line":173,"column":8},"end":{"line":173,"column":44}},"22":{"start":{"line":183,"column":8},"end":{"line":183,"column":65}},"23":{"start":{"line":188,"column":8},"end":{"line":188,"column":78}},"24":{"start":{"line":189,"column":8},"end":{"line":189,"column":75}},"25":{"start":{"line":190,"column":8},"end":{"line":190,"column":64}},"26":{"start":{"line":195,"column":8},"end":{"line":195,"column":78}},"27":{"start":{"line":196,"column":8},"end":{"line":196,"column":75}},"28":{"start":{"line":201,"column":8},"end":{"line":201,"column":78}},"29":{"start":{"line":202,"column":8},"end":{"line":202,"column":87}},"30":{"start":{"line":207,"column":8},"end":{"line":207,"column":78}},"31":{"start":{"line":208,"column":8},"end":{"line":208,"column":95}},"32":{"start":{"line":221,"column":8},"end":{"line":221,"column":56}},"33":{"start":{"line":223,"column":8},"end":{"line":223,"column":62}},"34":{"start":{"line":224,"column":8},"end":{"line":224,"column":45}},"35":{"start":{"line":226,"column":8},"end":{"line":226,"column":45}},"36":{"start":{"line":228,"column":8},"end":{"line":228,"column":65}},"37":{"start":{"line":232,"column":8},"end":{"line":232,"column":56}},"38":{"start":{"line":233,"column":8},"end":{"line":233,"column":32}},"39":{"start":{"line":253,"column":8},"end":{"line":253,"column":76}},"40":{"start":{"line":256,"column":8},"end":{"line":256,"column":54}},"41":{"start":{"line":257,"column":8},"end":{"line":257,"column":33}},"42":{"start":{"line":261,"column":8},"end":{"line":261,"column":103}},"43":{"start":{"line":263,"column":8},"end":{"line":263,"column":115}},"44":{"start":{"line":265,"column":8},"end":{"line":265,"column":11240}},"45":{"start":{"line":266,"column":12},"end":{"line":266,"column":146}},"46":{"start":{"line":270,"column":8},"end":{"line":270,"column":11513}},"47":{"start":{"line":271,"column":12},"end":{"line":271,"column":82}},"48":{"start":{"line":276,"column":8},"end":{"line":276,"column":11717}},"49":{"start":{"line":277,"column":12},"end":{"line":277,"column":84}},"50":{"start":{"line":278,"column":12},"end":{"line":278,"column":87}},"51":{"start":{"line":281,"column":8},"end":{"line":281,"column":11978}},"52":{"start":{"line":282,"column":12},"end":{"line":282,"column":86}},"53":{"start":{"line":285,"column":8},"end":{"line":285,"column":129}},"54":{"start":{"line":287,"column":8},"end":{"line":287,"column":51}},"55":{"start":{"line":290,"column":8},"end":{"line":290,"column":67}},"56":{"start":{"line":291,"column":8},"end":{"line":291,"column":12439}},"57":{"start":{"line":303,"column":8},"end":{"line":303,"column":63}},"58":{"start":{"line":304,"column":8},"end":{"line":304,"column":12951}},"59":{"start":{"line":305,"column":12},"end":{"line":305,"column":55}},"60":{"start":{"line":306,"column":12},"end":{"line":306,"column":71}},"61":{"start":{"line":310,"column":8},"end":{"line":310,"column":65}},"62":{"start":{"line":313,"column":8},"end":{"line":313,"column":72}},"63":{"start":{"line":314,"column":8},"end":{"line":314,"column":87}},"64":{"start":{"line":317,"column":8},"end":{"line":317,"column":46}},"65":{"start":{"line":318,"column":8},"end":{"line":318,"column":49}},"66":{"start":{"line":319,"column":8},"end":{"line":319,"column":44}},"67":{"start":{"line":322,"column":8},"end":{"line":322,"column":47}},"68":{"start":{"line":323,"column":8},"end":{"line":323,"column":43}},"69":{"start":{"line":326,"column":8},"end":{"line":326,"column":13831}},"70":{"start":{"line":327,"column":12},"end":{"line":327,"column":58}},"71":{"start":{"line":330,"column":8},"end":{"line":330,"column":126}},"72":{"start":{"line":331,"column":8},"end":{"line":331,"column":26}}},"branchMap":{"1":{"line":126,"type":"if","locations":[{"start":{"line":126,"column":8},"end":{"line":126,"column":8}},{"start":{"line":126,"column":8},"end":{"line":126,"column":8}}]},"2":{"line":188,"type":"if","locations":[{"start":{"line":188,"column":8},"end":{"line":188,"column":8}},{"start":{"line":188,"column":8},"end":{"line":188,"column":8}}]},"3":{"line":195,"type":"if","locations":[{"start":{"line":195,"column":8},"end":{"line":195,"column":8}},{"start":{"line":195,"column":8},"end":{"line":195,"column":8}}]},"4":{"line":201,"type":"if","locations":[{"start":{"line":201,"column":8},"end":{"line":201,"column":8}},{"start":{"line":201,"column":8},"end":{"line":201,"column":8}}]},"5":{"line":207,"type":"if","locations":[{"start":{"line":207,"column":8},"end":{"line":207,"column":8}},{"start":{"line":207,"column":8},"end":{"line":207,"column":8}}]},"6":{"line":221,"type":"if","locations":[{"start":{"line":221,"column":8},"end":{"line":221,"column":8}},{"start":{"line":221,"column":8},"end":{"line":221,"column":8}}]},"7":{"line":232,"type":"if","locations":[{"start":{"line":232,"column":8},"end":{"line":232,"column":8}},{"start":{"line":232,"column":8},"end":{"line":232,"column":8}}]},"8":{"line":253,"type":"if","locations":[{"start":{"line":253,"column":8},"end":{"line":253,"column":8}},{"start":{"line":253,"column":8},"end":{"line":253,"column":8}}]},"9":{"line":256,"type":"if","locations":[{"start":{"line":256,"column":8},"end":{"line":256,"column":8}},{"start":{"line":256,"column":8},"end":{"line":256,"column":8}}]},"10":{"line":261,"type":"if","locations":[{"start":{"line":261,"column":8},"end":{"line":261,"column":8}},{"start":{"line":261,"column":8},"end":{"line":261,"column":8}}]},"11":{"line":263,"type":"if","locations":[{"start":{"line":263,"column":8},"end":{"line":263,"column":8}},{"start":{"line":263,"column":8},"end":{"line":263,"column":8}}]},"12":{"line":266,"type":"if","locations":[{"start":{"line":266,"column":12},"end":{"line":266,"column":12}},{"start":{"line":266,"column":12},"end":{"line":266,"column":12}}]},"13":{"line":270,"type":"if","locations":[{"start":{"line":270,"column":8},"end":{"line":270,"column":8}},{"start":{"line":270,"column":8},"end":{"line":270,"column":8}}]},"14":{"line":271,"type":"if","locations":[{"start":{"line":271,"column":12},"end":{"line":271,"column":12}},{"start":{"line":271,"column":12},"end":{"line":271,"column":12}}]},"15":{"line":276,"type":"if","locations":[{"start":{"line":276,"column":8},"end":{"line":276,"column":8}},{"start":{"line":276,"column":8},"end":{"line":276,"column":8}}]},"16":{"line":277,"type":"if","locations":[{"start":{"line":277,"column":12},"end":{"line":277,"column":12}},{"start":{"line":277,"column":12},"end":{"line":277,"column":12}}]},"17":{"line":278,"type":"if","locations":[{"start":{"line":278,"column":12},"end":{"line":278,"column":12}},{"start":{"line":278,"column":12},"end":{"line":278,"column":12}}]},"18":{"line":281,"type":"if","locations":[{"start":{"line":281,"column":8},"end":{"line":281,"column":8}},{"start":{"line":281,"column":8},"end":{"line":281,"column":8}}]},"19":{"line":282,"type":"if","locations":[{"start":{"line":282,"column":12},"end":{"line":282,"column":12}},{"start":{"line":282,"column":12},"end":{"line":282,"column":12}}]},"20":{"line":285,"type":"if","locations":[{"start":{"line":285,"column":8},"end":{"line":285,"column":8}},{"start":{"line":285,"column":8},"end":{"line":285,"column":8}}]},"21":{"line":303,"type":"if","locations":[{"start":{"line":303,"column":8},"end":{"line":303,"column":8}},{"start":{"line":303,"column":8},"end":{"line":303,"column":8}}]},"22":{"line":313,"type":"if","locations":[{"start":{"line":313,"column":8},"end":{"line":313,"column":8}},{"start":{"line":313,"column":8},"end":{"line":313,"column":8}}]},"23":{"line":326,"type":"if","locations":[{"start":{"line":326,"column":8},"end":{"line":326,"column":8}},{"start":{"line":326,"column":8},"end":{"line":326,"column":8}}]}}},"contracts/mockups/redeploys/RCMarketXdaiV2.sol":{"l":{"140":0,"143":0,"144":0,"145":0,"146":0,"149":0,"152":0,"153":0,"154":0,"155":0,"156":0,"157":0,"158":0,"159":0,"160":0,"161":0,"162":0,"163":0,"164":0,"165":0,"166":0,"167":0,"170":0,"171":0,"175":0,"176":0,"180":0,"181":0,"182":0,"183":0,"189":0,"190":0,"194":0,"195":0,"199":0,"200":0,"204":0,"233":0,"234":0,"239":0,"240":0,"242":0,"247":0,"248":0,"249":0,"255":0,"256":0,"261":0,"262":0,"271":0,"272":0,"273":0,"274":0,"275":0,"276":0,"283":0,"284":0,"289":0,"298":0,"299":0,"304":0,"305":0,"310":0,"311":0,"312":0,"323":0,"325":0,"326":0,"327":0,"333":0,"335":0,"336":0,"338":0,"339":0,"345":0,"346":0,"347":0,"348":0,"350":0,"356":0,"357":0,"359":0,"360":0,"363":0,"364":0,"365":0,"366":0,"367":0,"368":0,"369":0,"375":0,"376":0,"377":0,"378":0,"379":0,"380":0,"385":0,"394":0,"395":0,"396":0,"401":0,"402":0,"403":0,"404":0,"409":0,"410":0,"411":0,"415":0,"416":0,"417":0,"418":0,"425":0,"426":0,"427":0,"428":0,"429":0,"430":0,"431":0,"433":0,"446":0,"447":0,"453":0,"454":0,"455":0,"456":0,"457":0,"459":0,"461":0,"468":0,"469":0,"470":0,"471":0,"472":0,"475":0,"479":0,"480":0,"483":0,"484":0,"488":0,"490":0,"492":0,"493":0,"496":0,"497":0,"500":0,"501":0,"502":0,"503":0,"505":0,"506":0,"510":0,"511":0,"513":0,"514":0,"518":0,"519":0,"525":0,"526":0,"527":0,"528":0,"529":0,"531":0,"532":0,"540":0,"542":0,"544":0,"545":0,"546":0,"547":0,"552":0,"553":0,"555":0,"560":0,"561":0,"567":0,"568":0,"569":0,"571":0,"572":0,"574":0,"576":0,"577":0,"579":0,"590":0,"593":0,"594":0,"595":0,"596":0,"597":0,"598":0,"601":0,"602":0,"603":0,"605":0,"608":0,"609":0,"611":0,"613":0,"614":0,"617":0,"618":0,"620":0,"623":0,"625":0,"626":0,"627":0,"631":0,"633":0,"635":0,"639":0,"640":0,"641":0,"642":0,"643":0,"646":0,"647":0,"648":0,"651":0,"652":0,"658":0,"663":0,"664":0,"665":0,"668":0,"669":0,"670":0,"671":0,"672":0,"674":0,"678":0,"679":0,"680":0,"682":0,"687":0,"689":0,"690":0,"691":0,"692":0,"693":0,"699":0,"701":0,"703":0,"711":0,"712":0,"713":0,"714":0,"719":0,"720":0,"721":0},"path":"/Users/mcplums/Repos/RC_Contracts/contracts/mockups/redeploys/RCMarketXdaiV2.sol","s":{"1":0,"2":0,"3":0,"4":0,"5":0,"6":0,"7":0,"8":0,"9":0,"10":0,"11":0,"12":0,"13":0,"14":0,"15":0,"16":0,"17":0,"18":0,"19":0,"20":0,"21":0,"22":0,"23":0,"24":0,"25":0,"26":0,"27":0,"28":0,"29":0,"30":0,"31":0,"32":0,"33":0,"34":0,"35":0,"36":0,"37":0,"38":0,"39":0,"40":0,"41":0,"42":0,"43":0,"44":0,"45":0,"46":0,"47":0,"48":0,"49":0,"50":0,"51":0,"52":0,"53":0,"54":0,"55":0,"56":0,"57":0,"58":0,"59":0,"60":0,"61":0,"62":0,"63":0,"64":0,"65":0,"66":0,"67":0,"68":0,"69":0,"70":0,"71":0,"72":0,"73":0,"74":0,"75":0,"76":0,"77":0,"78":0,"79":0,"80":0,"81":0,"82":0,"83":0,"84":0,"85":0,"86":0,"87":0,"88":0,"89":0,"90":0,"91":0,"92":0,"93":0,"94":0,"95":0,"96":0,"97":0,"98":0,"99":0,"100":0,"101":0,"102":0,"103":0,"104":0,"105":0,"106":0,"107":0,"108":0,"109":0,"110":0,"111":0,"112":0,"113":0,"114":0,"115":0,"116":0,"117":0,"118":0,"119":0,"120":0,"121":0,"122":0,"123":0,"124":0,"125":0,"126":0,"127":0,"128":0,"129":0,"130":0,"131":0,"132":0,"133":0,"134":0,"135":0,"136":0,"137":0,"138":0,"139":0,"140":0,"141":0,"142":0,"143":0,"144":0,"145":0,"146":0,"147":0,"148":0,"149":0,"150":0,"151":0,"152":0,"153":0,"154":0,"155":0,"156":0,"157":0,"158":0,"159":0,"160":0,"161":0,"162":0,"163":0,"164":0,"165":0,"166":0,"167":0,"168":0,"169":0,"170":0,"171":0,"172":0,"173":0,"174":0,"175":0,"176":0,"177":0,"178":0,"179":0,"180":0,"181":0,"182":0,"183":0,"184":0,"185":0,"186":0,"187":0,"188":0,"189":0,"190":0,"191":0,"192":0,"193":0,"194":0,"195":0,"196":0,"197":0,"198":0,"199":0,"200":0,"201":0,"202":0,"203":0,"204":0,"205":0,"206":0,"207":0,"208":0,"209":0,"210":0,"211":0,"212":0,"213":0,"214":0,"215":0,"216":0,"217":0,"218":0,"219":0,"220":0,"221":0,"222":0,"223":0,"224":0,"225":0,"226":0,"227":0,"228":0,"229":0,"230":0,"231":0,"232":0,"233":0,"234":0,"235":0,"236":0,"237":0,"238":0,"239":0,"240":0,"241":0,"242":0,"243":0},"b":{"1":[0,0],"2":[0,0],"3":[0,0],"4":[0,0],"5":[0,0],"6":[0,0],"7":[0,0],"8":[0,0],"9":[0,0],"10":[0,0],"11":[0,0],"12":[0,0],"13":[0,0],"14":[0,0],"15":[0,0],"16":[0,0],"17":[0,0],"18":[0,0],"19":[0,0],"20":[0,0],"21":[0,0],"22":[0,0],"23":[0,0],"24":[0,0],"25":[0,0],"26":[0,0],"27":[0,0],"28":[0,0],"29":[0,0],"30":[0,0],"31":[0,0],"32":[0,0],"33":[0,0],"34":[0,0],"35":[0,0],"36":[0,0],"37":[0,0],"38":[0,0],"39":[0,0],"40":[0,0],"41":[0,0],"42":[0,0],"43":[0,0],"44":[0,0],"45":[0,0],"46":[0,0],"47":[0,0],"48":[0,0],"49":[0,0],"50":[0,0],"51":[0,0],"52":[0,0],"53":[0,0],"54":[0,0],"55":[0,0],"56":[0,0],"57":[0,0],"58":[0,0],"59":[0,0],"60":[0,0],"61":[0,0],"62":[0,0]},"f":{"1":0,"2":0,"3":0,"4":0,"5":0,"6":0,"7":0,"8":0,"9":0,"10":0,"11":0,"12":0,"13":0,"14":0,"15":0,"16":0,"17":0,"18":0,"19":0,"20":0,"21":0,"22":0,"23":0,"24":0,"25":0,"26":0,"27":0,"28":0,"29":0,"30":0,"31":0,"32":0,"33":0,"34":0,"35":0},"fnMap":{"1":{"name":"initialize","line":139,"loc":{"start":{"line":130,"column":4},"end":{"line":205,"column":4}}},"2":{"name":"checkState","line":232,"loc":{"start":{"line":232,"column":4},"end":{"line":235,"column":4}}},"3":{"name":"autoUnlock","line":238,"loc":{"start":{"line":238,"column":4},"end":{"line":243,"column":4}}},"4":{"name":"autoLock","line":246,"loc":{"start":{"line":246,"column":4},"end":{"line":251,"column":4}}},"5":{"name":"amountNotZero","line":254,"loc":{"start":{"line":254,"column":4},"end":{"line":257,"column":4}}},"6":{"name":"onlyTokenOwner","line":260,"loc":{"start":{"line":260,"column":4},"end":{"line":263,"column":4}}},"7":{"name":"upgradeNft","line":270,"loc":{"start":{"line":270,"column":4},"end":{"line":277,"column":4}}},"8":{"name":"_getWinner","line":282,"loc":{"start":{"line":282,"column":4},"end":{"line":285,"column":4}}},"9":{"name":"_isQuestionFinalized","line":288,"loc":{"start":{"line":288,"column":4},"end":{"line":290,"column":4}}},"10":{"name":"ownerOf","line":297,"loc":{"start":{"line":297,"column":4},"end":{"line":300,"column":4}}},"11":{"name":"tokenURI","line":303,"loc":{"start":{"line":303,"column":4},"end":{"line":306,"column":4}}},"12":{"name":"_transferCard","line":309,"loc":{"start":{"line":309,"column":4},"end":{"line":313,"column":4}}},"13":{"name":"lockMarket","line":322,"loc":{"start":{"line":322,"column":4},"end":{"line":328,"column":4}}},"14":{"name":"determineWinner","line":332,"loc":{"start":{"line":332,"column":4},"end":{"line":340,"column":4}}},"15":{"name":"withdraw","line":344,"loc":{"start":{"line":344,"column":4},"end":{"line":352,"column":4}}},"16":{"name":"_payoutWinnings","line":355,"loc":{"start":{"line":355,"column":4},"end":{"line":370,"column":4}}},"17":{"name":"_returnRent","line":373,"loc":{"start":{"line":373,"column":4},"end":{"line":381,"column":4}}},"18":{"name":"_payout","line":384,"loc":{"start":{"line":384,"column":4},"end":{"line":386,"column":4}}},"19":{"name":"payArtist","line":393,"loc":{"start":{"line":393,"column":4},"end":{"line":397,"column":4}}},"20":{"name":"payMarketCreator","line":400,"loc":{"start":{"line":400,"column":4},"end":{"line":405,"column":4}}},"21":{"name":"payAffiliate","line":408,"loc":{"start":{"line":408,"column":4},"end":{"line":412,"column":4}}},"22":{"name":"_processStakeholderPayment","line":414,"loc":{"start":{"line":414,"column":4},"end":{"line":420,"column":4}}},"23":{"name":"payCardAffiliate","line":424,"loc":{"start":{"line":424,"column":4},"end":{"line":436,"column":4}}},"24":{"name":"collectRentAllCards","line":445,"loc":{"start":{"line":445,"column":4},"end":{"line":449,"column":4}}},"25":{"name":"rentAllCards","line":452,"loc":{"start":{"line":452,"column":4},"end":{"line":464,"column":4}}},"26":{"name":"newRental","line":467,"loc":{"start":{"line":467,"column":4},"end":{"line":521,"column":4}}},"27":{"name":"updateTimeHeldLimit","line":524,"loc":{"start":{"line":524,"column":4},"end":{"line":533,"column":4}}},"28":{"name":"exit","line":538,"loc":{"start":{"line":538,"column":4},"end":{"line":556,"column":4}}},"29":{"name":"exitAll","line":559,"loc":{"start":{"line":559,"column":4},"end":{"line":563,"column":4}}},"30":{"name":"sponsor","line":566,"loc":{"start":{"line":566,"column":4},"end":{"line":580,"column":4}}},"31":{"name":"_collectRent","line":589,"loc":{"start":{"line":589,"column":4},"end":{"line":659,"column":4}}},"32":{"name":"_revertToPreviousOwner","line":662,"loc":{"start":{"line":662,"column":4},"end":{"line":695,"column":4}}},"33":{"name":"_processNFTsAfterEvent","line":698,"loc":{"start":{"line":698,"column":4},"end":{"line":707,"column":4}}},"34":{"name":"_foreclose","line":710,"loc":{"start":{"line":710,"column":4},"end":{"line":715,"column":4}}},"35":{"name":"_incrementState","line":718,"loc":{"start":{"line":718,"column":4},"end":{"line":722,"column":4}}}},"statementMap":{"1":{"start":{"line":140,"column":8},"end":{"line":140,"column":25}},"2":{"start":{"line":143,"column":8},"end":{"line":143,"column":37}},"3":{"start":{"line":144,"column":8},"end":{"line":144,"column":36}},"4":{"start":{"line":145,"column":8},"end":{"line":145,"column":42}},"5":{"start":{"line":146,"column":8},"end":{"line":146,"column":32}},"6":{"start":{"line":149,"column":8},"end":{"line":149,"column":35}},"7":{"start":{"line":152,"column":8},"end":{"line":152,"column":19}},"8":{"start":{"line":153,"column":8},"end":{"line":153,"column":39}},"9":{"start":{"line":154,"column":8},"end":{"line":154,"column":45}},"10":{"start":{"line":155,"column":8},"end":{"line":155,"column":41}},"11":{"start":{"line":156,"column":8},"end":{"line":156,"column":41}},"12":{"start":{"line":157,"column":8},"end":{"line":157,"column":37}},"13":{"start":{"line":158,"column":8},"end":{"line":158,"column":51}},"14":{"start":{"line":159,"column":8},"end":{"line":159,"column":43}},"15":{"start":{"line":160,"column":8},"end":{"line":160,"column":55}},"16":{"start":{"line":161,"column":8},"end":{"line":161,"column":73}},"17":{"start":{"line":162,"column":8},"end":{"line":162,"column":60}},"18":{"start":{"line":163,"column":8},"end":{"line":163,"column":38}},"19":{"start":{"line":164,"column":8},"end":{"line":164,"column":38}},"20":{"start":{"line":165,"column":8},"end":{"line":165,"column":39}},"21":{"start":{"line":166,"column":8},"end":{"line":166,"column":41}},"22":{"start":{"line":167,"column":8},"end":{"line":167,"column":45}},"23":{"start":{"line":170,"column":8},"end":{"line":170,"column":7870}},"24":{"start":{"line":171,"column":12},"end":{"line":171,"column":24}},"25":{"start":{"line":175,"column":8},"end":{"line":175,"column":8013}},"26":{"start":{"line":176,"column":12},"end":{"line":176,"column":27}},"27":{"start":{"line":180,"column":8},"end":{"line":180,"column":8175}},"28":{"start":{"line":181,"column":12},"end":{"line":181,"column":8236}},"29":{"start":{"line":182,"column":16},"end":{"line":182,"column":8304}},"30":{"start":{"line":183,"column":20},"end":{"line":183,"column":39}},"31":{"start":{"line":189,"column":8},"end":{"line":189,"column":8489}},"32":{"start":{"line":190,"column":12},"end":{"line":190,"column":93}},"33":{"start":{"line":194,"column":8},"end":{"line":194,"column":8690}},"34":{"start":{"line":195,"column":12},"end":{"line":195,"column":113}},"35":{"start":{"line":199,"column":8},"end":{"line":199,"column":8915}},"36":{"start":{"line":200,"column":12},"end":{"line":200,"column":28}},"37":{"start":{"line":204,"column":8},"end":{"line":204,"column":174}},"38":{"start":{"line":233,"column":8},"end":{"line":233,"column":56}},"39":{"start":{"line":239,"column":8},"end":{"line":239,"column":11145}},"40":{"start":{"line":240,"column":12},"end":{"line":240,"column":28}},"41":{"start":{"line":248,"column":8},"end":{"line":248,"column":11362}},"42":{"start":{"line":249,"column":12},"end":{"line":249,"column":23}},"43":{"start":{"line":255,"column":8},"end":{"line":255,"column":53}},"44":{"start":{"line":261,"column":8},"end":{"line":261,"column":60}},"45":{"start":{"line":271,"column":8},"end":{"line":271,"column":52}},"46":{"start":{"line":272,"column":8},"end":{"line":272,"column":42}},"47":{"start":{"line":273,"column":8},"end":{"line":273,"column":64}},"48":{"start":{"line":274,"column":8},"end":{"line":274,"column":64}},"49":{"start":{"line":275,"column":8},"end":{"line":275,"column":64}},"50":{"start":{"line":276,"column":8},"end":{"line":276,"column":53}},"51":{"start":{"line":283,"column":8},"end":{"line":283,"column":70}},"52":{"start":{"line":284,"column":8},"end":{"line":284,"column":30}},"53":{"start":{"line":289,"column":8},"end":{"line":289,"column":53}},"54":{"start":{"line":298,"column":8},"end":{"line":298,"column":64}},"55":{"start":{"line":299,"column":8},"end":{"line":299,"column":45}},"56":{"start":{"line":304,"column":8},"end":{"line":304,"column":64}},"57":{"start":{"line":305,"column":8},"end":{"line":305,"column":46}},"58":{"start":{"line":310,"column":8},"end":{"line":310,"column":107}},"59":{"start":{"line":311,"column":8},"end":{"line":311,"column":64}},"60":{"start":{"line":312,"column":8},"end":{"line":312,"column":75}},"61":{"start":{"line":323,"column":8},"end":{"line":323,"column":66}},"62":{"start":{"line":325,"column":8},"end":{"line":325,"column":28}},"63":{"start":{"line":326,"column":8},"end":{"line":326,"column":24}},"64":{"start":{"line":327,"column":8},"end":{"line":327,"column":36}},"65":{"start":{"line":333,"column":8},"end":{"line":333,"column":69}},"66":{"start":{"line":335,"column":8},"end":{"line":335,"column":36}},"67":{"start":{"line":336,"column":8},"end":{"line":336,"column":24}},"68":{"start":{"line":338,"column":8},"end":{"line":338,"column":31}},"69":{"start":{"line":339,"column":8},"end":{"line":339,"column":43}},"70":{"start":{"line":345,"column":8},"end":{"line":345,"column":70}},"71":{"start":{"line":346,"column":8},"end":{"line":346,"column":46}},"72":{"start":{"line":347,"column":8},"end":{"line":347,"column":15384}},"73":{"start":{"line":348,"column":12},"end":{"line":348,"column":28}},"74":{"start":{"line":350,"column":13},"end":{"line":350,"column":25}},"75":{"start":{"line":356,"column":8},"end":{"line":356,"column":35}},"76":{"start":{"line":357,"column":8},"end":{"line":357,"column":139}},"77":{"start":{"line":359,"column":8},"end":{"line":359,"column":15842}},"78":{"start":{"line":360,"column":12},"end":{"line":360,"column":74}},"79":{"start":{"line":363,"column":8},"end":{"line":363,"column":77}},"80":{"start":{"line":364,"column":8},"end":{"line":364,"column":71}},"81":{"start":{"line":365,"column":8},"end":{"line":365,"column":64}},"82":{"start":{"line":366,"column":8},"end":{"line":366,"column":99}},"83":{"start":{"line":367,"column":8},"end":{"line":367,"column":55}},"84":{"start":{"line":368,"column":8},"end":{"line":368,"column":47}},"85":{"start":{"line":369,"column":8},"end":{"line":369,"column":61}},"86":{"start":{"line":375,"column":8},"end":{"line":375,"column":104}},"87":{"start":{"line":376,"column":8},"end":{"line":376,"column":61}},"88":{"start":{"line":377,"column":8},"end":{"line":377,"column":50}},"89":{"start":{"line":378,"column":8},"end":{"line":378,"column":86}},"90":{"start":{"line":379,"column":8},"end":{"line":379,"column":50}},"91":{"start":{"line":380,"column":8},"end":{"line":380,"column":64}},"92":{"start":{"line":385,"column":8},"end":{"line":385,"column":51}},"93":{"start":{"line":394,"column":8},"end":{"line":394,"column":50}},"94":{"start":{"line":395,"column":8},"end":{"line":395,"column":24}},"95":{"start":{"line":396,"column":8},"end":{"line":396,"column":59}},"96":{"start":{"line":401,"column":8},"end":{"line":401,"column":62}},"97":{"start":{"line":402,"column":8},"end":{"line":402,"column":52}},"98":{"start":{"line":403,"column":8},"end":{"line":403,"column":25}},"99":{"start":{"line":404,"column":8},"end":{"line":404,"column":67}},"100":{"start":{"line":409,"column":8},"end":{"line":409,"column":56}},"101":{"start":{"line":410,"column":8},"end":{"line":410,"column":27}},"102":{"start":{"line":411,"column":8},"end":{"line":411,"column":65}},"103":{"start":{"line":415,"column":8},"end":{"line":415,"column":18638}},"104":{"start":{"line":416,"column":12},"end":{"line":416,"column":67}},"105":{"start":{"line":417,"column":12},"end":{"line":417,"column":40}},"106":{"start":{"line":418,"column":12},"end":{"line":418,"column":57}},"107":{"start":{"line":425,"column":8},"end":{"line":425,"column":66}},"108":{"start":{"line":426,"column":8},"end":{"line":426,"column":31}},"109":{"start":{"line":427,"column":8},"end":{"line":427,"column":19143}},"110":{"start":{"line":428,"column":12},"end":{"line":428,"column":19187}},"111":{"start":{"line":429,"column":16},"end":{"line":429,"column":102}},"112":{"start":{"line":430,"column":16},"end":{"line":430,"column":19355}},"113":{"start":{"line":431,"column":20},"end":{"line":431,"column":76}},"114":{"start":{"line":433,"column":16},"end":{"line":433,"column":89}},"115":{"start":{"line":446,"column":7},"end":{"line":446,"column":20023}},"116":{"start":{"line":447,"column":12},"end":{"line":447,"column":26}},"117":{"start":{"line":453,"column":8},"end":{"line":453,"column":20213}},"118":{"start":{"line":454,"column":12},"end":{"line":454,"column":20273}},"119":{"start":{"line":455,"column":16},"end":{"line":455,"column":30}},"120":{"start":{"line":456,"column":16},"end":{"line":456,"column":20357}},"121":{"start":{"line":457,"column":20},"end":{"line":457,"column":85}},"122":{"start":{"line":459,"column":20},"end":{"line":459,"column":38}},"123":{"start":{"line":461,"column":16},"end":{"line":461,"column":41}},"124":{"start":{"line":468,"column":8},"end":{"line":468,"column":107}},"125":{"start":{"line":469,"column":8},"end":{"line":469,"column":60}},"126":{"start":{"line":470,"column":8},"end":{"line":470,"column":70}},"127":{"start":{"line":471,"column":8},"end":{"line":471,"column":29}},"128":{"start":{"line":472,"column":8},"end":{"line":472,"column":49}},"129":{"start":{"line":475,"column":8},"end":{"line":475,"column":35}},"130":{"start":{"line":479,"column":8},"end":{"line":479,"column":81}},"131":{"start":{"line":480,"column":8},"end":{"line":480,"column":124}},"132":{"start":{"line":483,"column":8},"end":{"line":483,"column":21558}},"133":{"start":{"line":484,"column":12},"end":{"line":484,"column":64}},"134":{"start":{"line":488,"column":8},"end":{"line":488,"column":99}},"135":{"start":{"line":490,"column":8},"end":{"line":490,"column":21839}},"136":{"start":{"line":492,"column":12},"end":{"line":492,"column":38}},"137":{"start":{"line":493,"column":12},"end":{"line":493,"column":80}},"138":{"start":{"line":496,"column":12},"end":{"line":496,"column":22147}},"139":{"start":{"line":497,"column":16},"end":{"line":497,"column":91}},"140":{"start":{"line":500,"column":12},"end":{"line":500,"column":38}},"141":{"start":{"line":501,"column":12},"end":{"line":501,"column":75}},"142":{"start":{"line":502,"column":12},"end":{"line":502,"column":80}},"143":{"start":{"line":503,"column":12},"end":{"line":503,"column":81}},"144":{"start":{"line":505,"column":12},"end":{"line":505,"column":61}},"145":{"start":{"line":506,"column":12},"end":{"line":506,"column":78}},"146":{"start":{"line":510,"column":8},"end":{"line":510,"column":22822}},"147":{"start":{"line":511,"column":16},"end":{"line":511,"column":43}},"148":{"start":{"line":513,"column":8},"end":{"line":513,"column":22942}},"149":{"start":{"line":514,"column":12},"end":{"line":514,"column":63}},"150":{"start":{"line":518,"column":8},"end":{"line":518,"column":23148}},"151":{"start":{"line":519,"column":12},"end":{"line":519,"column":49}},"152":{"start":{"line":525,"column":8},"end":{"line":525,"column":29}},"153":{"start":{"line":526,"column":8},"end":{"line":526,"column":81}},"154":{"start":{"line":527,"column":8},"end":{"line":527,"column":124}},"155":{"start":{"line":528,"column":8},"end":{"line":528,"column":23686}},"156":{"start":{"line":529,"column":12},"end":{"line":529,"column":39}},"157":{"start":{"line":531,"column":8},"end":{"line":531,"column":59}},"158":{"start":{"line":532,"column":8},"end":{"line":532,"column":73}},"159":{"start":{"line":540,"column":8},"end":{"line":540,"column":24259}},"160":{"start":{"line":542,"column":12},"end":{"line":542,"column":33}},"161":{"start":{"line":544,"column":12},"end":{"line":544,"column":24517}},"162":{"start":{"line":545,"column":16},"end":{"line":545,"column":24576}},"163":{"start":{"line":546,"column":20},"end":{"line":546,"column":56}},"164":{"start":{"line":547,"column":20},"end":{"line":547,"column":51}},"165":{"start":{"line":552,"column":8},"end":{"line":552,"column":24927}},"166":{"start":{"line":553,"column":16},"end":{"line":553,"column":52}},"167":{"start":{"line":555,"column":8},"end":{"line":555,"column":42}},"168":{"start":{"line":560,"column":8},"end":{"line":560,"column":25165}},"169":{"start":{"line":561,"column":12},"end":{"line":561,"column":18}},"170":{"start":{"line":567,"column":8},"end":{"line":567,"column":52}},"171":{"start":{"line":568,"column":8},"end":{"line":568,"column":57}},"172":{"start":{"line":569,"column":8},"end":{"line":569,"column":59}},"173":{"start":{"line":571,"column":8},"end":{"line":571,"column":50}},"174":{"start":{"line":572,"column":8},"end":{"line":572,"column":53}},"175":{"start":{"line":574,"column":8},"end":{"line":574,"column":81}},"176":{"start":{"line":576,"column":8},"end":{"line":576,"column":25920}},"177":{"start":{"line":577,"column":12},"end":{"line":577,"column":90}},"178":{"start":{"line":579,"column":8},"end":{"line":579,"column":34}},"179":{"start":{"line":590,"column":8},"end":{"line":590,"column":43}},"180":{"start":{"line":593,"column":8},"end":{"line":593,"column":26683}},"181":{"start":{"line":594,"column":12},"end":{"line":594,"column":101}},"182":{"start":{"line":595,"column":12},"end":{"line":595,"column":53}},"183":{"start":{"line":596,"column":12},"end":{"line":596,"column":112}},"184":{"start":{"line":597,"column":12},"end":{"line":597,"column":94}},"185":{"start":{"line":598,"column":12},"end":{"line":598,"column":62}},"186":{"start":{"line":601,"column":12},"end":{"line":601,"column":34}},"187":{"start":{"line":602,"column":12},"end":{"line":602,"column":27294}},"188":{"start":{"line":603,"column":16},"end":{"line":603,"column":43}},"189":{"start":{"line":605,"column":16},"end":{"line":605,"column":142}},"190":{"start":{"line":608,"column":12},"end":{"line":608,"column":27594}},"191":{"start":{"line":609,"column":16},"end":{"line":609,"column":27632}},"192":{"start":{"line":611,"column":20},"end":{"line":611,"column":27790}},"193":{"start":{"line":613,"column":24},"end":{"line":613,"column":154}},"194":{"start":{"line":614,"column":24},"end":{"line":614,"column":48}},"195":{"start":{"line":617,"column":24},"end":{"line":617,"column":155}},"196":{"start":{"line":618,"column":24},"end":{"line":618,"column":49}},"197":{"start":{"line":620,"column":20},"end":{"line":620,"column":51}},"198":{"start":{"line":623,"column":16},"end":{"line":623,"column":28543}},"199":{"start":{"line":625,"column":20},"end":{"line":625,"column":157}},"200":{"start":{"line":626,"column":20},"end":{"line":626,"column":51}},"201":{"start":{"line":627,"column":20},"end":{"line":627,"column":51}},"202":{"start":{"line":631,"column":12},"end":{"line":631,"column":29116}},"203":{"start":{"line":633,"column":16},"end":{"line":633,"column":86}},"204":{"start":{"line":635,"column":16},"end":{"line":635,"column":103}},"205":{"start":{"line":639,"column":16},"end":{"line":639,"column":110}},"206":{"start":{"line":640,"column":16},"end":{"line":640,"column":90}},"207":{"start":{"line":641,"column":16},"end":{"line":641,"column":95}},"208":{"start":{"line":642,"column":16},"end":{"line":642,"column":87}},"209":{"start":{"line":643,"column":16},"end":{"line":643,"column":61}},"210":{"start":{"line":646,"column":16},"end":{"line":646,"column":30296}},"211":{"start":{"line":647,"column":20},"end":{"line":647,"column":80}},"212":{"start":{"line":648,"column":20},"end":{"line":648,"column":57}},"213":{"start":{"line":651,"column":16},"end":{"line":651,"column":99}},"214":{"start":{"line":652,"column":16},"end":{"line":652,"column":74}},"215":{"start":{"line":658,"column":8},"end":{"line":658,"column":58}},"216":{"start":{"line":663,"column":8},"end":{"line":663,"column":22}},"217":{"start":{"line":664,"column":8},"end":{"line":664,"column":30}},"218":{"start":{"line":665,"column":8},"end":{"line":665,"column":38}},"219":{"start":{"line":668,"column":8},"end":{"line":668,"column":31380}},"220":{"start":{"line":669,"column":12},"end":{"line":669,"column":75}},"221":{"start":{"line":670,"column":12},"end":{"line":670,"column":47}},"222":{"start":{"line":671,"column":12},"end":{"line":671,"column":64}},"223":{"start":{"line":672,"column":12},"end":{"line":672,"column":69}},"224":{"start":{"line":674,"column":12},"end":{"line":674,"column":92}},"225":{"start":{"line":678,"column":12},"end":{"line":678,"column":32110}},"226":{"start":{"line":679,"column":16},"end":{"line":679,"column":35}},"227":{"start":{"line":681,"column":19},"end":{"line":681,"column":32209}},"228":{"start":{"line":687,"column":8},"end":{"line":687,"column":32426}},"229":{"start":{"line":689,"column":12},"end":{"line":689,"column":53}},"230":{"start":{"line":690,"column":12},"end":{"line":690,"column":68}},"231":{"start":{"line":691,"column":12},"end":{"line":691,"column":38}},"232":{"start":{"line":692,"column":12},"end":{"line":692,"column":65}},"233":{"start":{"line":693,"column":12},"end":{"line":693,"column":67}},"234":{"start":{"line":699,"column":8},"end":{"line":699,"column":32940}},"235":{"start":{"line":701,"column":16},"end":{"line":701,"column":33009}},"236":{"start":{"line":703,"column":20},"end":{"line":703,"column":64}},"237":{"start":{"line":711,"column":8},"end":{"line":711,"column":49}},"238":{"start":{"line":712,"column":8},"end":{"line":712,"column":26}},"239":{"start":{"line":713,"column":8},"end":{"line":713,"column":60}},"240":{"start":{"line":714,"column":8},"end":{"line":714,"column":52}},"241":{"start":{"line":719,"column":8},"end":{"line":719,"column":33}},"242":{"start":{"line":720,"column":8},"end":{"line":720,"column":41}},"243":{"start":{"line":721,"column":8},"end":{"line":721,"column":43}}},"branchMap":{"1":{"line":170,"type":"if","locations":[{"start":{"line":170,"column":8},"end":{"line":170,"column":8}},{"start":{"line":170,"column":8},"end":{"line":170,"column":8}}]},"2":{"line":175,"type":"if","locations":[{"start":{"line":175,"column":8},"end":{"line":175,"column":8}},{"start":{"line":175,"column":8},"end":{"line":175,"column":8}}]},"3":{"line":181,"type":"if","locations":[{"start":{"line":181,"column":12},"end":{"line":181,"column":12}},{"start":{"line":181,"column":12},"end":{"line":181,"column":12}}]},"4":{"line":182,"type":"if","locations":[{"start":{"line":182,"column":16},"end":{"line":182,"column":16}},{"start":{"line":182,"column":16},"end":{"line":182,"column":16}}]},"5":{"line":189,"type":"if","locations":[{"start":{"line":189,"column":8},"end":{"line":189,"column":8}},{"start":{"line":189,"column":8},"end":{"line":189,"column":8}}]},"6":{"line":190,"type":"if","locations":[{"start":{"line":190,"column":12},"end":{"line":190,"column":12}},{"start":{"line":190,"column":12},"end":{"line":190,"column":12}}]},"7":{"line":194,"type":"if","locations":[{"start":{"line":194,"column":8},"end":{"line":194,"column":8}},{"start":{"line":194,"column":8},"end":{"line":194,"column":8}}]},"8":{"line":199,"type":"if","locations":[{"start":{"line":199,"column":8},"end":{"line":199,"column":8}},{"start":{"line":199,"column":8},"end":{"line":199,"column":8}}]},"9":{"line":233,"type":"if","locations":[{"start":{"line":233,"column":8},"end":{"line":233,"column":8}},{"start":{"line":233,"column":8},"end":{"line":233,"column":8}}]},"10":{"line":239,"type":"if","locations":[{"start":{"line":239,"column":8},"end":{"line":239,"column":8}},{"start":{"line":239,"column":8},"end":{"line":239,"column":8}}]},"11":{"line":248,"type":"if","locations":[{"start":{"line":248,"column":8},"end":{"line":248,"column":8}},{"start":{"line":248,"column":8},"end":{"line":248,"column":8}}]},"12":{"line":255,"type":"if","locations":[{"start":{"line":255,"column":8},"end":{"line":255,"column":8}},{"start":{"line":255,"column":8},"end":{"line":255,"column":8}}]},"13":{"line":261,"type":"if","locations":[{"start":{"line":261,"column":8},"end":{"line":261,"column":8}},{"start":{"line":261,"column":8},"end":{"line":261,"column":8}}]},"14":{"line":310,"type":"if","locations":[{"start":{"line":310,"column":8},"end":{"line":310,"column":8}},{"start":{"line":310,"column":8},"end":{"line":310,"column":8}}]},"15":{"line":323,"type":"if","locations":[{"start":{"line":323,"column":8},"end":{"line":323,"column":8}},{"start":{"line":323,"column":8},"end":{"line":323,"column":8}}]},"16":{"line":333,"type":"if","locations":[{"start":{"line":333,"column":8},"end":{"line":333,"column":8}},{"start":{"line":333,"column":8},"end":{"line":333,"column":8}}]},"17":{"line":345,"type":"if","locations":[{"start":{"line":345,"column":8},"end":{"line":345,"column":8}},{"start":{"line":345,"column":8},"end":{"line":345,"column":8}}]},"18":{"line":347,"type":"if","locations":[{"start":{"line":347,"column":8},"end":{"line":347,"column":8}},{"start":{"line":347,"column":8},"end":{"line":347,"column":8}}]},"19":{"line":359,"type":"if","locations":[{"start":{"line":359,"column":8},"end":{"line":359,"column":8}},{"start":{"line":359,"column":8},"end":{"line":359,"column":8}}]},"20":{"line":367,"type":"if","locations":[{"start":{"line":367,"column":8},"end":{"line":367,"column":8}},{"start":{"line":367,"column":8},"end":{"line":367,"column":8}}]},"21":{"line":377,"type":"if","locations":[{"start":{"line":377,"column":8},"end":{"line":377,"column":8}},{"start":{"line":377,"column":8},"end":{"line":377,"column":8}}]},"22":{"line":394,"type":"if","locations":[{"start":{"line":394,"column":8},"end":{"line":394,"column":8}},{"start":{"line":394,"column":8},"end":{"line":394,"column":8}}]},"23":{"line":401,"type":"if","locations":[{"start":{"line":401,"column":8},"end":{"line":401,"column":8}},{"start":{"line":401,"column":8},"end":{"line":401,"column":8}}]},"24":{"line":402,"type":"if","locations":[{"start":{"line":402,"column":8},"end":{"line":402,"column":8}},{"start":{"line":402,"column":8},"end":{"line":402,"column":8}}]},"25":{"line":409,"type":"if","locations":[{"start":{"line":409,"column":8},"end":{"line":409,"column":8}},{"start":{"line":409,"column":8},"end":{"line":409,"column":8}}]},"26":{"line":415,"type":"if","locations":[{"start":{"line":415,"column":8},"end":{"line":415,"column":8}},{"start":{"line":415,"column":8},"end":{"line":415,"column":8}}]},"27":{"line":425,"type":"if","locations":[{"start":{"line":425,"column":8},"end":{"line":425,"column":8}},{"start":{"line":425,"column":8},"end":{"line":425,"column":8}}]},"28":{"line":427,"type":"if","locations":[{"start":{"line":427,"column":8},"end":{"line":427,"column":8}},{"start":{"line":427,"column":8},"end":{"line":427,"column":8}}]},"29":{"line":430,"type":"if","locations":[{"start":{"line":430,"column":16},"end":{"line":430,"column":16}},{"start":{"line":430,"column":16},"end":{"line":430,"column":16}}]},"30":{"line":454,"type":"if","locations":[{"start":{"line":454,"column":12},"end":{"line":454,"column":12}},{"start":{"line":454,"column":12},"end":{"line":454,"column":12}}]},"31":{"line":456,"type":"if","locations":[{"start":{"line":456,"column":16},"end":{"line":456,"column":16}},{"start":{"line":456,"column":16},"end":{"line":456,"column":16}}]},"32":{"line":468,"type":"if","locations":[{"start":{"line":468,"column":8},"end":{"line":468,"column":8}},{"start":{"line":468,"column":8},"end":{"line":468,"column":8}}]},"33":{"line":469,"type":"if","locations":[{"start":{"line":469,"column":8},"end":{"line":469,"column":8}},{"start":{"line":469,"column":8},"end":{"line":469,"column":8}}]},"34":{"line":470,"type":"if","locations":[{"start":{"line":470,"column":8},"end":{"line":470,"column":8}},{"start":{"line":470,"column":8},"end":{"line":470,"column":8}}]},"35":{"line":480,"type":"if","locations":[{"start":{"line":480,"column":8},"end":{"line":480,"column":8}},{"start":{"line":480,"column":8},"end":{"line":480,"column":8}}]},"36":{"line":483,"type":"if","locations":[{"start":{"line":483,"column":8},"end":{"line":483,"column":8}},{"start":{"line":483,"column":8},"end":{"line":483,"column":8}}]},"37":{"line":490,"type":"if","locations":[{"start":{"line":490,"column":8},"end":{"line":490,"column":8}},{"start":{"line":490,"column":8},"end":{"line":490,"column":8}}]},"38":{"line":496,"type":"if","locations":[{"start":{"line":496,"column":12},"end":{"line":496,"column":12}},{"start":{"line":496,"column":12},"end":{"line":496,"column":12}}]},"39":{"line":510,"type":"if","locations":[{"start":{"line":510,"column":8},"end":{"line":510,"column":8}},{"start":{"line":510,"column":8},"end":{"line":510,"column":8}}]},"40":{"line":513,"type":"if","locations":[{"start":{"line":513,"column":8},"end":{"line":513,"column":8}},{"start":{"line":513,"column":8},"end":{"line":513,"column":8}}]},"41":{"line":518,"type":"if","locations":[{"start":{"line":518,"column":8},"end":{"line":518,"column":8}},{"start":{"line":518,"column":8},"end":{"line":518,"column":8}}]},"42":{"line":527,"type":"if","locations":[{"start":{"line":527,"column":8},"end":{"line":527,"column":8}},{"start":{"line":527,"column":8},"end":{"line":527,"column":8}}]},"43":{"line":528,"type":"if","locations":[{"start":{"line":528,"column":8},"end":{"line":528,"column":8}},{"start":{"line":528,"column":8},"end":{"line":528,"column":8}}]},"44":{"line":540,"type":"if","locations":[{"start":{"line":540,"column":8},"end":{"line":540,"column":8}},{"start":{"line":540,"column":8},"end":{"line":540,"column":8}}]},"45":{"line":544,"type":"if","locations":[{"start":{"line":544,"column":12},"end":{"line":544,"column":12}},{"start":{"line":544,"column":12},"end":{"line":544,"column":12}}]},"46":{"line":545,"type":"if","locations":[{"start":{"line":545,"column":16},"end":{"line":545,"column":16}},{"start":{"line":545,"column":16},"end":{"line":545,"column":16}}]},"47":{"line":552,"type":"if","locations":[{"start":{"line":552,"column":8},"end":{"line":552,"column":8}},{"start":{"line":552,"column":8},"end":{"line":552,"column":8}}]},"48":{"line":567,"type":"if","locations":[{"start":{"line":567,"column":8},"end":{"line":567,"column":8}},{"start":{"line":567,"column":8},"end":{"line":567,"column":8}}]},"49":{"line":568,"type":"if","locations":[{"start":{"line":568,"column":8},"end":{"line":568,"column":8}},{"start":{"line":568,"column":8},"end":{"line":568,"column":8}}]},"50":{"line":569,"type":"if","locations":[{"start":{"line":569,"column":8},"end":{"line":569,"column":8}},{"start":{"line":569,"column":8},"end":{"line":569,"column":8}}]},"51":{"line":593,"type":"if","locations":[{"start":{"line":593,"column":8},"end":{"line":593,"column":8}},{"start":{"line":593,"column":8},"end":{"line":593,"column":8}}]},"52":{"line":602,"type":"if","locations":[{"start":{"line":602,"column":12},"end":{"line":602,"column":12}},{"start":{"line":602,"column":12},"end":{"line":602,"column":12}}]},"53":{"line":608,"type":"if","locations":[{"start":{"line":608,"column":12},"end":{"line":608,"column":12}},{"start":{"line":608,"column":12},"end":{"line":608,"column":12}}]},"54":{"line":609,"type":"if","locations":[{"start":{"line":609,"column":16},"end":{"line":609,"column":16}},{"start":{"line":609,"column":16},"end":{"line":609,"column":16}}]},"55":{"line":611,"type":"if","locations":[{"start":{"line":611,"column":20},"end":{"line":611,"column":20}},{"start":{"line":611,"column":20},"end":{"line":611,"column":20}}]},"56":{"line":623,"type":"if","locations":[{"start":{"line":623,"column":16},"end":{"line":623,"column":16}},{"start":{"line":623,"column":16},"end":{"line":623,"column":16}}]},"57":{"line":631,"type":"if","locations":[{"start":{"line":631,"column":12},"end":{"line":631,"column":12}},{"start":{"line":631,"column":12},"end":{"line":631,"column":12}}]},"58":{"line":646,"type":"if","locations":[{"start":{"line":646,"column":16},"end":{"line":646,"column":16}},{"start":{"line":646,"column":16},"end":{"line":646,"column":16}}]},"59":{"line":678,"type":"if","locations":[{"start":{"line":678,"column":12},"end":{"line":678,"column":12}},{"start":{"line":678,"column":12},"end":{"line":678,"column":12}}]},"60":{"line":681,"type":"if","locations":[{"start":{"line":681,"column":19},"end":{"line":681,"column":19}},{"start":{"line":681,"column":19},"end":{"line":681,"column":19}}]},"61":{"line":687,"type":"if","locations":[{"start":{"line":687,"column":8},"end":{"line":687,"column":8}},{"start":{"line":687,"column":8},"end":{"line":687,"column":8}}]},"62":{"line":701,"type":"if","locations":[{"start":{"line":701,"column":16},"end":{"line":701,"column":16}},{"start":{"line":701,"column":16},"end":{"line":701,"column":16}}]}}},"contracts/mockups/redeploys/RCOracleProxyMainnetV2.sol":{"l":{"23":0,"24":0,"25":0,"26":0,"33":0,"37":0,"41":0,"45":0,"49":0,"55":0,"56":0,"58":0,"59":0,"61":0,"62":0,"69":0,"70":0,"73":0,"74":0,"75":0,"76":0,"77":0,"80":0},"path":"/Users/mcplums/Repos/RC_Contracts/contracts/mockups/redeploys/RCOracleProxyMainnetV2.sol","s":{"1":0,"2":0,"3":0,"4":0,"5":0,"6":0,"7":0,"8":0,"9":0,"10":0,"11":0,"12":0,"13":0,"14":0,"15":0,"16":0,"17":0,"18":0,"19":0,"20":0,"21":0,"22":0,"23":0},"b":{"1":[0,0],"2":[0,0],"3":[0,0]},"f":{"1":0,"2":0,"3":0,"4":0,"5":0,"6":0,"7":0,"8":0},"fnMap":{"1":{"name":"constructor","line":22,"loc":{"start":{"line":22,"column":4},"end":{"line":27,"column":4}}},"2":{"name":"setProxyXdaiAddress","line":32,"loc":{"start":{"line":32,"column":4},"end":{"line":34,"column":4}}},"3":{"name":"setBridgeXdaiAddress","line":36,"loc":{"start":{"line":36,"column":4},"end":{"line":38,"column":4}}},"4":{"name":"setRealitioAddress","line":40,"loc":{"start":{"line":40,"column":4},"end":{"line":42,"column":4}}},"5":{"name":"setArbitrator","line":44,"loc":{"start":{"line":44,"column":4},"end":{"line":46,"column":4}}},"6":{"name":"setTimeout","line":48,"loc":{"start":{"line":48,"column":4},"end":{"line":50,"column":4}}},"7":{"name":"postQuestionToOracle","line":54,"loc":{"start":{"line":54,"column":4},"end":{"line":63,"column":4}}},"8":{"name":"getWinnerFromOracle","line":68,"loc":{"start":{"line":68,"column":4},"end":{"line":81,"column":4}}}},"statementMap":{"1":{"start":{"line":23,"column":8},"end":{"line":23,"column":50}},"2":{"start":{"line":24,"column":8},"end":{"line":24,"column":43}},"3":{"start":{"line":25,"column":8},"end":{"line":25,"column":64}},"4":{"start":{"line":26,"column":8},"end":{"line":26,"column":24}},"5":{"start":{"line":33,"column":8},"end":{"line":33,"column":43}},"6":{"start":{"line":37,"column":8},"end":{"line":37,"column":44}},"7":{"start":{"line":41,"column":8},"end":{"line":41,"column":40}},"8":{"start":{"line":45,"column":8},"end":{"line":45,"column":31}},"9":{"start":{"line":49,"column":8},"end":{"line":49,"column":28}},"10":{"start":{"line":55,"column":8},"end":{"line":55,"column":59}},"11":{"start":{"line":56,"column":8},"end":{"line":56,"column":77}},"12":{"start":{"line":58,"column":8},"end":{"line":58,"column":32}},"13":{"start":{"line":59,"column":8},"end":{"line":59,"column":26}},"14":{"start":{"line":61,"column":8},"end":{"line":61,"column":127}},"15":{"start":{"line":62,"column":8},"end":{"line":62,"column":48}},"16":{"start":{"line":69,"column":8},"end":{"line":69,"column":57}},"17":{"start":{"line":70,"column":8},"end":{"line":70,"column":61}},"18":{"start":{"line":73,"column":8},"end":{"line":73,"column":2603}},"19":{"start":{"line":74,"column":12},"end":{"line":74,"column":55}},"20":{"start":{"line":75,"column":12},"end":{"line":75,"column":80}},"21":{"start":{"line":76,"column":12},"end":{"line":76,"column":104}},"22":{"start":{"line":77,"column":12},"end":{"line":77,"column":74}},"23":{"start":{"line":80,"column":8},"end":{"line":80,"column":27}}},"branchMap":{"1":{"line":55,"type":"if","locations":[{"start":{"line":55,"column":8},"end":{"line":55,"column":8}},{"start":{"line":55,"column":8},"end":{"line":55,"column":8}}]},"2":{"line":56,"type":"if","locations":[{"start":{"line":56,"column":8},"end":{"line":56,"column":8}},{"start":{"line":56,"column":8},"end":{"line":56,"column":8}}]},"3":{"line":73,"type":"if","locations":[{"start":{"line":73,"column":8},"end":{"line":73,"column":8}},{"start":{"line":73,"column":8},"end":{"line":73,"column":8}}]}}},"contracts/mockups/redeploys/RCOracleProxyXdaiV2.sol":{"l":{"23":0,"24":0,"31":0,"35":0,"39":0,"44":0,"45":0,"46":0,"52":0,"53":0,"54":0,"55":0,"61":0,"62":0,"63":0,"64":0,"70":0,"74":0,"75":0},"path":"/Users/mcplums/Repos/RC_Contracts/contracts/mockups/redeploys/RCOracleProxyXdaiV2.sol","s":{"1":0,"2":0,"3":0,"4":0,"5":0,"6":0,"7":0,"8":0,"9":0,"10":0,"11":0,"12":0,"13":0,"14":0,"15":0,"16":0,"17":0,"18":0,"19":0},"b":{"1":[0,0],"2":[0,0],"3":[0,0],"4":[0,0],"5":[0,0]},"f":{"1":0,"2":0,"3":0,"4":0,"5":0,"6":0,"7":0,"8":0,"9":0},"fnMap":{"1":{"name":"constructor","line":22,"loc":{"start":{"line":22,"column":4},"end":{"line":25,"column":4}}},"2":{"name":"setProxyMainnetAddress","line":30,"loc":{"start":{"line":30,"column":4},"end":{"line":32,"column":4}}},"3":{"name":"setBridgeXdaiAddress","line":34,"loc":{"start":{"line":34,"column":4},"end":{"line":36,"column":4}}},"4":{"name":"setFactoryAddress","line":38,"loc":{"start":{"line":38,"column":4},"end":{"line":40,"column":4}}},"5":{"name":"addMarket","line":43,"loc":{"start":{"line":43,"column":4},"end":{"line":47,"column":4}}},"6":{"name":"sendQuestionToBridge","line":51,"loc":{"start":{"line":51,"column":4},"end":{"line":56,"column":4}}},"7":{"name":"setWinner","line":60,"loc":{"start":{"line":60,"column":4},"end":{"line":65,"column":4}}},"8":{"name":"isFinalized","line":69,"loc":{"start":{"line":69,"column":4},"end":{"line":71,"column":4}}},"9":{"name":"getWinner","line":73,"loc":{"start":{"line":73,"column":4},"end":{"line":76,"column":4}}}},"statementMap":{"1":{"start":{"line":23,"column":8},"end":{"line":23,"column":47}},"2":{"start":{"line":24,"column":8},"end":{"line":24,"column":41}},"3":{"start":{"line":31,"column":8},"end":{"line":31,"column":46}},"4":{"start":{"line":35,"column":8},"end":{"line":35,"column":44}},"5":{"start":{"line":39,"column":8},"end":{"line":39,"column":35}},"6":{"start":{"line":44,"column":8},"end":{"line":44,"column":59}},"7":{"start":{"line":45,"column":8},"end":{"line":45,"column":34}},"8":{"start":{"line":46,"column":8},"end":{"line":46,"column":19}},"9":{"start":{"line":52,"column":8},"end":{"line":52,"column":59}},"10":{"start":{"line":53,"column":8},"end":{"line":53,"column":90}},"11":{"start":{"line":54,"column":8},"end":{"line":54,"column":117}},"12":{"start":{"line":55,"column":8},"end":{"line":55,"column":73}},"13":{"start":{"line":61,"column":8},"end":{"line":61,"column":59}},"14":{"start":{"line":62,"column":8},"end":{"line":62,"column":80}},"15":{"start":{"line":63,"column":8},"end":{"line":63,"column":45}},"16":{"start":{"line":64,"column":8},"end":{"line":64,"column":61}},"17":{"start":{"line":70,"column":8},"end":{"line":70,"column":47}},"18":{"start":{"line":74,"column":8},"end":{"line":74,"column":64}},"19":{"start":{"line":75,"column":8},"end":{"line":75,"column":45}}},"branchMap":{"1":{"line":44,"type":"if","locations":[{"start":{"line":44,"column":8},"end":{"line":44,"column":8}},{"start":{"line":44,"column":8},"end":{"line":44,"column":8}}]},"2":{"line":52,"type":"if","locations":[{"start":{"line":52,"column":8},"end":{"line":52,"column":8}},{"start":{"line":52,"column":8},"end":{"line":52,"column":8}}]},"3":{"line":61,"type":"if","locations":[{"start":{"line":61,"column":8},"end":{"line":61,"column":8}},{"start":{"line":61,"column":8},"end":{"line":61,"column":8}}]},"4":{"line":62,"type":"if","locations":[{"start":{"line":62,"column":8},"end":{"line":62,"column":8}},{"start":{"line":62,"column":8},"end":{"line":62,"column":8}}]},"5":{"line":74,"type":"if","locations":[{"start":{"line":74,"column":8},"end":{"line":74,"column":8}},{"start":{"line":74,"column":8},"end":{"line":74,"column":8}}]}}},"contracts/mockups/redeploys/RealitioMockupV2.sol":{"l":{"15":0,"16":0,"18":0,"23":0,"24":0,"25":0,"26":0,"27":0,"33":0,"34":0,"35":0,"40":0,"41":0,"42":0,"44":0,"50":0,"51":0,"53":0},"path":"/Users/mcplums/Repos/RC_Contracts/contracts/mockups/redeploys/RealitioMockupV2.sol","s":{"1":0,"2":0,"3":0,"4":0,"5":0,"6":0,"7":0,"8":0,"9":0,"10":0,"11":0,"12":0,"13":0,"14":0,"15":0,"16":0,"17":0,"18":0},"b":{"1":[0,0],"2":[0,0],"3":[0,0],"4":[0,0],"5":[0,0],"6":[0,0]},"f":{"1":0,"2":0,"3":0,"4":0,"5":0},"fnMap":{"1":{"name":"setResult","line":13,"loc":{"start":{"line":13,"column":4},"end":{"line":20,"column":4}}},"2":{"name":"askQuestion","line":22,"loc":{"start":{"line":22,"column":4},"end":{"line":28,"column":4}}},"3":{"name":"resultFor","line":32,"loc":{"start":{"line":32,"column":4},"end":{"line":36,"column":4}}},"4":{"name":"isFinalized","line":38,"loc":{"start":{"line":38,"column":4},"end":{"line":46,"column":4}}},"5":{"name":"getContentHash","line":48,"loc":{"start":{"line":48,"column":4},"end":{"line":55,"column":4}}}},"statementMap":{"1":{"start":{"line":15,"column":8},"end":{"line":15,"column":363}},"2":{"start":{"line":16,"column":12},"end":{"line":16,"column":32}},"3":{"start":{"line":18,"column":12},"end":{"line":18,"column":27}},"4":{"start":{"line":23,"column":8},"end":{"line":23,"column":93}},"5":{"start":{"line":24,"column":8},"end":{"line":24,"column":111}},"6":{"start":{"line":25,"column":8},"end":{"line":25,"column":39}},"7":{"start":{"line":26,"column":8},"end":{"line":26,"column":37}},"8":{"start":{"line":27,"column":8},"end":{"line":27,"column":26}},"9":{"start":{"line":33,"column":8},"end":{"line":33,"column":29}},"10":{"start":{"line":34,"column":8},"end":{"line":34,"column":47}},"11":{"start":{"line":35,"column":8},"end":{"line":35,"column":32}},"12":{"start":{"line":40,"column":8},"end":{"line":40,"column":55}},"13":{"start":{"line":41,"column":8},"end":{"line":41,"column":1414}},"14":{"start":{"line":42,"column":12},"end":{"line":42,"column":24}},"15":{"start":{"line":44,"column":12},"end":{"line":44,"column":23}},"16":{"start":{"line":50,"column":8},"end":{"line":50,"column":1653}},"17":{"start":{"line":51,"column":12},"end":{"line":51,"column":36}},"18":{"start":{"line":53,"column":12},"end":{"line":53,"column":20}}},"branchMap":{"1":{"line":15,"type":"if","locations":[{"start":{"line":15,"column":8},"end":{"line":15,"column":8}},{"start":{"line":15,"column":8},"end":{"line":15,"column":8}}]},"2":{"line":33,"type":"if","locations":[{"start":{"line":33,"column":8},"end":{"line":33,"column":8}},{"start":{"line":33,"column":8},"end":{"line":33,"column":8}}]},"3":{"line":34,"type":"if","locations":[{"start":{"line":34,"column":8},"end":{"line":34,"column":8}},{"start":{"line":34,"column":8},"end":{"line":34,"column":8}}]},"4":{"line":40,"type":"if","locations":[{"start":{"line":40,"column":8},"end":{"line":40,"column":8}},{"start":{"line":40,"column":8},"end":{"line":40,"column":8}}]}
[...]
ne":497,"column":12},"end":{"line":497,"column":12}}]},"40":{"line":511,"type":"if","locations":[{"start":{"line":511,"column":8},"end":{"line":511,"column":8}},{"start":{"line":511,"column":8},"end":{"line":511,"column":8}}]},"41":{"line":514,"type":"if","locations":[{"start":{"line":514,"column":8},"end":{"line":514,"column":8}},{"start":{"line":514,"column":8},"end":{"line":514,"column":8}}]},"42":{"line":519,"type":"if","locations":[{"start":{"line":519,"column":8},"end":{"line":519,"column":8}},{"start":{"line":519,"column":8},"end":{"line":519,"column":8}}]},"43":{"line":528,"type":"if","locations":[{"start":{"line":528,"column":8},"end":{"line":528,"column":8}},{"start":{"line":528,"column":8},"end":{"line":528,"column":8}}]},"44":{"line":529,"type":"if","locations":[{"start":{"line":529,"column":8},"end":{"line":529,"column":8}},{"start":{"line":529,"column":8},"end":{"line":529,"column":8}}]},"45":{"line":541,"type":"if","locations":[{"start":{"line":541,"column":8},"end":{"line":541,"column":8}},{"start":{"line":541,"column":8},"end":{"line":541,"column":8}}]},"46":{"line":545,"type":"if","locations":[{"start":{"line":545,"column":12},"end":{"line":545,"column":12}},{"start":{"line":545,"column":12},"end":{"line":545,"column":12}}]},"47":{"line":546,"type":"if","locations":[{"start":{"line":546,"column":16},"end":{"line":546,"column":16}},{"start":{"line":546,"column":16},"end":{"line":546,"column":16}}]},"48":{"line":553,"type":"if","locations":[{"start":{"line":553,"column":8},"end":{"line":553,"column":8}},{"start":{"line":553,"column":8},"end":{"line":553,"column":8}}]},"49":{"line":568,"type":"if","locations":[{"start":{"line":568,"column":8},"end":{"line":568,"column":8}},{"start":{"line":568,"column":8},"end":{"line":568,"column":8}}]},"50":{"line":569,"type":"if","locations":[{"start":{"line":569,"column":8},"end":{"line":569,"column":8}},{"start":{"line":569,"column":8},"end":{"line":569,"column":8}}]},"51":{"line":570,"type":"if","locations":[{"start":{"line":570,"column":8},"end":{"line":570,"column":8}},{"start":{"line":570,"column":8},"end":{"line":570,"column":8}}]},"52":{"line":594,"type":"if","locations":[{"start":{"line":594,"column":8},"end":{"line":594,"column":8}},{"start":{"line":594,"column":8},"end":{"line":594,"column":8}}]},"53":{"line":603,"type":"if","locations":[{"start":{"line":603,"column":12},"end":{"line":603,"column":12}},{"start":{"line":603,"column":12},"end":{"line":603,"column":12}}]},"54":{"line":609,"type":"if","locations":[{"start":{"line":609,"column":12},"end":{"line":609,"column":12}},{"start":{"line":609,"column":12},"end":{"line":609,"column":12}}]},"55":{"line":610,"type":"if","locations":[{"start":{"line":610,"column":16},"end":{"line":610,"column":16}},{"start":{"line":610,"column":16},"end":{"line":610,"column":16}}]},"56":{"line":612,"type":"if","locations":[{"start":{"line":612,"column":20},"end":{"line":612,"column":20}},{"start":{"line":612,"column":20},"end":{"line":612,"column":20}}]},"57":{"line":624,"type":"if","locations":[{"start":{"line":624,"column":16},"end":{"line":624,"column":16}},{"start":{"line":624,"column":16},"end":{"line":624,"column":16}}]},"58":{"line":632,"type":"if","locations":[{"start":{"line":632,"column":12},"end":{"line":632,"column":12}},{"start":{"line":632,"column":12},"end":{"line":632,"column":12}}]},"59":{"line":647,"type":"if","locations":[{"start":{"line":647,"column":16},"end":{"line":647,"column":16}},{"start":{"line":647,"column":16},"end":{"line":647,"column":16}}]},"60":{"line":679,"type":"if","locations":[{"start":{"line":679,"column":12},"end":{"line":679,"column":12}},{"start":{"line":679,"column":12},"end":{"line":679,"column":12}}]},"61":{"line":682,"type":"if","locations":[{"start":{"line":682,"column":19},"end":{"line":682,"column":19}},{"start":{"line":682,"column":19},"end":{"line":682,"column":19}}]},"62":{"line":688,"type":"if","locations":[{"start":{"line":688,"column":8},"end":{"line":688,"column":8}},{"start":{"line":688,"column":8},"end":{"line":688,"column":8}}]},"63":{"line":701,"type":"if","locations":[{"start":{"line":701,"column":12},"end":{"line":701,"column":12}},{"start":{"line":701,"column":12},"end":{"line":701,"column":12}}]},"64":{"line":731,"type":"if","locations":[{"start":{"line":731,"column":8},"end":{"line":731,"column":8}},{"start":{"line":731,"column":8},"end":{"line":731,"column":8}}]}}},"contracts/RCNftHub.sol":{"l":{"31":10,"40":11,"41":11,"42":11,"51":10,"60":220,"61":220,"62":220,"63":220,"64":220,"69":21,"70":21,"71":21,"80":0,"81":0,"82":0,"83":0,"87":0,"88":0,"89":0,"90":0,"91":0},"path":"/Users/mcplums/Repos/RC_Contracts/contracts/RCNftHub.sol","s":{"1":10,"2":11,"3":11,"4":11,"5":10,"6":220,"7":220,"8":220,"9":220,"10":220,"11":21,"12":21,"13":21,"14":0,"15":0,"16":0,"17":0,"18":0,"19":0,"20":0,"21":0},"b":{"1":[11,0],"2":[220,0],"3":[21,0],"4":[0,0],"5":[0,0],"6":[0,0],"7":[0,0]},"f":{"1":10,"2":11,"3":10,"4":220,"5":21,"6":0,"7":0},"fnMap":{"1":{"name":"constructor","line":30,"loc":{"start":{"line":30,"column":4},"end":{"line":32,"column":4}}},"2":{"name":"addMarket","line":39,"loc":{"start":{"line":39,"column":4},"end":{"line":43,"column":4}}},"3":{"name":"setFactoryAddress","line":50,"loc":{"start":{"line":50,"column":4},"end":{"line":52,"column":4}}},"4":{"name":"mintNft","line":59,"loc":{"start":{"line":59,"column":4},"end":{"line":65,"column":4}}},"5":{"name":"transferNft","line":68,"loc":{"start":{"line":68,"column":4},"end":{"line":72,"column":4}}},"6":{"name":"transferFrom","line":79,"loc":{"start":{"line":79,"column":4},"end":{"line":84,"column":4}}},"7":{"name":"safeTransferFrom","line":86,"loc":{"start":{"line":86,"column":4},"end":{"line":92,"column":4}}}},"statementMap":{"1":{"start":{"line":31,"column":8},"end":{"line":31,"column":41}},"2":{"start":{"line":40,"column":8},"end":{"line":40,"column":59}},"3":{"start":{"line":41,"column":8},"end":{"line":41,"column":34}},"4":{"start":{"line":42,"column":8},"end":{"line":42,"column":19}},"5":{"start":{"line":51,"column":8},"end":{"line":51,"column":35}},"6":{"start":{"line":60,"column":8},"end":{"line":60,"column":59}},"7":{"start":{"line":61,"column":8},"end":{"line":61,"column":38}},"8":{"start":{"line":62,"column":8},"end":{"line":62,"column":40}},"9":{"start":{"line":63,"column":8},"end":{"line":63,"column":47}},"10":{"start":{"line":64,"column":8},"end":{"line":64,"column":19}},"11":{"start":{"line":69,"column":8},"end":{"line":69,"column":50}},"12":{"start":{"line":70,"column":8},"end":{"line":70,"column":56}},"13":{"start":{"line":71,"column":8},"end":{"line":71,"column":19}},"14":{"start":{"line":80,"column":8},"end":{"line":80,"column":60}},"15":{"start":{"line":81,"column":8},"end":{"line":81,"column":54}},"16":{"start":{"line":82,"column":8},"end":{"line":82,"column":59}},"17":{"start":{"line":83,"column":8},"end":{"line":83,"column":39}},"18":{"start":{"line":87,"column":8},"end":{"line":87,"column":60}},"19":{"start":{"line":88,"column":8},"end":{"line":88,"column":54}},"20":{"start":{"line":89,"column":8},"end":{"line":89,"column":59}},"21":{"start":{"line":90,"column":8},"end":{"line":90,"column":39}}},"branchMap":{"1":{"line":40,"type":"if","locations":[{"start":{"line":40,"column":8},"end":{"line":40,"column":8}},{"start":{"line":40,"column":8},"end":{"line":40,"column":8}}]},"2":{"line":60,"type":"if","locations":[{"start":{"line":60,"column":8},"end":{"line":60,"column":8}},{"start":{"line":60,"column":8},"end":{"line":60,"column":8}}]},"3":{"line":69,"type":"if","locations":[{"start":{"line":69,"column":8},"end":{"line":69,"column":8}},{"start":{"line":69,"column":8},"end":{"line":69,"column":8}}]},"4":{"line":81,"type":"if","locations":[{"start":{"line":81,"column":8},"end":{"line":81,"column":8}},{"start":{"line":81,"column":8},"end":{"line":81,"column":8}}]},"5":{"line":82,"type":"if","locations":[{"start":{"line":82,"column":8},"end":{"line":82,"column":8}},{"start":{"line":82,"column":8},"end":{"line":82,"column":8}}]},"6":{"line":88,"type":"if","locations":[{"start":{"line":88,"column":8},"end":{"line":88,"column":8}},{"start":{"line":88,"column":8},"end":{"line":88,"column":8}}]},"7":{"line":89,"type":"if","locations":[{"start":{"line":89,"column":8},"end":{"line":89,"column":8}},{"start":{"line":89,"column":8},"end":{"line":89,"column":8}}]}}},"contracts/RCTreasury.sol":{"l":{"63":10,"71":58,"72":56,"76":35,"77":35,"86":11,"87":11,"88":11,"98":0,"103":0,"108":0,"113":0,"118":0,"130":10,"131":10,"135":0,"136":0,"146":13,"147":13,"148":13,"149":13,"150":13,"151":13,"152":13,"157":10,"158":8,"159":7,"161":8,"162":8,"163":8,"164":8,"165":8,"166":8,"167":8,"179":15,"180":15,"181":15,"182":15,"185":15,"186":5,"187":5,"191":15,"192":15,"193":15,"198":0,"199":0,"200":0,"201":0,"202":0,"203":0,"210":20,"212":20,"213":20,"215":10,"218":5,"219":5,"222":5,"225":0,"228":20,"229":20,"230":20,"231":20,"236":0,"237":0,"238":0,"239":0,"240":0,"245":0,"246":0,"247":0,"252":0},"path":"/Users/mcplums/Repos/RC_Contracts/contracts/RCTreasury.sol","s":{"1":10,"2":56,"3":35,"4":11,"5":11,"6":11,"7":0,"8":0,"9":0,"10":0,"11":0,"12":10,"13":10,"14":0,"15":0,"16":13,"17":13,"18":13,"19":13,"20":13,"21":13,"22":13,"23":10,"24":8,"25":7,"26":8,"27":8,"28":8,"29":8,"30":8,"31":8,"32":8,"33":15,"34":15,"35":15,"36":15,"37":15,"38":5,"39":5,"40":15,"41":15,"42":15,"43":0,"44":0,"45":0,"46":0,"47":0,"48":0,"49":20,"50":20,"51":20,"52":10,"53":10,"54":5,"55":5,"56":5,"57":0,"58":20,"59":20,"60":20,"61":20,"62":0,"63":0,"64":0,"65":0,"66":0,"67":0,"68":0,"69":0,"70":0},"b":{"1":[35,0],"2":[11,0],"3":[10,0],"4":[0,0],"5":[13,0],"6":[13,0],"7":[13,0],"8":[8,2],"9":[7,1],"10":[8,0],"11":[15,0],"12":[15,0],"13":[15,0],"14":[5,10],"15":[0,0],"16":[20,0],"17":[10,10],"18":[5,5]},"f":{"1":10,"2":58,"3":35,"4":11,"5":0,"6":0,"7":0,"8":0,"9":0,"10":10,"11":0,"12":13,"13":10,"14":15,"15":0,"16":20,"17":0,"18":0,"19":0},"fnMap":{"1":{"name":"constructor","line":61,"loc":{"start":{"line":61,"column":4},"end":{"line":64,"column":4}}},"2":{"name":"balancedBooks","line":70,"loc":{"start":{"line":70,"column":4},"end":{"line":73,"column":4}}},"3":{"name":"onlyMarkets","line":75,"loc":{"start":{"line":75,"column":4},"end":{"line":78,"column":4}}},"4":{"name":"addMarket","line":85,"loc":{"start":{"line":85,"column":4},"end":{"line":89,"column":4}}},"5":{"name":"setMinRental","line":97,"loc":{"start":{"line":97,"column":4},"end":{"line":99,"column":4}}},"6":{"name":"setHotPotatoPayment","line":102,"loc":{"start":{"line":102,"column":4},"end":{"line":104,"column":4}}},"7":{"name":"setMaxContractBalance","line":107,"loc":{"start":{"line":107,"column":4},"end":{"line":109,"column":4}}},"8":{"name":"setGlobalPause","line":112,"loc":{"start":{"line":112,"column":4},"end":{"line":114,"column":4}}},"9":{"name":"setPauseMarket","line":117,"loc":{"start":{"line":117,"column":4},"end":{"line":119,"column":4}}},"10":{"name":"setFactoryAddress","line":129,"loc":{"start":{"line":129,"column":4},"end":{"line":132,"column":4}}},"11":{"name":"changeUberOwner","line":134,"loc":{"start":{"line":134,"column":4},"end":{"line":137,"column":4}}},"12":{"name":"deposit","line":145,"loc":{"start":{"line":145,"column":4},"end":{"line":153,"column":4}}},"13":{"name":"withdrawDeposit","line":156,"loc":{"start":{"line":156,"column":4},"end":{"line":168,"column":4}}},"14":{"name":"allocateCardSpecificDeposit","line":178,"loc":{"start":{"line":178,"column":4},"end":{"line":194,"column":4}}},"15":{"name":"payCurrentOwner","line":197,"loc":{"start":{"line":197,"column":4},"end":{"line":204,"column":4}}},"16":{"name":"payRent","line":209,"loc":{"start":{"line":209,"column":4},"end":{"line":232,"column":4}}},"17":{"name":"payout","line":235,"loc":{"start":{"line":235,"column":4},"end":{"line":241,"column":4}}},"18":{"name":"sponsor","line":244,"loc":{"start":{"line":244,"column":4},"end":{"line":248,"column":4}}},"19":{"name":"","line":251,"loc":{"start":{"line":251,"column":4},"end":{"line":253,"column":4}}}},"statementMap":{"1":{"start":{"line":63,"column":8},"end":{"line":63,"column":29}},"2":{"start":{"line":72,"column":8},"end":{"line":72,"column":71}},"3":{"start":{"line":76,"column":8},"end":{"line":76,"column":54}},"4":{"start":{"line":86,"column":8},"end":{"line":86,"column":59}},"5":{"start":{"line":87,"column":8},"end":{"line":87,"column":34}},"6":{"start":{"line":88,"column":8},"end":{"line":88,"column":19}},"7":{"start":{"line":98,"column":8},"end":{"line":98,"column":37}},"8":{"start":{"line":103,"column":8},"end":{"line":103,"column":37}},"9":{"start":{"line":108,"column":8},"end":{"line":108,"column":44}},"10":{"start":{"line":113,"column":8},"end":{"line":113,"column":47}},"11":{"start":{"line":118,"column":8},"end":{"line":118,"column":67}},"12":{"start":{"line":130,"column":8},"end":{"line":130,"column":51}},"13":{"start":{"line":131,"column":8},"end":{"line":131,"column":35}},"14":{"start":{"line":135,"column":8},"end":{"line":135,"column":51}},"15":{"start":{"line":136,"column":8},"end":{"line":136,"column":32}},"16":{"start":{"line":146,"column":8},"end":{"line":146,"column":53}},"17":{"start":{"line":147,"column":8},"end":{"line":147,"column":55}},"18":{"start":{"line":148,"column":8},"end":{"line":148,"column":72}},"19":{"start":{"line":149,"column":8},"end":{"line":149,"column":55}},"20":{"start":{"line":150,"column":8},"end":{"line":150,"column":51}},"21":{"start":{"line":151,"column":8},"end":{"line":151,"column":50}},"22":{"start":{"line":152,"column":8},"end":{"line":152,"column":19}},"23":{"start":{"line":157,"column":8},"end":{"line":157,"column":63}},"24":{"start":{"line":158,"column":8},"end":{"line":158,"column":6326}},"25":{"start":{"line":159,"column":12},"end":{"line":159,"column":38}},"26":{"start":{"line":161,"column":8},"end":{"line":161,"column":60}},"27":{"start":{"line":162,"column":8},"end":{"line":162,"column":46}},"28":{"start":{"line":163,"column":8},"end":{"line":163,"column":51}},"29":{"start":{"line":164,"column":8},"end":{"line":164,"column":77}},"30":{"start":{"line":165,"column":8},"end":{"line":165,"column":59}},"31":{"start":{"line":166,"column":8},"end":{"line":166,"column":43}},"32":{"start":{"line":167,"column":8},"end":{"line":167,"column":51}},"33":{"start":{"line":179,"column":8},"end":{"line":179,"column":52}},"34":{"start":{"line":180,"column":8},"end":{"line":180,"column":65}},"35":{"start":{"line":181,"column":8},"end":{"line":181,"column":68}},"36":{"start":{"line":182,"column":8},"end":{"line":182,"column":81}},"37":{"start":{"line":185,"column":8},"end":{"line":185,"column":7773}},"38":{"start":{"line":186,"column":12},"end":{"line":186,"column":123}},"39":{"start":{"line":187,"column":12},"end":{"line":187,"column":72}},"40":{"start":{"line":191,"column":8},"end":{"line":191,"column":72}},"41":{"start":{"line":192,"column":8},"end":{"line":192,"column":81}},"42":{"start":{"line":193,"column":8},"end":{"line":193,"column":19}},"43":{"start":{"line":198,"column":8},"end":{"line":198,"column":66}},"44":{"start":{"line":199,"column":8},"end":{"line":199,"column":82}},"45":{"start":{"line":200,"column":8},"end":{"line":200,"column":79}},"46":{"start":{"line":201,"column":8},"end":{"line":201,"column":70}},"47":{"start":{"line":202,"column":8},"end":{"line":202,"column":78}},"48":{"start":{"line":203,"column":8},"end":{"line":203,"column":19}},"49":{"start":{"line":210,"column":8},"end":{"line":210,"column":88}},"50":{"start":{"line":212,"column":8},"end":{"line":212,"column":9605}},"51":{"start":{"line":213,"column":12},"end":{"line":213,"column":9639}},"52":{"start":{"line":215,"column":16},"end":{"line":215,"column":58}},"53":{"start":{"line":216,"column":19},"end":{"line":216,"column":9824}},"54":{"start":{"line":218,"column":16},"end":{"line":218,"column":84}},"55":{"start":{"line":219,"column":16},"end":{"line":219,"column":68}},"56":{"start":{"line":222,"column":16},"end":{"line":222,"column":97}},"57":{"start":{"line":225,"column":12},"end":{"line":225,"column":93}},"58":{"start":{"line":228,"column":8},"end":{"line":228,"column":62}},"59":{"start":{"line":229,"column":8},"end":{"line":229,"column":50}},"60":{"start":{"line":230,"column":8},"end":{"line":230,"column":46}},"61":{"start":{"line":231,"column":8},"end":{"line":231,"column":19}},"62":{"start":{"line":236,"column":8},"end":{"line":236,"column":62}},"63":{"start":{"line":237,"column":8},"end":{"line":237,"column":50}},"64":{"start":{"line":238,"column":8},"end":{"line":238,"column":50}},"65":{"start":{"line":239,"column":8},"end":{"line":239,"column":46}},"66":{"start":{"line":240,"column":8},"end":{"line":240,"column":19}},"67":{"start":{"line":245,"column":8},"end":{"line":245,"column":67}},"68":{"start":{"line":246,"column":8},"end":{"line":246,"column":55}},"69":{"start":{"line":247,"column":8},"end":{"line":247,"column":19}},"70":{"start":{"line":252,"column":8},"end":{"line":252,"column":34}}},"branchMap":{"1":{"line":76,"type":"if","locations":[{"start":{"line":76,"column":8},"end":{"line":76,"column":8}},{"start":{"line":76,"column":8},"end":{"line":76,"column":8}}]},"2":{"line":86,"type":"if","locations":[{"start":{"line":86,"column":8},"end":{"line":86,"column":8}},{"start":{"line":86,"column":8},"end":{"line":86,"column":8}}]},"3":{"line":130,"type":"if","locations":[{"start":{"line":130,"column":8},"end":{"line":130,"column":8}},{"start":{"line":130,"column":8},"end":{"line":130,"column":8}}]},"4":{"line":135,"type":"if","locations":[{"start":{"line":135,"column":8},"end":{"line":135,"column":8}},{"start":{"line":135,"column":8},"end":{"line":135,"column":8}}]},"5":{"line":146,"type":"if","locations":[{"start":{"line":146,"column":8},"end":{"line":146,"column":8}},{"start":{"line":146,"column":8},"end":{"line":146,"column":8}}]},"6":{"line":147,"type":"if","locations":[{"start":{"line":147,"column":8},"end":{"line":147,"column":8}},{"start":{"line":147,"column":8},"end":{"line":147,"column":8}}]},"7":{"line":148,"type":"if","locations":[{"start":{"line":148,"column":8},"end":{"line":148,"column":8}},{"start":{"line":148,"column":8},"end":{"line":148,"column":8}}]},"8":{"line":157,"type":"if","locations":[{"start":{"line":157,"column":8},"end":{"line":157,"column":8}},{"start":{"line":157,"column":8},"end":{"line":157,"column":8}}]},"9":{"line":158,"type":"if","locations":[{"start":{"line":158,"column":8},"end":{"line":158,"column":8}},{"start":{"line":158,"column":8},"end":{"line":158,"column":8}}]},"10":{"line":166,"type":"if","locations":[{"start":{"line":166,"column":8},"end":{"line":166,"column":8}},{"start":{"line":166,"column":8},"end":{"line":166,"column":8}}]},"11":{"line":179,"type":"if","locations":[{"start":{"line":179,"column":8},"end":{"line":179,"column":8}},{"start":{"line":179,"column":8},"end":{"line":179,"column":8}}]},"12":{"line":180,"type":"if","locations":[{"start":{"line":180,"column":8},"end":{"line":180,"column":8}},{"start":{"line":180,"column":8},"end":{"line":180,"column":8}}]},"13":{"line":182,"type":"if","locations":[{"start":{"line":182,"column":8},"end":{"line":182,"column":8}},{"start":{"line":182,"column":8},"end":{"line":182,"column":8}}]},"14":{"line":185,"type":"if","locations":[{"start":{"line":185,"column":8},"end":{"line":185,"column":8}},{"start":{"line":185,"column":8},"end":{"line":185,"column":8}}]},"15":{"line":200,"type":"if","locations":[{"start":{"line":200,"column":8},"end":{"line":200,"column":8}},{"start":{"line":200,"column":8},"end":{"line":200,"column":8}}]},"16":{"line":212,"type":"if","locations":[{"start":{"line":212,"column":8},"end":{"line":212,"column":8}},{"start":{"line":212,"column":8},"end":{"line":212,"column":8}}]},"17":{"line":213,"type":"if","locations":[{"start":{"line":213,"column":12},"end":{"line":213,"column":12}},{"start":{"line":213,"column":12},"end":{"line":213,"column":12}}]},"18":{"line":216,"type":"if","locations":[{"start":{"line":216,"column":19},"end":{"line":216,"column":19}},{"start":{"line":216,"column":19},"end":{"line":216,"column":19}}]}}}}