{"contracts/bridgeproxies/RCProxyMainnet.sol":{"l":{"47":96,"48":96,"49":96,"50":96,"51":96,"52":96,"53":96,"70":97,"75":97,"80":96,"85":96,"90":96,"91":96,"100":97,"105":97,"110":97,"116":3,"117":1,"118":1,"119":1,"129":0,"138":140,"139":140,"140":139,"141":139,"142":139,"143":139,"149":37,"150":37,"152":37,"153":37,"154":37,"155":37,"156":37,"157":37,"159":37,"167":24,"168":22,"169":22,"177":0,"181":0,"182":0,"183":0,"187":0,"188":0,"189":0},"path":"/Users/mcplums/Repos/RC_Contracts/contracts/bridgeproxies/RCProxyMainnet.sol","s":{"1":96,"2":96,"3":96,"4":96,"5":96,"6":96,"7":96,"8":97,"9":97,"10":96,"11":96,"12":96,"13":96,"14":97,"15":97,"16":97,"17":3,"18":1,"19":1,"20":1,"21":0,"22":140,"23":140,"24":139,"25":139,"26":139,"27":139,"28":37,"29":37,"30":37,"31":37,"32":37,"33":37,"34":37,"35":37,"36":37,"37":24,"38":22,"39":22,"40":0,"41":0,"42":0,"43":0,"44":0,"45":0,"46":0},"b":{"1":[1,2],"2":[140,0],"3":[139,1],"4":[139,0],"5":[37,0],"6":[22,2],"7":[22,0],"8":[0,0],"9":[0,0]},"f":{"1":96,"2":97,"3":97,"4":96,"5":96,"6":96,"7":97,"8":97,"9":97,"10":3,"11":0,"12":140,"13":37,"14":24,"15":0,"16":0,"17":0},"fnMap":{"1":{"name":"constructor","line":46,"loc":{"start":{"line":46,"column":4},"end":{"line":54,"column":4}}},"2":{"name":"setProxyXdaiAddress","line":69,"loc":{"start":{"line":69,"column":4},"end":{"line":71,"column":4}}},"3":{"name":"setBridgeMainnetAddress","line":74,"loc":{"start":{"line":74,"column":4},"end":{"line":76,"column":4}}},"4":{"name":"setNftHubAddress","line":79,"loc":{"start":{"line":79,"column":4},"end":{"line":81,"column":4}}},"5":{"name":"setAlternateReceiverAddress","line":84,"loc":{"start":{"line":84,"column":4},"end":{"line":86,"column":4}}},"6":{"name":"setDaiAddress","line":89,"loc":{"start":{"line":89,"column":4},"end":{"line":92,"column":4}}},"7":{"name":"setRealitioAddress","line":99,"loc":{"start":{"line":99,"column":4},"end":{"line":101,"column":4}}},"8":{"name":"setArbitrator","line":104,"loc":{"start":{"line":104,"column":4},"end":{"line":106,"column":4}}},"9":{"name":"setTimeout","line":109,"loc":{"start":{"line":109,"column":4},"end":{"line":111,"column":4}}},"10":{"name":"postQuestionToOracleAdmin","line":115,"loc":{"start":{"line":115,"column":4},"end":{"line":120,"column":4}}},"11":{"name":"upgradeCardAdmin","line":128,"loc":{"start":{"line":128,"column":4},"end":{"line":130,"column":4}}},"12":{"name":"postQuestionToOracle","line":137,"loc":{"start":{"line":137,"column":4},"end":{"line":144,"column":4}}},"13":{"name":"getWinnerFromOracle","line":148,"loc":{"start":{"line":148,"column":4},"end":{"line":160,"column":4}}},"14":{"name":"upgradeCard","line":166,"loc":{"start":{"line":166,"column":4},"end":{"line":170,"column":4}}},"15":{"name":"depositDai","line":176,"loc":{"start":{"line":176,"column":4},"end":{"line":178,"column":4}}},"16":{"name":"permitAndDepositDai","line":180,"loc":{"start":{"line":180,"column":4},"end":{"line":184,"column":4}}},"17":{"name":"_depositDai","line":186,"loc":{"start":{"line":186,"column":4},"end":{"line":190,"column":4}}}},"statementMap":{"1":{"start":{"line":47,"column":8},"end":{"line":47,"column":53}},"2":{"start":{"line":48,"column":8},"end":{"line":48,"column":43}},"3":{"start":{"line":49,"column":8},"end":{"line":49,"column":39}},"4":{"start":{"line":50,"column":8},"end":{"line":50,"column":61}},"5":{"start":{"line":51,"column":8},"end":{"line":51,"column":33}},"6":{"start":{"line":52,"column":8},"end":{"line":52,"column":64}},"7":{"start":{"line":53,"column":8},"end":{"line":53,"column":24}},"8":{"start":{"line":70,"column":8},"end":{"line":70,"column":37}},"9":{"start":{"line":75,"column":8},"end":{"line":75,"column":44}},"10":{"start":{"line":80,"column":8},"end":{"line":80,"column":36}},"11":{"start":{"line":85,"column":8},"end":{"line":85,"column":70}},"12":{"start":{"line":90,"column":8},"end":{"line":90,"column":35}},"13":{"start":{"line":91,"column":8},"end":{"line":91,"column":64}},"14":{"start":{"line":100,"column":8},"end":{"line":100,"column":40}},"15":{"start":{"line":105,"column":8},"end":{"line":105,"column":31}},"16":{"start":{"line":110,"column":8},"end":{"line":110,"column":28}},"17":{"start":{"line":116,"column":8},"end":{"line":116,"column":66}},"18":{"start":{"line":117,"column":8},"end":{"line":117,"column":111}},"19":{"start":{"line":118,"column":8},"end":{"line":118,"column":48}},"20":{"start":{"line":119,"column":8},"end":{"line":119,"column":67}},"21":{"start":{"line":129,"column":8},"end":{"line":129,"column":53}},"22":{"start":{"line":138,"column":8},"end":{"line":138,"column":59}},"23":{"start":{"line":139,"column":8},"end":{"line":139,"column":71}},"24":{"start":{"line":140,"column":8},"end":{"line":140,"column":66}},"25":{"start":{"line":141,"column":8},"end":{"line":141,"column":111}},"26":{"start":{"line":142,"column":8},"end":{"line":142,"column":48}},"27":{"start":{"line":143,"column":8},"end":{"line":143,"column":67}},"28":{"start":{"line":149,"column":8},"end":{"line":149,"column":57}},"29":{"start":{"line":150,"column":8},"end":{"line":150,"column":61}},"30":{"start":{"line":152,"column":8},"end":{"line":152,"column":6414}},"31":{"start":{"line":153,"column":12},"end":{"line":153,"column":45}},"32":{"start":{"line":154,"column":12},"end":{"line":154,"column":69}},"33":{"start":{"line":155,"column":12},"end":{"line":155,"column":80}},"34":{"start":{"line":156,"column":12},"end":{"line":156,"column":104}},"35":{"start":{"line":157,"column":12},"end":{"line":157,"column":68}},"36":{"start":{"line":159,"column":8},"end":{"line":159,"column":27}},"37":{"start":{"line":167,"column":8},"end":{"line":167,"column":59}},"38":{"start":{"line":168,"column":8},"end":{"line":168,"column":71}},"39":{"start":{"line":169,"column":8},"end":{"line":169,"column":53}},"40":{"start":{"line":177,"column":8},"end":{"line":177,"column":39}},"41":{"start":{"line":181,"column":8},"end":{"line":181,"column":60}},"42":{"start":{"line":182,"column":8},"end":{"line":182,"column":67}},"43":{"start":{"line":183,"column":8},"end":{"line":183,"column":35}},"44":{"start":{"line":187,"column":8},"end":{"line":187,"column":90}},"45":{"start":{"line":188,"column":8},"end":{"line":188,"column":84}},"46":{"start":{"line":189,"column":8},"end":{"line":189,"column":59}}},"branchMap":{"1":{"line":116,"type":"if","locations":[{"start":{"line":116,"column":8},"end":{"line":116,"column":8}},{"start":{"line":116,"column":8},"end":{"line":116,"column":8}}]},"2":{"line":138,"type":"if","locations":[{"start":{"line":138,"column":8},"end":{"line":138,"column":8}},{"start":{"line":138,"column":8},"end":{"line":138,"column":8}}]},"3":{"line":139,"type":"if","locations":[{"start":{"line":139,"column":8},"end":{"line":139,"column":8}},{"start":{"line":139,"column":8},"end":{"line":139,"column":8}}]},"4":{"line":140,"type":"if","locations":[{"start":{"line":140,"column":8},"end":{"line":140,"column":8}},{"start":{"line":140,"column":8},"end":{"line":140,"column":8}}]},"5":{"line":152,"type":"if","locations":[{"start":{"line":152,"column":8},"end":{"line":152,"column":8}},{"start":{"line":152,"column":8},"end":{"line":152,"column":8}}]},"6":{"line":167,"type":"if","locations":[{"start":{"line":167,"column":8},"end":{"line":167,"column":8}},{"start":{"line":167,"column":8},"end":{"line":167,"column":8}}]},"7":{"line":168,"type":"if","locations":[{"start":{"line":168,"column":8},"end":{"line":168,"column":8}},{"start":{"line":168,"column":8},"end":{"line":168,"column":8}}]},"8":{"line":181,"type":"if","locations":[{"start":{"line":181,"column":8},"end":{"line":181,"column":8}},{"start":{"line":181,"column":8},"end":{"line":181,"column":8}}]},"9":{"line":187,"type":"if","locations":[{"start":{"line":187,"column":8},"end":{"line":187,"column":8}},{"start":{"line":187,"column":8},"end":{"line":187,"column":8}}]}}},"contracts/bridgeproxies/RCProxyXdai.sol":{"l":{"74":96,"75":96,"76":96,"85":141,"86":141,"87":141,"97":97,"102":97,"107":97,"112":96,"121":3,"122":1,"123":1,"133":1,"134":1,"135":1,"136":1,"137":1,"138":1,"143":3,"144":2,"145":2,"146":2,"149":1,"150":1,"151":1,"162":143,"163":141,"164":141,"165":141,"166":141,"173":141,"174":141,"175":141,"176":141,"181":39,"182":39,"183":37,"184":36,"185":36,"190":40,"195":37,"196":36,"204":24,"206":22,"207":22,"208":22,"209":22,"210":22,"216":22,"217":22,"218":22,"219":22,"228":2,"229":2,"233":13,"236":11,"237":4,"238":4,"242":11,"243":9,"246":7,"247":6,"248":6,"252":7,"253":4,"254":4,"255":4,"260":9,"261":7,"262":5,"263":5,"264":5,"265":4,"266":4,"267":4,"268":4},"path":"/Users/mcplums/Repos/RC_Contracts/contracts/bridgeproxies/RCProxyXdai.sol","s":{"1":96,"2":96,"3":96,"4":141,"5":141,"6":141,"7":97,"8":97,"9":97,"10":96,"11":3,"12":1,"13":1,"14":1,"15":1,"16":1,"17":1,"18":1,"19":1,"20":3,"21":2,"22":2,"23":2,"24":1,"25":1,"26":1,"27":143,"28":141,"29":141,"30":141,"31":141,"32":141,"33":141,"34":141,"35":141,"36":39,"37":39,"38":37,"39":36,"40":36,"41":40,"42":37,"43":36,"44":24,"45":22,"46":22,"47":22,"48":22,"49":22,"50":22,"51":22,"52":22,"53":22,"54":2,"55":2,"56":13,"57":11,"58":4,"59":4,"60":11,"61":9,"62":7,"63":6,"64":6,"65":7,"66":4,"67":4,"68":4,"69":9,"70":7,"71":5,"72":5,"73":5,"74":4,"75":4,"76":4,"77":4},"b":{"1":[141,0],"2":[1,2],"3":[1,0],"4":[2,1],"5":[2,0],"6":[1,0],"7":[141,2],"8":[141,0],"9":[39,0],"10":[37,2],"11":[36,1],"12":[36,1],"13":[22,2],"14":[22,0],"15":[11,2],"16":[4,7],"17":[9,2],"18":[7,2],"19":[6,1],"20":[4,3],"21":[7,2],"22":[5,2],"23":[4,1]},"f":{"1":96,"2":141,"3":97,"4":97,"5":97,"6":96,"7":3,"8":1,"9":3,"10":143,"11":141,"12":39,"13":40,"14":37,"15":24,"16":22,"17":2,"18":13,"19":9},"fnMap":{"1":{"name":"constructor","line":73,"loc":{"start":{"line":73,"column":4},"end":{"line":77,"column":4}}},"2":{"name":"addMarket","line":84,"loc":{"start":{"line":84,"column":4},"end":{"line":88,"column":4}}},"3":{"name":"setProxyMainnetAddress","line":96,"loc":{"start":{"line":96,"column":4},"end":{"line":98,"column":4}}},"4":{"name":"setBridgeXdaiAddress","line":101,"loc":{"start":{"line":101,"column":4},"end":{"line":103,"column":4}}},"5":{"name":"setFactoryAddress","line":106,"loc":{"start":{"line":106,"column":4},"end":{"line":108,"column":4}}},"6":{"name":"setTreasuryAddress","line":111,"loc":{"start":{"line":111,"column":4},"end":{"line":113,"column":4}}},"7":{"name":"setAmicableResolution","line":120,"loc":{"start":{"line":120,"column":4},"end":{"line":124,"column":4}}},"8":{"name":"withdrawFloat","line":131,"loc":{"start":{"line":131,"column":4},"end":{"line":139,"column":4}}},"9":{"name":"setValidator","line":142,"loc":{"start":{"line":142,"column":4},"end":{"line":154,"column":4}}},"10":{"name":"saveQuestion","line":161,"loc":{"start":{"line":161,"column":4},"end":{"line":167,"column":4}}},"11":{"name":"postQuestionToBridge","line":172,"loc":{"start":{"line":172,"column":4},"end":{"line":177,"column":4}}},"12":{"name":"setWinner","line":180,"loc":{"start":{"line":180,"column":4},"end":{"line":186,"column":4}}},"13":{"name":"isFinalized","line":189,"loc":{"start":{"line":189,"column":4},"end":{"line":191,"column":4}}},"14":{"name":"getWinner","line":194,"loc":{"start":{"line":194,"column":4},"end":{"line":197,"column":4}}},"15":{"name":"saveCardToUpgrade","line":203,"loc":{"start":{"line":203,"column":4},"end":{"line":211,"column":4}}},"16":{"name":"postCardToUpgrade","line":215,"loc":{"start":{"line":215,"column":4},"end":{"line":220,"column":4}}},"17":{"name":"","line":227,"loc":{"start":{"line":227,"column":4},"end":{"line":230,"column":4}}},"18":{"name":"confirmDaiDeposit","line":232,"loc":{"start":{"line":232,"column":4},"end":{"line":257,"column":4}}},"19":{"name":"executeDaiDeposit","line":259,"loc":{"start":{"line":259,"column":4},"end":{"line":270,"column":4}}}},"statementMap":{"1":{"start":{"line":74,"column":8},"end":{"line":74,"column":47}},"2":{"start":{"line":75,"column":8},"end":{"line":75,"column":41}},"3":{"start":{"line":76,"column":8},"end":{"line":76,"column":43}},"4":{"start":{"line":85,"column":8},"end":{"line":85,"column":59}},"5":{"start":{"line":86,"column":8},"end":{"line":86,"column":34}},"6":{"start":{"line":87,"column":8},"end":{"line":87,"column":19}},"7":{"start":{"line":97,"column":8},"end":{"line":97,"column":40}},"8":{"start":{"line":102,"column":8},"end":{"line":102,"column":44}},"9":{"start":{"line":107,"column":8},"end":{"line":107,"column":35}},"10":{"start":{"line":112,"column":8},"end":{"line":112,"column":36}},"11":{"start":{"line":121,"column":8},"end":{"line":121,"column":67}},"12":{"start":{"line":122,"column":8},"end":{"line":122,"column":45}},"13":{"start":{"line":123,"column":8},"end":{"line":123,"column":55}},"14":{"start":{"line":133,"column":8},"end":{"line":133,"column":41}},"15":{"start":{"line":134,"column":8},"end":{"line":134,"column":48}},"16":{"start":{"line":135,"column":8},"end":{"line":135,"column":77}},"17":{"start":{"line":136,"column":8},"end":{"line":136,"column":62}},"18":{"start":{"line":137,"column":8},"end":{"line":137,"column":43}},"19":{"start":{"line":138,"column":8},"end":{"line":138,"column":51}},"20":{"start":{"line":143,"column":8},"end":{"line":143,"column":5343}},"21":{"start":{"line":144,"column":12},"end":{"line":144,"column":5370}},"22":{"start":{"line":145,"column":16},"end":{"line":145,"column":52}},"23":{"start":{"line":146,"column":16},"end":{"line":146,"column":53}},"24":{"start":{"line":149,"column":12},"end":{"line":149,"column":5562}},"25":{"start":{"line":150,"column":16},"end":{"line":150,"column":53}},"26":{"start":{"line":151,"column":16},"end":{"line":151,"column":53}},"27":{"start":{"line":162,"column":8},"end":{"line":162,"column":59}},"28":{"start":{"line":163,"column":8},"end":{"line":163,"column":53}},"29":{"start":{"line":164,"column":8},"end":{"line":164,"column":77}},"30":{"start":{"line":165,"column":8},"end":{"line":165,"column":43}},"31":{"start":{"line":166,"column":8},"end":{"line":166,"column":43}},"32":{"start":{"line":173,"column":8},"end":{"line":173,"column":60}},"33":{"start":{"line":174,"column":8},"end":{"line":174,"column":90}},"34":{"start":{"line":175,"column":8},"end":{"line":175,"column":167}},"35":{"start":{"line":176,"column":8},"end":{"line":176,"column":67}},"36":{"start":{"line":181,"column":8},"end":{"line":181,"column":67}},"37":{"start":{"line":182,"column":8},"end":{"line":182,"column":59}},"38":{"start":{"line":183,"column":8},"end":{"line":183,"column":74}},"39":{"start":{"line":184,"column":8},"end":{"line":184,"column":45}},"40":{"start":{"line":185,"column":8},"end":{"line":185,"column":55}},"41":{"start":{"line":190,"column":8},"end":{"line":190,"column":47}},"42":{"start":{"line":195,"column":8},"end":{"line":195,"column":64}},"43":{"start":{"line":196,"column":8},"end":{"line":196,"column":45}},"44":{"start":{"line":204,"column":8},"end":{"line":204,"column":50}},"45":{"start":{"line":206,"column":8},"end":{"line":206,"column":42}},"46":{"start":{"line":207,"column":8},"end":{"line":207,"column":50}},"47":{"start":{"line":208,"column":8},"end":{"line":208,"column":44}},"48":{"start":{"line":209,"column":8},"end":{"line":209,"column":40}},"49":{"start":{"line":210,"column":8},"end":{"line":210,"column":34}},"50":{"start":{"line":216,"column":8},"end":{"line":216,"column":57}},"51":{"start":{"line":217,"column":8},"end":{"line":217,"column":81}},"52":{"start":{"line":218,"column":8},"end":{"line":218,"column":140}},"53":{"start":{"line":219,"column":8},"end":{"line":219,"column":67}},"54":{"start":{"line":228,"column":8},"end":{"line":228,"column":43}},"55":{"start":{"line":229,"column":8},"end":{"line":229,"column":53}},"56":{"start":{"line":233,"column":8},"end":{"line":233,"column":58}},"57":{"start":{"line":236,"column":8},"end":{"line":236,"column":9947}},"58":{"start":{"line":237,"column":12},"end":{"line":237,"column":80}},"59":{"start":{"line":238,"column":12},"end":{"line":238,"column":40}},"60":{"start":{"line":242,"column":8},"end":{"line":242,"column":71}},"61":{"start":{"line":243,"column":8},"end":{"line":243,"column":73}},"62":{"start":{"line":246,"column":8},"end":{"line":246,"column":10393}},"63":{"start":{"line":247,"column":12},"end":{"line":247,"column":57}},"64":{"start":{"line":248,"column":12},"end":{"line":248,"column":81}},"65":{"start":{"line":252,"column":8},"end":{"line":252,"column":10669}},"66":{"start":{"line":253,"column":12},"end":{"line":253,"column":44}},"67":{"start":{"line":254,"column":12},"end":{"line":254,"column":36}},"68":{"start":{"line":255,"column":12},"end":{"line":255,"column":44}},"69":{"start":{"line":260,"column":8},"end":{"line":260,"column":59}},"70":{"start":{"line":261,"column":8},"end":{"line":261,"column":62}},"71":{"start":{"line":262,"column":8},"end":{"line":262,"column":49}},"72":{"start":{"line":263,"column":8},"end":{"line":263,"column":45}},"73":{"start":{"line":264,"column":8},"end":{"line":264,"column":11209}},"74":{"start":{"line":265,"column":12},"end":{"line":265,"column":59}},"75":{"start":{"line":266,"column":12},"end":{"line":266,"column":57}},"76":{"start":{"line":267,"column":12},"end":{"line":267,"column":43}},"77":{"start":{"line":268,"column":12},"end":{"line":268,"column":43}}},"branchMap":{"1":{"line":85,"type":"if","locations":[{"start":{"line":85,"column":8},"end":{"line":85,"column":8}},{"start":{"line":85,"column":8},"end":{"line":85,"column":8}}]},"2":{"line":121,"type":"if","locations":[{"start":{"line":121,"column":8},"end":{"line":121,"column":8}},{"start":{"line":121,"column":8},"end":{"line":121,"column":8}}]},"3":{"line":137,"type":"if","locations":[{"start":{"line":137,"column":8},"end":{"line":137,"column":8}},{"start":{"line":137,"column":8},"end":{"line":137,"column":8}}]},"4":{"line":143,"type":"if","locations":[{"start":{"line":143,"column":8},"end":{"line":143,"column":8}},{"start":{"line":143,"column":8},"end":{"line":143,"column":8}}]},"5":{"line":144,"type":"if","locations":[{"start":{"line":144,"column":12},"end":{"line":144,"column":12}},{"start":{"line":144,"column":12},"end":{"line":144,"column":12}}]},"6":{"line":149,"type":"if","locations":[{"start":{"line":149,"column":12},"end":{"line":149,"column":12}},{"start":{"line":149,"column":12},"end":{"line":149,"column":12}}]},"7":{"line":162,"type":"if","locations":[{"start":{"line":162,"column":8},"end":{"line":162,"column":8}},{"start":{"line":162,"column":8},"end":{"line":162,"column":8}}]},"8":{"line":173,"type":"if","locations":[{"start":{"line":173,"column":8},"end":{"line":173,"column":8}},{"start":{"line":173,"column":8},"end":{"line":173,"column":8}}]},"9":{"line":181,"type":"if","locations":[{"start":{"line":181,"column":8},"end":{"line":181,"column":8}},{"start":{"line":181,"column":8},"end":{"line":181,"column":8}}]},"10":{"line":182,"type":"if","locations":[{"start":{"line":182,"column":8},"end":{"line":182,"column":8}},{"start":{"line":182,"column":8},"end":{"line":182,"column":8}}]},"11":{"line":183,"type":"if","locations":[{"start":{"line":183,"column":8},"end":{"line":183,"column":8}},{"start":{"line":183,"column":8},"end":{"line":183,"column":8}}]},"12":{"line":195,"type":"if","locations":[{"start":{"line":195,"column":8},"end":{"line":195,"column":8}},{"start":{"line":195,"column":8},"end":{"line":195,"column":8}}]},"13":{"line":204,"type":"if","locations":[{"start":{"line":204,"column":8},"end":{"line":204,"column":8}},{"start":{"line":204,"column":8},"end":{"line":204,"column":8}}]},"14":{"line":216,"type":"if","locations":[{"start":{"line":216,"column":8},"end":{"line":216,"column":8}},{"start":{"line":216,"column":8},"end":{"line":216,"column":8}}]},"15":{"line":233,"type":"if","locations":[{"start":{"line":233,"column":8},"end":{"line":233,"column":8}},{"start":{"line":233,"column":8},"end":{"line":233,"column":8}}]},"16":{"line":236,"type":"if","locations":[{"start":{"line":236,"column":8},"end":{"line":236,"column":8}},{"start":{"line":236,"column":8},"end":{"line":236,"column":8}}]},"17":{"line":242,"type":"if","locations":[{"start":{"line":242,"column":8},"end":{"line":242,"column":8}},{"start":{"line":242,"column":8},"end":{"line":242,"column":8}}]},"18":{"line":243,"type":"if","locations":[{"start":{"line":243,"column":8},"end":{"line":243,"column":8}},{"start":{"line":243,"column":8},"end":{"line":243,"column":8}}]},"19":{"line":246,"type":"if","locations":[{"start":{"line":246,"column":8},"end":{"line":246,"column":8}},{"start":{"line":246,"column":8},"end":{"line":246,"column":8}}]},"20":{"line":252,"type":"if","locations":[{"start":{"line":252,"column":8},"end":{"line":252,"column":8}},{"start":{"line":252,"column":8},"end":{"line":252,"column":8}}]},"21":{"line":260,"type":"if","locations":[{"start":{"line":260,"column":8},"end":{"line":260,"column":8}},{"start":{"line":260,"column":8},"end":{"line":260,"column":8}}]},"22":{"line":261,"type":"if","locations":[{"start":{"line":261,"column":8},"end":{"line":261,"column":8}},{"start":{"line":261,"column":8},"end":{"line":261,"column":8}}]},"23":{"line":264,"type":"if","locations":[{"start":{"line":264,"column":8},"end":{"line":264,"column":8}},{"start":{"line":264,"column":8},"end":{"line":264,"column":8}}]}}},"contracts/interfaces/IAlternateReceiverBridge.sol":{"l":{},"path":"/Users/mcplums/Repos/RC_Contracts/contracts/interfaces/IAlternateReceiverBridge.sol","s":{},"b":{},"f":{},"fnMap":{},"statementMap":{},"branchMap":{}},"contracts/interfaces/IBridgeContract.sol":{"l":{},"path":"/Users/mcplums/Repos/RC_Contracts/contracts/interfaces/IBridgeContract.sol","s":{},"b":{},"f":{},"fnMap":{},"statementMap":{},"branchMap":{}},"contracts/interfaces/IERC20Dai.sol":{"l":{},"path":"/Users/mcplums/Repos/RC_Contracts/contracts/interfaces/IERC20Dai.sol","s":{},"b":{},"f":{},"fnMap":{},"statementMap":{},"branchMap":{}},"contracts/interfaces/IERC721.sol":{"l":{},"path":"/Users/mcplums/Repos/RC_Contracts/contracts/interfaces/IERC721.sol","s":{},"b":{},"f":{},"fnMap":{},"statementMap":{},"branchMap":{}},"contracts/interfaces/IFactory.sol":{"l":{},"path":"/Users/mcplums/Repos/RC_Contracts/contracts/interfaces/IFactory.sol","s":{},"b":{},"f":{},"fnMap":{},"statementMap":{},"branchMap":{}},"contracts/interfaces/IRCMarket.sol":{"l":{},"path":"/Users/mcplums/Repos/RC_Contracts/contracts/interfaces/IRCMarket.sol","s":{},"b":{},"f":{},"fnMap":{},"statementMap":{},"branchMap":{}},"contracts/interfaces/IRCNftHubXdai.sol":{"l":{},"path":"/Users/mcplums/Repos/RC_Contracts/contracts/interfaces/IRCNftHubXdai.sol","s":{},"b":{},"f":{},"fnMap":{},"statementMap":{},"branchMap":{}},"contracts/interfaces/IRCProxyMainnet.sol":{"l":{},"path":"/Users/mcplums/Repos/RC_Contracts/contracts/interfaces/IRCProxyMainnet.sol","s":{},"b":{},"f":{},"fnMap":{},"statementMap":{},"branchMap":{}},"contracts/interfaces/IRCProxyXdai.sol":{"l":{},"path":"/Users/mcplums/Repos/RC_Contracts/contracts/interfaces/IRCProxyXdai.sol","s":{},"b":{},"f":{},"fnMap":{},"statementMap":{},"branchMap":{}},"contracts/interfaces/IRealitio.sol":{"l":{},"path":"/Users/mcplums/Repos/RC_Contracts/contracts/interfaces/IRealitio.sol","s":{},"b":{},"f":{},"fnMap":{},"statementMap":{},"branchMap":{}},"contracts/interfaces/ITreasury.sol":{"l":{},"path":"/Users/mcplums/Repos/RC_Contracts/contracts/interfaces/ITreasury.sol","s":{},"b":{},"f":{},"fnMap":{},"statementMap":{},"branchMap":{}},"contracts/lib/CloneFactory.sol":{"l":{"29":144,"30":144,"40":0,"41":0},"path":"/Users/mcplums/Repos/RC_Contracts/contracts/lib/CloneFactory.sol","s":{"1":144,"2":0},"b":{},"f":{"1":144,"2":0},"fnMap":{"1":{"name":"createClone","line":28,"loc":{"start":{"line":28,"column":2},"end":{"line":37,"column":2}}},"2":{"name":"isClone","line":39,"loc":{"start":{"line":39,"column":2},"end":{"line":54,"column":2}}}},"statementMap":{"1":{"start":{"line":29,"column":4},"end":{"line":29,"column":41}},"2":{"start":{"line":40,"column":4},"end":{"line":40,"column":41}}},"branchMap":{}},"contracts/lib/EIP712Base.sol":{"l":{"29":337,"33":337,"45":0,"49":337,"50":337,"53":337,"68":0},"path":"/Users/mcplums/Repos/RC_Contracts/contracts/lib/EIP712Base.sol","s":{"1":337,"2":337,"3":0,"4":337,"5":337,"6":0},"b":{},"f":{"1":337,"2":337,"3":0,"4":337,"5":0},"fnMap":{"1":{"name":"_initializeEIP712","line":27,"loc":{"start":{"line":23,"column":4},"end":{"line":30,"column":4}}},"2":{"name":"_setDomainSeperator","line":32,"loc":{"start":{"line":32,"column":4},"end":{"line":42,"column":4}}},"3":{"name":"getDomainSeperator","line":44,"loc":{"start":{"line":44,"column":4},"end":{"line":46,"column":4}}},"4":{"name":"getChainId","line":48,"loc":{"start":{"line":48,"column":4},"end":{"line":54,"column":4}}},"5":{"name":"toTypedMessageHash","line":63,"loc":{"start":{"line":63,"column":4},"end":{"line":72,"column":4}}}},"statementMap":{"1":{"start":{"line":29,"column":8},"end":{"line":29,"column":41}},"2":{"start":{"line":33,"column":8},"end":{"line":33,"column":968}},"3":{"start":{"line":45,"column":8},"end":{"line":45,"column":30}},"4":{"start":{"line":49,"column":8},"end":{"line":49,"column":18}},"5":{"start":{"line":53,"column":8},"end":{"line":53,"column":17}},"6":{"start":{"line":68,"column":8},"end":{"line":68,"column":1993}}},"branchMap":{}},"contracts/lib/NativeMetaTransaction.sol":{"l":{"38":0,"44":0,"50":0,"52":0,"59":0,"62":0,"64":0,"72":0,"84":0,"94":0,"95":0,"110":19599,"111":0,"112":0,"113":0,"121":19599,"123":19599},"path":"/Users/mcplums/Repos/RC_Contracts/contracts/lib/NativeMetaTransaction.sol","s":{"1":0,"2":0,"3":0,"4":0,"5":0,"6":0,"7":0,"8":0,"9":0,"10":0,"11":0,"12":19599,"13":0,"14":0,"15":19599,"16":19599},"b":{"1":[0,0],"2":[0,0],"3":[0,0],"4":[0,19599]},"f":{"1":0,"2":0,"3":0,"4":0,"5":19599},"fnMap":{"1":{"name":"executeMetaTransaction","line":31,"loc":{"start":{"line":31,"column":4},"end":{"line":65,"column":4}}},"2":{"name":"hashMetaTransaction","line":67,"loc":{"start":{"line":67,"column":4},"end":{"line":81,"column":4}}},"3":{"name":"getNonce","line":83,"loc":{"start":{"line":83,"column":4},"end":{"line":85,"column":4}}},"4":{"name":"verify","line":87,"loc":{"start":{"line":87,"column":4},"end":{"line":103,"column":4}}},"5":{"name":"msgSender","line":105,"loc":{"start":{"line":105,"column":4},"end":{"line":124,"column":4}}}},"statementMap":{"1":{"start":{"line":38,"column":8},"end":{"line":38,"column":1166}},"2":{"start":{"line":44,"column":8},"end":{"line":44,"column":1355}},"3":{"start":{"line":50,"column":8},"end":{"line":50,"column":55}},"4":{"start":{"line":52,"column":8},"end":{"line":52,"column":1604}},"5":{"start":{"line":59,"column":8},"end":{"line":59,"column":1829}},"6":{"start":{"line":62,"column":8},"end":{"line":62,"column":55}},"7":{"start":{"line":64,"column":8},"end":{"line":64,"column":25}},"8":{"start":{"line":72,"column":8},"end":{"line":72,"column":2194}},"9":{"start":{"line":84,"column":8},"end":{"line":84,"column":27}},"10":{"start":{"line":94,"column":8},"end":{"line":94,"column":77}},"11":{"start":{"line":95,"column":8},"end":{"line":95,"column":2845}},"12":{"start":{"line":110,"column":8},"end":{"line":110,"column":3154}},"13":{"start":{"line":111,"column":12},"end":{"line":111,"column":41}},"14":{"start":{"line":112,"column":12},"end":{"line":112,"column":43}},"15":{"start":{"line":121,"column":12},"end":{"line":121,"column":30}},"16":{"start":{"line":123,"column":8},"end":{"line":123,"column":21}}},"branchMap":{"1":{"line":44,"type":"if","locations":[{"start":{"line":44,"column":8},"end":{"line":44,"column":8}},{"start":{"line":44,"column":8},"end":{"line":44,"column":8}}]},"2":{"line":62,"type":"if","locations":[{"start":{"line":62,"column":8},"end":{"line":62,"column":8}},{"start":{"line":62,"column":8},"end":{"line":62,"column":8}}]},"3":{"line":94,"type":"if","locations":[{"start":{"line":94,"column":8},"end":{"line":94,"column":8}},{"start":{"line":94,"column":8},"end":{"line":94,"column":8}}]},"4":{"line":110,"type":"if","locations":[{"start":{"line":110,"column":8},"end":{"line":110,"column":8}},{"start":{"line":110,"column":8},"end":{"line":110,"column":8}}]}}},"contracts/Migrations.sol":{"l":{"8":0,"12":0,"16":0,"20":0,"21":0},"path":"/Users/mcplums/Repos/RC_Contracts/contracts/Migrations.sol","s":{"1":0,"2":0,"3":0,"4":0,"5":0},"b":{"1":[0,0]},"f":{"1":0,"2":0,"3":0,"4":0},"fnMap":{"1":{"name":"constructor","line":7,"loc":{"start":{"line":7,"column":4},"end":{"line":9,"column":4}}},"2":{"name":"restricted","line":11,"loc":{"start":{"line":11,"column":4},"end":{"line":13,"column":4}}},"3":{"name":"setCompleted","line":15,"loc":{"start":{"line":15,"column":4},"end":{"line":17,"column":4}}},"4":{"name":"upgrade","line":19,"loc":{"start":{"line":19,"column":4},"end":{"line":22,"column":4}}}},"statementMap":{"1":{"start":{"line":8,"column":8},"end":{"line":8,"column":25}},"2":{"start":{"line":12,"column":8},"end":{"line":12,"column":34}},"3":{"start":{"line":16,"column":8},"end":{"line":16,"column":43}},"4":{"start":{"line":20,"column":8},"end":{"line":20,"column":53}},"5":{"start":{"line":21,"column":8},"end":{"line":21,"column":54}}},"branchMap":{"1":{"line":12,"type":"if","locations":[{"start":{"line":12,"column":8},"end":{"line":12,"column":8}},{"start":{"line":12,"column":8},"end":{"line":12,"column":8}}]}}},"contracts/mockups/BridgeMockup.sol":{"l":{"16":201,"17":201,"20":201,"22":199,"29":201,"30":162,"32":39,"37":99,"41":97},"path":"/Users/mcplums/Repos/RC_Contracts/contracts/mockups/BridgeMockup.sol","s":{"1":201,"2":201,"3":199,"4":201,"5":162,"6":39,"7":99,"8":97},"b":{"1":[199,2],"2":[199,0],"3":[162,39]},"f":{"1":201,"2":201,"3":99,"4":97},"fnMap":{"1":{"name":"requireToPassMessage","line":15,"loc":{"start":{"line":15,"column":4},"end":{"line":25,"column":4}}},"2":{"name":"messageSender","line":27,"loc":{"start":{"line":27,"column":4},"end":{"line":34,"column":4}}},"3":{"name":"setProxyMainnetAddress","line":36,"loc":{"start":{"line":36,"column":4},"end":{"line":38,"column":4}}},"4":{"name":"setProxyXdaiAddress","line":40,"loc":{"start":{"line":40,"column":4},"end":{"line":42,"column":4}}}},"statementMap":{"1":{"start":{"line":17,"column":8},"end":{"line":17,"column":64}},"2":{"start":{"line":20,"column":8},"end":{"line":20,"column":688}},"3":{"start":{"line":22,"column":12},"end":{"line":22,"column":44}},"4":{"start":{"line":29,"column":8},"end":{"line":29,"column":996}},"5":{"start":{"line":30,"column":12},"end":{"line":30,"column":41}},"6":{"start":{"line":32,"column":12},"end":{"line":32,"column":44}},"7":{"start":{"line":37,"column":8},"end":{"line":37,"column":46}},"8":{"start":{"line":41,"column":8},"end":{"line":41,"column":43}}},"branchMap":{"1":{"line":20,"type":"if","locations":[{"start":{"line":20,"column":8},"end":{"line":20,"column":8}},{"start":{"line":20,"column":8},"end":{"line":20,"column":8}}]},"2":{"line":22,"type":"if","locations":[{"start":{"line":22,"column":12},"end":{"line":22,"column":12}},{"start":{"line":22,"column":12},"end":{"line":22,"column":12}}]},"3":{"line":29,"type":"if","locations":[{"start":{"line":29,"column":8},"end":{"line":29,"column":8}},{"start":{"line":29,"column":8},"end":{"line":29,"column":8}}]}}},"contracts/mockups/DaiMockup.sol":{"l":{"9":96,"10":96,"11":96},"path":"/Users/mcplums/Repos/RC_Contracts/contracts/mockups/DaiMockup.sol","s":{"1":96},"b":{},"f":{"1":96},"fnMap":{"1":{"name":"approve","line":8,"loc":{"start":{"line":8,"column":4},"end":{"line":12,"column":4}}}},"statementMap":{"1":{"start":{"line":11,"column":8},"end":{"line":11,"column":19}}},"branchMap":{}},"contracts/mockups/RealitioMockup.sol":{"l":{"16":35,"17":9,"19":26,"24":140,"25":140,"26":140,"27":140,"28":140,"34":36,"35":36,"36":36,"40":37,"41":37,"42":0,"44":37,"50":0,"51":0,"53":0},"path":"/Users/mcplums/Repos/RC_Contracts/contracts/mockups/RealitioMockup.sol","s":{"1":35,"2":9,"3":26,"4":140,"5":140,"6":140,"7":140,"8":140,"9":36,"10":36,"11":36,"12":37,"13":37,"14":0,"15":37,"16":0,"17":0,"18":0},"b":{"1":[9,26],"2":[36,0],"3":[36,0],"4":[37,0],"5":[0,37],"6":[0,0]},"f":{"1":35,"2":140,"3":36,"4":37,"5":0},"fnMap":{"1":{"name":"setResult","line":14,"loc":{"start":{"line":14,"column":4},"end":{"line":21,"column":4}}},"2":{"name":"askQuestion","line":23,"loc":{"start":{"line":23,"column":4},"end":{"line":29,"column":4}}},"3":{"name":"resultFor","line":33,"loc":{"start":{"line":33,"column":4},"end":{"line":37,"column":4}}},"4":{"name":"isFinalized","line":39,"loc":{"start":{"line":39,"column":4},"end":{"line":46,"column":4}}},"5":{"name":"getContentHash","line":48,"loc":{"start":{"line":48,"column":4},"end":{"line":55,"column":4}}}},"statementMap":{"1":{"start":{"line":16,"column":8},"end":{"line":16,"column":355}},"2":{"start":{"line":17,"column":12},"end":{"line":17,"column":32}},"3":{"start":{"line":19,"column":12},"end":{"line":19,"column":27}},"4":{"start":{"line":24,"column":8},"end":{"line":24,"column":93}},"5":{"start":{"line":25,"column":8},"end":{"line":25,"column":111}},"6":{"start":{"line":26,"column":8},"end":{"line":26,"column":39}},"7":{"start":{"line":27,"column":8},"end":{"line":27,"column":37}},"8":{"start":{"line":28,"column":8},"end":{"line":28,"column":26}},"9":{"start":{"line":34,"column":8},"end":{"line":34,"column":29}},"10":{"start":{"line":35,"column":8},"end":{"line":35,"column":47}},"11":{"start":{"line":36,"column":8},"end":{"line":36,"column":30}},"12":{"start":{"line":40,"column":8},"end":{"line":40,"column":71}},"13":{"start":{"line":41,"column":8},"end":{"line":41,"column":1383}},"14":{"start":{"line":42,"column":12},"end":{"line":42,"column":24}},"15":{"start":{"line":44,"column":12},"end":{"line":44,"column":23}},"16":{"start":{"line":50,"column":8},"end":{"line":50,"column":1622}},"17":{"start":{"line":51,"column":12},"end":{"line":51,"column":36}},"18":{"start":{"line":53,"column":12},"end":{"line":53,"column":20}}},"branchMap":{"1":{"line":16,"type":"if","locations":[{"start":{"line":16,"column":8},"end":{"line":16,"column":8}},{"start":{"line":16,"column":8},"end":{"line":16,"column":8}}]},"2":{"line":34,"type":"if","locations":[{"start":{"line":34,"column":8},"end":{"line":34,"column":8}},{"start":{"line":34,"column":8},"end":{"line":34,"column":8}}]},"3":{"line":35,"type":"if","locations":[{"start":{"line":35,"column":8},"end":{"line":35,"column":8}},{"start":{"line":35,"column":8},"end":{"line":35,"column":8}}]},"4":{"line":40,"type":"if","locations":[{"start":{"line":40,"column":8},"end":{"line":40,"column":8}},{"start":{"line":40,"column":8},"end":{"line":40,"column":8}}]},"5":{"line":41,"type":"if","locations":[{"start":{"line":41,"column":8},"end":{"line":41,"column":8}},{"start":{"line":41,"column":8},"end":{"line":41,"column":8}}]},"6":{"line":50,"type":"if","locations":[{"start":{"line":50,"column":8},"end":{"line":50,"column":8}},{"start":{"line":50,"column":8},"end":{"line":50,"column":8}}]}}},"contracts/mockups/redeploys/BridgeMockupV2.sol":{"l":{"16":1,"17":1,"18":1,"19":1,"23":0,"24":0,"26":0,"31":0,"35":0},"path":"/Users/mcplums/Repos/RC_Contracts/contracts/mockups/redeploys/BridgeMockupV2.sol","s":{"1":1,"2":0,"3":0,"4":0,"5":0,"6":0},"b":{"1":[0,0]},"f":{"1":1,"2":0,"3":0,"4":0},"fnMap":{"1":{"name":"requireToPassMessage","line":15,"loc":{"start":{"line":15,"column":4},"end":{"line":20,"column":4}}},"2":{"name":"messageSender","line":22,"loc":{"start":{"line":22,"column":4},"end":{"line":28,"column":4}}},"3":{"name":"setProxyMainnetAddress","line":30,"loc":{"start":{"line":30,"column":4},"end":{"line":32,"column":4}}},"4":{"name":"setProxyXdaiAddress","line":34,"loc":{"start":{"line":34,"column":4},"end":{"line":36,"column":4}}}},"statementMap":{"1":{"start":{"line":19,"column":8},"end":{"line":19,"column":18}},"2":{"start":{"line":23,"column":8},"end":{"line":23,"column":674}},"3":{"start":{"line":24,"column":12},"end":{"line":24,"column":41}},"4":{"start":{"line":26,"column":12},"end":{"line":26,"column":44}},"5":{"start":{"line":31,"column":8},"end":{"line":31,"column":46}},"6":{"start":{"line":35,"column":8},"end":{"line":35,"column":43}}},"branchMap":{"1":{"line":23,"type":"if","locations":[{"start":{"line":23,"column":8},"end":{"line":23,"column":8}},{"start":{"line":23,"column":8},"end":{"line":23,"column":8}}]}}},"contracts/mockups/redeploys/RCFactoryV2.sol":{"l":{"95":1,"98":1,"101":1,"105":1,"106":1,"107":1,"115":1,"119":1,"123":1,"131":5,"132":5,"147":1,"148":1,"149":1,"150":1,"151":1,"152":1,"157":1,"162":1,"169":1,"176":1,"177":1,"182":0,"187":0,"192":0,"197":0,"198":0,"203":0,"204":0,"211":0,"221":0,"222":0,"227":0,"232":0,"237":5,"250":1,"252":1,"253":1,"255":1,"257":1,"261":0,"262":0,"287":1,"291":1,"293":1,"295":1,"296":1,"300":1,"301":1,"306":1,"307":0,"308":0,"311":1,"312":0,"315":1,"317":1,"321":1,"322":1,"323":1,"324":1,"336":1,"337":1,"338":20,"339":20,"343":1,"346":1,"347":1,"350":1,"351":1,"352":1,"355":1,"356":1,"359":1,"360":0,"363":1},"path":"/Users/mcplums/Repos/RC_Contracts/contracts/mockups/redeploys/RCFactoryV2.sol","s":{"1":1,"2":1,"3":1,"4":1,"5":1,"6":1,"7":1,"8":1,"9":1,"10":5,"11":1,"12":1,"13":1,"14":1,"15":1,"16":1,"17":1,"18":1,"19":1,"20":1,"21":1,"22":0,"23":0,"24":0,"25":0,"26":0,"27":0,"28":0,"29":0,"30":0,"31":0,"32":0,"33":0,"34":5,"35":1,"36":1,"37":1,"38":1,"39":1,"40":0,"41":0,"42":1,"43":1,"44":1,"45":1,"46":1,"47":1,"48":1,"49":1,"50":0,"51":0,"52":1,"53":0,"54":1,"55":1,"56":1,"57":1,"58":1,"59":1,"60":1,"61":1,"62":20,"63":20,"64":1,"65":1,"66":1,"67":1,"68":1,"69":1,"70":1,"71":1,"72":1,"73":0,"74":1},"b":{"1":[5,0],"2":[1,0],"3":[1,0],"4":[0,0],"5":[1,0],"6":[1,0],"7":[1,0],"8":[1,0],"9":[1,0],"10":[1,0],"11":[0,1],"12":[0,0],"13":[0,0],"14":[0,1],"15":[0,0],"16":[1,0],"17":[1,0],"18":[1,0],"19":[0,1]},"f":{"1":1,"2":1,"3":1,"4":1,"5":5,"6":1,"7":1,"8":1,"9":1,"10":1,"11":0,"12":0,"13":0,"14":0,"15":0,"16":0,"17":0,"18":0,"19":0,"20":5,"21":1,"22":0,"23":1},"fnMap":{"1":{"name":"constructor","line":92,"loc":{"start":{"line":92,"column":4},"end":{"line":108,"column":4}}},"2":{"name":"getMostRecentMarket","line":114,"loc":{"start":{"line":114,"column":4},"end":{"line":116,"column":4}}},"3":{"name":"getAllMarkets","line":118,"loc":{"start":{"line":118,"column":4},"end":{"line":120,"column":4}}},"4":{"name":"getPotDistribution","line":122,"loc":{"start":{"line":122,"column":4},"end":{"line":124,"column":4}}},"5":{"name":"onlyGovernors","line":130,"loc":{"start":{"line":130,"column":4},"end":{"line":133,"column":4}}},"6":{"name":"setPotDistribution","line":146,"loc":{"start":{"line":146,"column":4},"end":{"line":153,"column":4}}},"7":{"name":"setMinimumPriceIncrease","line":156,"loc":{"start":{"line":156,"column":4},"end":{"line":158,"column":4}}},"8":{"name":"setHotPotatoPayment","line":161,"loc":{"start":{"line":161,"column":4},"end":{"line":163,"column":4}}},"9":{"name":"setProxyXdaiAddress","line":168,"loc":{"start":{"line":168,"column":4},"end":{"line":170,"column":4}}},"10":{"name":"setNftHubAddress","line":175,"loc":{"start":{"line":175,"column":4},"end":{"line":178,"column":4}}},"11":{"name":"setMarketCreationGovernorsOnly","line":181,"loc":{"start":{"line":181,"column":4},"end":{"line":183,"column":4}}},"12":{"name":"setSponsorshipRequired","line":186,"loc":{"start":{"line":186,"column":4},"end":{"line":188,"column":4}}},"13":{"name":"setTrapCardsIfUnapproved","line":191,"loc":{"start":{"line":191,"column":4},"end":{"line":193,"column":4}}},"14":{"name":"setAdvancedWarning","line":196,"loc":{"start":{"line":196,"column":4},"end":{"line":199,"column":4}}},"15":{"name":"setMaximumDuration","line":202,"loc":{"start":{"line":202,"column":4},"end":{"line":205,"column":4}}},"16":{"name":"addOrRemoveGovernor","line":210,"loc":{"start":{"line":210,"column":4},"end":{"line":212,"column":4}}},"17":{"name":"approveOrUnapproveMarket","line":220,"loc":{"start":{"line":220,"column":4},"end":{"line":223,"column":4}}},"18":{"name":"addOrRemoveArtist","line":226,"loc":{"start":{"line":226,"column":4},"end":{"line":228,"column":4}}},"19":{"name":"addOrRemoveAffiliate","line":231,"loc":{"start":{"line":231,"column":4},"end":{"line":233,"column":4}}},"20":{"name":"addOrRemoveCardAffiliate","line":236,"loc":{"start":{"line":236,"column":4},"end":{"line":238,"column":4}}},"21":{"name":"setReferenceContractAddress","line":249,"loc":{"start":{"line":249,"column":4},"end":{"line":258,"column":4}}},"22":{"name":"changeUberOwner","line":260,"loc":{"start":{"line":260,"column":4},"end":{"line":263,"column":4}}},"23":{"name":"createMarket","line":276,"loc":{"start":{"line":276,"column":4},"end":{"line":364,"column":4}}}},"statementMap":{"1":{"start":{"line":95,"column":8},"end":{"line":95,"column":51}},"2":{"start":{"line":98,"column":8},"end":{"line":98,"column":29}},"3":{"start":{"line":101,"column":8},"end":{"line":101,"column":34}},"4":{"start":{"line":105,"column":8},"end":{"line":105,"column":40}},"5":{"start":{"line":106,"column":8},"end":{"line":106,"column":34}},"6":{"start":{"line":107,"column":8},"end":{"line":107,"column":29}},"7":{"start":{"line":115,"column":8},"end":{"line":115,"column":70}},"8":{"start":{"line":119,"column":8},"end":{"line":119,"column":37}},"9":{"start":{"line":123,"column":8},"end":{"line":123,"column":30}},"10":{"start":{"line":131,"column":8},"end":{"line":131,"column":80}},"11":{"start":{"line":147,"column":8},"end":{"line":147,"column":144}},"12":{"start":{"line":148,"column":8},"end":{"line":148,"column":38}},"13":{"start":{"line":149,"column":8},"end":{"line":149,"column":38}},"14":{"start":{"line":150,"column":8},"end":{"line":150,"column":39}},"15":{"start":{"line":151,"column":8},"end":{"line":151,"column":41}},"16":{"start":{"line":152,"column":8},"end":{"line":152,"column":45}},"17":{"start":{"line":157,"column":8},"end":{"line":157,"column":46}},"18":{"start":{"line":162,"column":8},"end":{"line":162,"column":37}},"19":{"start":{"line":169,"column":8},"end":{"line":169,"column":26}},"20":{"start":{"line":176,"column":8},"end":{"line":176,"column":27}},"21":{"start":{"line":177,"column":8},"end":{"line":177,"column":43}},"22":{"start":{"line":182,"column":8},"end":{"line":182,"column":79}},"23":{"start":{"line":187,"column":8},"end":{"line":187,"column":33}},"24":{"start":{"line":192,"column":8},"end":{"line":192,"column":57}},"25":{"start":{"line":197,"column":8},"end":{"line":197,"column":44}},"26":{"start":{"line":198,"column":8},"end":{"line":198,"column":52}},"27":{"start":{"line":203,"column":8},"end":{"line":203,"column":44}},"28":{"start":{"line":204,"column":8},"end":{"line":204,"column":52}},"29":{"start":{"line":211,"column":8},"end":{"line":211,"column":65}},"30":{"start":{"line":221,"column":8},"end":{"line":221,"column":75}},"31":{"start":{"line":222,"column":8},"end":{"line":222,"column":66}},"32":{"start":{"line":227,"column":8},"end":{"line":227,"column":75}},"33":{"start":{"line":232,"column":8},"end":{"line":232,"column":87}},"34":{"start":{"line":237,"column":8},"end":{"line":237,"column":95}},"35":{"start":{"line":250,"column":8},"end":{"line":250,"column":61}},"36":{"start":{"line":252,"column":8},"end":{"line":252,"column":62}},"37":{"start":{"line":253,"column":8},"end":{"line":253,"column":45}},"38":{"start":{"line":255,"column":8},"end":{"line":255,"column":45}},"39":{"start":{"line":257,"column":8},"end":{"line":257,"column":65}},"40":{"start":{"line":261,"column":8},"end":{"line":261,"column":61}},"41":{"start":{"line":262,"column":8},"end":{"line":262,"column":32}},"42":{"start":{"line":287,"column":8},"end":{"line":287,"column":76}},"43":{"start":{"line":291,"column":8},"end":{"line":291,"column":103}},"44":{"start":{"line":293,"column":8},"end":{"line":293,"column":115}},"45":{"start":{"line":295,"column":8},"end":{"line":295,"column":12797}},"46":{"start":{"line":296,"column":12},"end":{"line":296,"column":146}},"47":{"start":{"line":300,"column":8},"end":{"line":300,"column":13070}},"48":{"start":{"line":301,"column":12},"end":{"line":301,"column":84}},"49":{"start":{"line":306,"column":8},"end":{"line":306,"column":13276}},"50":{"start":{"line":307,"column":12},"end":{"line":307,"column":72}},"51":{"start":{"line":308,"column":12},"end":{"line":308,"column":87}},"52":{"start":{"line":311,"column":8},"end":{"line":311,"column":13525}},"53":{"start":{"line":312,"column":12},"end":{"line":312,"column":86}},"54":{"start":{"line":315,"column":8},"end":{"line":315,"column":129}},"55":{"start":{"line":317,"column":8},"end":{"line":317,"column":51}},"56":{"start":{"line":321,"column":8},"end":{"line":321,"column":67}},"57":{"start":{"line":322,"column":8},"end":{"line":322,"column":105}},"58":{"start":{"line":323,"column":8},"end":{"line":323,"column":105}},"59":{"start":{"line":324,"column":8},"end":{"line":324,"column":14341}},"60":{"start":{"line":336,"column":8},"end":{"line":336,"column":63}},"61":{"start":{"line":337,"column":8},"end":{"line":337,"column":14854}},"62":{"start":{"line":338,"column":12},"end":{"line":338,"column":55}},"63":{"start":{"line":339,"column":12},"end":{"line":339,"column":71}},"64":{"start":{"line":343,"column":8},"end":{"line":343,"column":65}},"65":{"start":{"line":346,"column":8},"end":{"line":346,"column":66}},"66":{"start":{"line":347,"column":8},"end":{"line":347,"column":73}},"67":{"start":{"line":350,"column":8},"end":{"line":350,"column":46}},"68":{"start":{"line":351,"column":8},"end":{"line":351,"column":43}},"69":{"start":{"line":352,"column":8},"end":{"line":352,"column":44}},"70":{"start":{"line":355,"column":8},"end":{"line":355,"column":47}},"71":{"start":{"line":356,"column":8},"end":{"line":356,"column":43}},"72":{"start":{"line":359,"column":8},"end":{"line":359,"column":15711}},"73":{"start":{"line":360,"column":12},"end":{"line":360,"column":58}},"74":{"start":{"line":363,"column":8},"end":{"line":363,"column":26}}},"branchMap":{"1":{"line":131,"type":"if","locations":[{"start":{"line":131,"column":8},"end":{"line":131,"column":8}},{"start":{"line":131,"column":8},"end":{"line":131,"column":8}}]},"2":{"line":147,"type":"if","locations":[{"start":{"line":147,"column":8},"end":{"line":147,"column":8}},{"start":{"line":147,"column":8},"end":{"line":147,"column":8}}]},"3":{"line":250,"type":"if","locations":[{"start":{"line":250,"column":8},"end":{"line":250,"column":8}},{"start":{"line":250,"column":8},"end":{"line":250,"column":8}}]},"4":{"line":261,"type":"if","locations":[{"start":{"line":261,"column":8},"end":{"line":261,"column":8}},{"start":{"line":261,"column":8},"end":{"line":261,"column":8}}]},"5":{"line":287,"type":"if","locations":[{"start":{"line":287,"column":8},"end":{"line":287,"column":8}},{"start":{"line":287,"column":8},"end":{"line":287,"column":8}}]},"6":{"line":291,"type":"if","locations":[{"start":{"line":291,"column":8},"end":{"line":291,"column":8}},{"start":{"line":291,"column":8},"end":{"line":291,"column":8}}]},"7":{"line":293,"type":"if","locations":[{"start":{"line":293,"column":8},"end":{"line":293,"column":8}},{"start":{"line":293,"column":8},"end":{"line":293,"column":8}}]},"8":{"line":296,"type":"if","locations":[{"start":{"line":296,"column":12},"end":{"line":296,"column":12}},{"start":{"line":296,"column":12},"end":{"line":296,"column":12}}]},"9":{"line":300,"type":"if","locations":[{"start":{"line":300,"column":8},"end":{"line":300,"column":8}},{"start":{"line":300,"column":8},"end":{"line":300,"column":8}}]},"10":{"line":301,"type":"if","locations":[{"start":{"line":301,"column":12},"end":{"line":301,"column":12}},{"start":{"line":301,"column":12},"end":{"line":301,"column":12}}]},"11":{"line":306,"type":"if","locations":[{"start":{"line":306,"column":8},"end":{"line":306,"column":8}},{"start":{"line":306,"column":8},"end":{"line":306,"column":8}}]},"12":{"line":307,"type":"if","locations":[{"start":{"line":307,"column":12},"end":{"line":307,"column":12}},{"start":{"line":307,"column":12},"end":{"line":307,"column":12}}]},"13":{"line":308,"type":"if","locations":[{"start":{"line":308,"column":12},"end":{"line":308,"column":12}},{"start":{"line":308,"column":12},"end":{"line":308,"column":12}}]},"14":{"line":311,"type":"if","locations":[{"start":{"line":311,"column":8},"end":{"line":311,"column":8}},{"start":{"line":311,"column":8},"end":{"line":311,"column":8}}]},"15":{"line":312,"type":"if","locations":[{"start":{"line":312,"column":12},"end":{"line":312,"column":12}},{"start":{"line":312,"column":12},"end":{"line":312,"column":12}}]},"16":{"line":315,"type":"if","locations":[{"start":{"line":315,"column":8},"end":{"line":315,"column":8}},{"start":{"line":315,"column":8},"end":{"line":315,"column":8}}]},"17":{"line":336,"type":"if","locations":[{"start":{"line":336,"column":8},"end":{"line":336,"column":8}},{"start":{"line":336,"column":8},"end":{"line":336,"column":8}}]},"18":{"line":346,"type":"if","locations":[{"start":{"line":346,"column":8},"end":{"line":346,"column":8}},{"start":{"line":346,"column":8},"end":{"line":346,"column":8}}]},"19":{"line":359,"type":"if","locations":[{"start":{"line":359,"column":8},"end":{"line":359,"column":8}},{"start":{"line":359,"column":8},"end":{"line":359,"column":8}}]}}},"contracts/mockups/redeploys/RCMarketXdaiV2.sol":{"l":{"159":1,"162":1,"165":1,"166":1,"167":1,"168":1,"171":1,"174":1,"175":1,"176":1,"177":1,"178":1,"179":1,"180":1,"181":1,"182":1,"183":1,"184":1,"185":1,"186":1,"187":1,"188":1,"189":1,"190":1,"191":1,"194":1,"195":1,"199":1,"200":1,"205":1,"206":0,"207":0,"208":0,"212":1,"216":1,"217":0,"221":1,"222":1,"225":1,"233":2,"234":2,"239":1,"240":0,"242":1,"247":1,"248":1,"249":0,"255":0,"256":0,"261":0,"262":0,"272":0,"273":0,"274":0,"275":0,"276":0,"277":0,"278":0,"285":0,"286":0,"291":0,"300":24,"301":24,"306":0,"307":0,"312":1,"313":1,"314":1,"325":0,"327":0,"328":0,"329":0,"335":0,"337":0,"338":0,"340":0,"341":0,"347":0,"348":0,"349":0,"350":0,"352":0,"358":0,"359":0,"361":0,"362":0,"365":0,"366":0,"367":0,"368":0,"369":0,"370":0,"371":0,"377":0,"378":0,"379":0,"380":0,"381":0,"382":0,"387":0,"392":0,"393":0,"395":0,"396":0,"407":0,"408":0,"409":0,"414":0,"415":0,"416":0,"417":0,"422":0,"423":0,"424":0,"428":0,"429":0,"430":0,"431":0,"438":0,"439":0,"440":0,"441":0,"442":0,"443":0,"444":0,"446":0,"459":1,"460":20,"467":0,"468":0,"469":0,"471":0,"473":0,"474":0,"475":0,"476":0,"477":0,"479":0,"481":0,"488":1,"489":1,"490":1,"492":1,"494":1,"497":1,"498":0,"502":1,"503":1,"506":1,"507":0,"509":1,"512":1,"513":1,"515":0,"518":1,"523":0,"525":0,"526":0,"528":0,"529":0,"531":0,"532":0,"540":0,"542":0,"545":0,"546":0,"549":0,"553":0,"554":0,"555":0,"557":0,"562":0,"563":0,"569":0,"570":0,"571":0,"573":0,"574":0,"576":0,"578":0,"579":0,"581":0,"592":20,"595":20,"596":0,"597":0,"598":0,"601":0,"602":0,"603":0,"604":0,"606":0,"610":0,"612":0,"614":0,"615":0,"618":0,"619":0,"621":0,"624":0,"626":0,"628":0,"629":0,"630":0,"631":0,"632":0,"633":0,"636":0,"637":0,"638":0,"641":0,"642":0,"648":20,"655":1,"656":1,"658":1,"659":1,"662":0,"669":0,"671":0,"673":0,"674":0,"676":0,"677":0,"678":0,"679":0,"682":0,"685":0,"687":0,"688":0,"689":0,"690":0,"693":0,"694":0,"700":0,"701":0,"702":0,"704":0,"705":0,"707":0,"709":0,"718":1,"724":1,"725":1,"726":1,"727":1,"734":0,"735":0,"737":0,"738":0,"743":0,"745":0,"746":0,"747":0,"748":0,"751":0,"759":0,"762":0,"763":0,"767":0,"768":0,"769":0,"774":0,"775":0,"776":0,"777":0,"778":0,"781":0,"796":0,"797":0,"800":0,"801":0,"802":0,"803":0,"804":0,"810":0,"811":0,"812":0,"813":0,"818":1,"819":1,"820":1,"831":0,"832":0,"833":0,"834":0},"path":"/Users/mcplums/Repos/RC_Contracts/contracts/mockups/redeploys/RCMarketXdaiV2.sol","s":{"1":1,"2":1,"3":1,"4":1,"5":1,"6":1,"7":1,"8":1,"9":1,"10":1,"11":1,"12":1,"13":1,"14":1,"15":1,"16":1,"17":1,"18":1,"19":1,"20":1,"21":1,"22":1,"23":1,"24":1,"25":1,"26":1,"27":1,"28":1,"29":1,"30":1,"31":0,"32":0,"33":0,"34":1,"35":1,"36":0,"37":1,"38":1,"39":1,"40":2,"41":1,"42":0,"43":1,"44":0,"45":0,"46":0,"47":0,"48":0,"49":0,"50":0,"51":0,"52":0,"53":0,"54":0,"55":0,"56":0,"57":24,"58":24,"59":0,"60":0,"61":1,"62":1,"63":1,"64":0,"65":0,"66":0,"67":0,"68":0,"69":0,"70":0,"71":0,"72":0,"73":0,"74":0,"75":0,"76":0,"77":0,"78":0,"79":0,"80":0,"81":0,"82":0,"83":0,"84":0,"85":0,"86":0,"87":0,"88":0,"89":0,"90":0,"91":0,"92":0,"93":0,"94":0,"95":0,"96":0,"97":0,"98":0,"99":0,"100":0,"101":0,"102":0,"103":0,"104":0,"105":0,"106":0,"107":0,"108":0,"109":0,"110":0,"111":0,"112":0,"113":0,"114":0,"115":0,"116":0,"117":0,"118":0,"119":0,"120":0,"121":0,"122":1,"123":20,"124":0,"125":0,"126":0,"127":0,"128":0,"129":0,"130":0,"131":0,"132":0,"133":0,"134":0,"135":1,"136":1,"137":1,"138":1,"139":1,"140":1,"141":0,"142":1,"143":1,"144":1,"145":0,"146":1,"147":1,"148":1,"149":0,"150":1,"151":0,"152":0,"153":0,"154":0,"155":0,"156":0,"157":0,"158":0,"159":0,"160":0,"161":0,"162":0,"163":0,"164":0,"165":0,"166":0,"167":0,"168":0,"169":0,"170":0,"171":0,"172":0,"173":0,"174":0,"175":0,"176":0,"177":20,"178":20,"179":0,"180":0,"181":0,"182":0,"183":0,"184":0,"185":0,"186":0,"187":0,"188":0,"189":0,"190":0,"191":0,"192":0,"193":0,"194":0,"195":0,"196":0,"197":0,"198":0,"199":0,"200":0,"201":0,"202":0,"203":0,"204":0,"205":0,"206":0,"207":20,"208":1,"209":1,"210":1,"211":1,"212":0,"213":0,"214":0,"215":0,"216":0,"217":0,"218":0,"219":0,"220":0,"221":0,"222":0,"223":0,"224":0,"225":0,"226":0,"227":0,"228":0,"229":0,"230":0,"231":0,"232":0,"233":0,"234":0,"235":0,"236":1,"237":1,"238":1,"239":1,"240":1,"241":0,"242":0,"243":0,"244":0,"245":0,"246":0,"247":0,"248":0,"249":0,"250":0,"251":0,"252":0,"253":0,"254":0,"255":0,"256":0,"257":0,"258":0,"259":0,"260":0,"261":0,"262":0,"263":0,"264":0,"265":0,"266":0,"267":0,"268":0,"269":0,"270":0,"271":0,"272":1,"273":1,"274":1,"275":0,"276":0,"277":0,"278":0},"b":{"1":[1,0],"2":[1,0],"3":[0,1],"4":[0,0],"5":[0,1],"6":[1,0],"7":[2,0],"8":[0,1],"9":[0,1],"10":[0,0],"11":[0,0],"12":[0,0],"13":[1,0],"14":[0,0],"15":[0,0],"16":[0,0],"17":[0,0],"18":[0,0],"19":[0,0],"20":[0,0],"21":[0,0],"22":[0,0],"23":[0,0],"24":[0,0],"25":[0,0],"26":[0,0],"27":[0,0],"28":[0,0],"29":[0,0],"30":[0,0],"31":[0,0],"32":[0,0],"33":[1,0],"34":[1,0],"35":[1,0],"36":[0,1],"37":[1,0],"38":[0,1],"39":[1,0],"40":[1,0],"41":[0,0],"42":[0,0],"43":[0,0],"44":[0,0],"45":[0,0],"46":[0,0],"47":[0,0],"48":[0,20],"49":[0,0],"50":[0,0],"51":[0,0],"52":[0,0],"53":[0,0],"54":[1,0],"55":[0,0],"56":[0,0],"57":[0,0],"58":[0,0],"59":[0,0],"60":[0,1],"61":[0,0],"62":[0,0],"63":[0,0],"64":[0,0],"65":[0,0],"66":[0,0],"67":[0,0]},"f":{"1":1,"2":2,"3":1,"4":1,"5":0,"6":0,"7":0,"8":0,"9":0,"10":24,"11":0,"12":1,"13":0,"14":0,"15":0,"16":0,"17":0,"18":0,"19":0,"20":0,"21":0,"22":0,"23":0,"24":0,"25":1,"26":0,"27":1,"28":0,"29":0,"30":0,"31":0,"32":20,"33":1,"34":0,"35":1,"36":0,"37":0,"38":0,"39":1,"40":0},"fnMap":{"1":{"name":"initialize","line":158,"loc":{"start":{"line":149,"column":4},"end":{"line":226,"column":4}}},"2":{"name":"checkState","line":232,"loc":{"start":{"line":232,"column":4},"end":{"line":235,"column":4}}},"3":{"name":"autoUnlock","line":238,"loc":{"start":{"line":238,"column":4},"end":{"line":243,"column":4}}},"4":{"name":"autoLock","line":246,"loc":{"start":{"line":246,"column":4},"end":{"line":251,"column":4}}},"5":{"name":"amountNotZero","line":254,"loc":{"start":{"line":254,"column":4},"end":{"line":257,"column":4}}},"6":{"name":"onlyTokenOwner","line":260,"loc":{"start":{"line":260,"column":4},"end":{"line":263,"column":4}}},"7":{"name":"upgradeCard","line":271,"loc":{"start":{"line":271,"column":4},"end":{"line":279,"column":4}}},"8":{"name":"_getWinner","line":284,"loc":{"start":{"line":284,"column":4},"end":{"line":287,"column":4}}},"9":{"name":"_isQuestionFinalized","line":290,"loc":{"start":{"line":290,"column":4},"end":{"line":292,"column":4}}},"10":{"name":"ownerOf","line":299,"loc":{"start":{"line":299,"column":4},"end":{"line":302,"column":4}}},"11":{"name":"tokenURI","line":305,"loc":{"start":{"line":305,"column":4},"end":{"line":308,"column":4}}},"12":{"name":"_transferCard","line":311,"loc":{"start":{"line":311,"column":4},"end":{"line":315,"column":4}}},"13":{"name":"lockMarket","line":324,"loc":{"start":{"line":324,"column":4},"end":{"line":330,"column":4}}},"14":{"name":"determineWinner","line":334,"loc":{"start":{"line":334,"column":4},"end":{"line":342,"column":4}}},"15":{"name":"withdraw","line":346,"loc":{"start":{"line":346,"column":4},"end":{"line":354,"column":4}}},"16":{"name":"_payoutWinnings","line":357,"loc":{"start":{"line":357,"column":4},"end":{"line":372,"column":4}}},"17":{"name":"_returnRent","line":375,"loc":{"start":{"line":375,"column":4},"end":{"line":383,"column":4}}},"18":{"name":"_payout","line":386,"loc":{"start":{"line":386,"column":4},"end":{"line":388,"column":4}}},"19":{"name":"_processCardsAfterEvent","line":391,"loc":{"start":{"line":391,"column":4},"end":{"line":399,"column":4}}},"20":{"name":"payArtist","line":406,"loc":{"start":{"line":406,"column":4},"end":{"line":410,"column":4}}},"21":{"name":"payMarketCreator","line":413,"loc":{"start":{"line":413,"column":4},"end":{"line":418,"column":4}}},"22":{"name":"payAffiliate","line":421,"loc":{"start":{"line":421,"column":4},"end":{"line":425,"column":4}}},"23":{"name":"_processStakeholderPayment","line":427,"loc":{"start":{"line":427,"column":4},"end":{"line":433,"column":4}}},"24":{"name":"payCardAffiliate","line":437,"loc":{"start":{"line":437,"column":4},"end":{"line":449,"column":4}}},"25":{"name":"collectRentAllCards","line":458,"loc":{"start":{"line":458,"column":4},"end":{"line":462,"column":4}}},"26":{"name":"rentAllCards","line":465,"loc":{"start":{"line":465,"column":4},"end":{"line":484,"column":4}}},"27":{"name":"newRental","line":487,"loc":{"start":{"line":487,"column":4},"end":{"line":519,"column":4}}},"28":{"name":"updateTimeHeldLimit","line":522,"loc":{"start":{"line":522,"column":4},"end":{"line":533,"column":4}}},"29":{"name":"exit","line":538,"loc":{"start":{"line":538,"column":4},"end":{"line":558,"column":4}}},"30":{"name":"exitAll","line":561,"loc":{"start":{"line":561,"column":4},"end":{"line":565,"column":4}}},"31":{"name":"sponsor","line":568,"loc":{"start":{"line":568,"column":4},"end":{"line":582,"column":4}}},"32":{"name":"_collectRent","line":591,"loc":{"start":{"line":591,"column":4},"end":{"line":649,"column":4}}},"33":{"name":"_newBid","line":652,"loc":{"start":{"line":652,"column":4},"end":{"line":664,"column":4}}},"34":{"name":"_updateBid","line":667,"loc":{"start":{"line":667,"column":4},"end":{"line":712,"column":4}}},"35":{"name":"_setNewOwner","line":715,"loc":{"start":{"line":715,"column":4},"end":{"line":728,"column":4}}},"36":{"name":"_placeInList","line":731,"loc":{"start":{"line":731,"column":4},"end":{"line":770,"column":4}}},"37":{"name":"_revertToUnderbidder","line":773,"loc":{"start":{"line":773,"column":4},"end":{"line":806,"column":4}}},"38":{"name":"_foreclose","line":809,"loc":{"start":{"line":809,"column":4},"end":{"line":814,"column":4}}},"39":{"name":"_incrementState","line":817,"loc":{"start":{"line":817,"column":4},"end":{"line":821,"column":4}}},"40":{"name":"circuitBreaker","line":830,"loc":{"start":{"line":830,"column":4},"end":{"line":835,"column":4}}}},"statementMap":{"1":{"start":{"line":159,"column":8},"end":{"line":159,"column":25}},"2":{"start":{"line":162,"column":8},"end":{"line":162,"column":50}},"3":{"start":{"line":165,"column":8},"end":{"line":165,"column":37}},"4":{"start":{"line":166,"column":8},"end":{"line":166,"column":36}},"5":{"start":{"line":167,"column":8},"end":{"line":167,"column":30}},"6":{"start":{"line":168,"column":8},"end":{"line":168,"column":32}},"7":{"start":{"line":171,"column":8},"end":{"line":171,"column":35}},"8":{"start":{"line":174,"column":8},"end":{"line":174,"column":19}},"9":{"start":{"line":175,"column":8},"end":{"line":175,"column":39}},"10":{"start":{"line":176,"column":8},"end":{"line":176,"column":45}},"11":{"start":{"line":177,"column":8},"end":{"line":177,"column":41}},"12":{"start":{"line":178,"column":8},"end":{"line":178,"column":41}},"13":{"start":{"line":179,"column":8},"end":{"line":179,"column":44}},"14":{"start":{"line":180,"column":8},"end":{"line":180,"column":37}},"15":{"start":{"line":181,"column":8},"end":{"line":181,"column":51}},"16":{"start":{"line":182,"column":8},"end":{"line":182,"column":43}},"17":{"start":{"line":183,"column":8},"end":{"line":183,"column":55}},"18":{"start":{"line":184,"column":8},"end":{"line":184,"column":73}},"19":{"start":{"line":185,"column":8},"end":{"line":185,"column":60}},"20":{"start":{"line":186,"column":8},"end":{"line":186,"column":53}},"21":{"start":{"line":187,"column":8},"end":{"line":187,"column":38}},"22":{"start":{"line":188,"column":8},"end":{"line":188,"column":38}},"23":{"start":{"line":189,"column":8},"end":{"line":189,"column":39}},"24":{"start":{"line":190,"column":8},"end":{"line":190,"column":41}},"25":{"start":{"line":191,"column":8},"end":{"line":191,"column":45}},"26":{"start":{"line":194,"column":8},"end":{"line":194,"column":9275}},"27":{"start":{"line":195,"column":12},"end":{"line":195,"column":24}},"28":{"start":{"line":199,"column":8},"end":{"line":199,"column":9418}},"29":{"start":{"line":200,"column":12},"end":{"line":200,"column":27}},"30":{"start":{"line":205,"column":8},"end":{"line":205,"column":9609}},"31":{"start":{"line":206,"column":12},"end":{"line":206,"column":9682}},"32":{"start":{"line":207,"column":16},"end":{"line":207,"column":9748}},"33":{"start":{"line":208,"column":20},"end":{"line":208,"column":39}},"34":{"start":{"line":212,"column":12},"end":{"line":212,"column":31}},"35":{"start":{"line":216,"column":8},"end":{"line":216,"column":9990}},"36":{"start":{"line":217,"column":12},"end":{"line":217,"column":113}},"37":{"start":{"line":221,"column":8},"end":{"line":221,"column":10215}},"38":{"start":{"line":222,"column":12},"end":{"line":222,"column":28}},"39":{"start":{"line":225,"column":8},"end":{"line":225,"column":177}},"40":{"start":{"line":233,"column":8},"end":{"line":233,"column":56}},"41":{"start":{"line":239,"column":8},"end":{"line":239,"column":10823}},"42":{"start":{"line":240,"column":12},"end":{"line":240,"column":28}},"43":{"start":{"line":248,"column":8},"end":{"line":248,"column":11040}},"44":{"start":{"line":249,"column":12},"end":{"line":249,"column":23}},"45":{"start":{"line":255,"column":8},"end":{"line":255,"column":53}},"46":{"start":{"line":261,"column":8},"end":{"line":261,"column":61}},"47":{"start":{"line":272,"column":8},"end":{"line":272,"column":105}},"48":{"start":{"line":273,"column":8},"end":{"line":273,"column":52}},"49":{"start":{"line":274,"column":8},"end":{"line":274,"column":42}},"50":{"start":{"line":275,"column":8},"end":{"line":275,"column":64}},"51":{"start":{"line":276,"column":8},"end":{"line":276,"column":65}},"52":{"start":{"line":277,"column":8},"end":{"line":277,"column":64}},"53":{"start":{"line":278,"column":8},"end":{"line":278,"column":53}},"54":{"start":{"line":285,"column":8},"end":{"line":285,"column":64}},"55":{"start":{"line":286,"column":8},"end":{"line":286,"column":30}},"56":{"start":{"line":291,"column":8},"end":{"line":291,"column":47}},"57":{"start":{"line":300,"column":8},"end":{"line":300,"column":64}},"58":{"start":{"line":301,"column":8},"end":{"line":301,"column":45}},"59":{"start":{"line":306,"column":8},"end":{"line":306,"column":64}},"60":{"start":{"line":307,"column":8},"end":{"line":307,"column":46}},"61":{"start":{"line":312,"column":8},"end":{"line":312,"column":93}},"62":{"start":{"line":313,"column":8},"end":{"line":313,"column":64}},"63":{"start":{"line":314,"column":8},"end":{"line":314,"column":61}},"64":{"start":{"line":325,"column":8},"end":{"line":325,"column":66}},"65":{"start":{"line":327,"column":8},"end":{"line":327,"column":28}},"66":{"start":{"line":328,"column":8},"end":{"line":328,"column":24}},"67":{"start":{"line":329,"column":8},"end":{"line":329,"column":36}},"68":{"start":{"line":335,"column":8},"end":{"line":335,"column":61}},"69":{"start":{"line":337,"column":8},"end":{"line":337,"column":36}},"70":{"start":{"line":338,"column":8},"end":{"line":338,"column":24}},"71":{"start":{"line":340,"column":8},"end":{"line":340,"column":32}},"72":{"start":{"line":341,"column":8},"end":{"line":341,"column":43}},"73":{"start":{"line":347,"column":8},"end":{"line":347,"column":71}},"74":{"start":{"line":348,"column":8},"end":{"line":348,"column":47}},"75":{"start":{"line":349,"column":8},"end":{"line":349,"column":15208}},"76":{"start":{"line":350,"column":12},"end":{"line":350,"column":28}},"77":{"start":{"line":352,"column":13},"end":{"line":352,"column":25}},"78":{"start":{"line":358,"column":8},"end":{"line":358,"column":35}},"79":{"start":{"line":359,"column":8},"end":{"line":359,"column":139}},"80":{"start":{"line":361,"column":8},"end":{"line":361,"column":15666}},"81":{"start":{"line":362,"column":12},"end":{"line":362,"column":74}},"82":{"start":{"line":365,"column":8},"end":{"line":365,"column":77}},"83":{"start":{"line":366,"column":8},"end":{"line":366,"column":72}},"84":{"start":{"line":367,"column":8},"end":{"line":367,"column":64}},"85":{"start":{"line":368,"column":8},"end":{"line":368,"column":99}},"86":{"start":{"line":369,"column":8},"end":{"line":369,"column":55}},"87":{"start":{"line":370,"column":8},"end":{"line":370,"column":48}},"88":{"start":{"line":371,"column":8},"end":{"line":371,"column":62}},"89":{"start":{"line":377,"column":8},"end":{"line":377,"column":104}},"90":{"start":{"line":378,"column":8},"end":{"line":378,"column":62}},"91":{"start":{"line":379,"column":8},"end":{"line":379,"column":50}},"92":{"start":{"line":380,"column":8},"end":{"line":380,"column":86}},"93":{"start":{"line":381,"column":8},"end":{"line":381,"column":51}},"94":{"start":{"line":382,"column":8},"end":{"line":382,"column":65}},"95":{"start":{"line":387,"column":8},"end":{"line":387,"column":51}},"96":{"start":{"line":392,"column":8},"end":{"line":392,"column":17367}},"97":{"start":{"line":393,"column":12},"end":{"line":393,"column":17427}},"98":{"start":{"line":395,"column":16},"end":{"line":395,"column":60}},"99":{"start":{"line":396,"column":16},"end":{"line":396,"column":70}},"100":{"start":{"line":407,"column":8},"end":{"line":407,"column":50}},"101":{"start":{"line":408,"column":8},"end":{"line":408,"column":24}},"102":{"start":{"line":409,"column":8},"end":{"line":409,"column":59}},"103":{"start":{"line":414,"column":8},"end":{"line":414,"column":62}},"104":{"start":{"line":415,"column":8},"end":{"line":415,"column":52}},"105":{"start":{"line":416,"column":8},"end":{"line":416,"column":25}},"106":{"start":{"line":417,"column":8},"end":{"line":417,"column":67}},"107":{"start":{"line":422,"column":8},"end":{"line":422,"column":56}},"108":{"start":{"line":423,"column":8},"end":{"line":423,"column":27}},"109":{"start":{"line":424,"column":8},"end":{"line":424,"column":65}},"110":{"start":{"line":428,"column":8},"end":{"line":428,"column":18903}},"111":{"start":{"line":429,"column":12},"end":{"line":429,"column":67}},"112":{"start":{"line":430,"column":12},"end":{"line":430,"column":40}},"113":{"start":{"line":431,"column":12},"end":{"line":431,"column":57}},"114":{"start":{"line":438,"column":8},"end":{"line":438,"column":66}},"115":{"start":{"line":439,"column":8},"end":{"line":439,"column":31}},"116":{"start":{"line":440,"column":8},"end":{"line":440,"column":19408}},"117":{"start":{"line":441,"column":12},"end":{"line":441,"column":19452}},"118":{"start":{"line":442,"column":16},"end":{"line":442,"column":102}},"119":{"start":{"line":443,"column":16},"end":{"line":443,"column":19620}},"120":{"start":{"line":444,"column":20},"end":{"line":444,"column":76}},"121":{"start":{"line":446,"column":16},"end":{"line":446,"column":89}},"122":{"start":{"line":459,"column":7},"end":{"line":459,"column":20288}},"123":{"start":{"line":460,"column":12},"end":{"line":460,"column":26}},"124":{"start":{"line":467,"column":8},"end":{"line":467,"column":34}},"125":{"start":{"line":468,"column":8},"end":{"line":468,"column":20579}},"126":{"start":{"line":469,"column":12},"end":{"line":469,"column":64}},"127":{"start":{"line":471,"column":8},"end":{"line":471,"column":72}},"128":{"start":{"line":473,"column":8},"end":{"line":473,"column":20784}},"129":{"start":{"line":474,"column":12},"end":{"line":474,"column":20844}},"130":{"start":{"line":475,"column":16},"end":{"line":475,"column":30}},"131":{"start":{"line":476,"column":16},"end":{"line":476,"column":20929}},"132":{"start":{"line":477,"column":20},"end":{"line":477,"column":85}},"133":{"start":{"line":479,"column":20},"end":{"line":479,"column":38}},"134":{"start":{"line":481,"column":16},"end":{"line":481,"column":53}},"135":{"start":{"line":488,"column":8},"end":{"line":488,"column":60}},"136":{"start":{"line":489,"column":8},"end":{"line":489,"column":70}},"137":{"start":{"line":490,"column":8},"end":{"line":490,"column":99}},"138":{"start":{"line":492,"column":8},"end":{"line":492,"column":35}},"139":{"start":{"line":494,"column":8},"end":{"line":494,"column":28}},"140":{"start":{"line":497,"column":8},"end":{"line":497,"column":21760}},"141":{"start":{"line":498,"column":12},"end":{"line":498,"column":65}},"142":{"start":{"line":502,"column":8},"end":{"line":502,"column":70}},"143":{"start":{"line":503,"column":8},"end":{"line":503,"column":103}},"144":{"start":{"line":506,"column":8},"end":{"line":506,"column":22115}},"145":{"start":{"line":507,"column":12},"end":{"line":507,"column":39}},"146":{"start":{"line":509,"column":8},"end":{"line":509,"column":102}},"147":{"start":{"line":512,"column":8},"end":{"line":512,"column":22460}},"148":{"start":{"line":513,"column":12},"end":{"line":513,"column":74}},"149":{"start":{"line":515,"column":12},"end":{"line":515,"column":77}},"150":{"start":{"line":518,"column":8},"end":{"line":518,"column":75}},"151":{"start":{"line":523,"column":8},"end":{"line":523,"column":28}},"152":{"start":{"line":525,"column":8},"end":{"line":525,"column":23010}},"153":{"start":{"line":526,"column":12},"end":{"line":526,"column":39}},"154":{"start":{"line":528,"column":8},"end":{"line":528,"column":70}},"155":{"start":{"line":529,"column":8},"end":{"line":529,"column":102}},"156":{"start":{"line":531,"column":8},"end":{"line":531,"column":70}},"157":{"start":{"line":532,"column":8},"end":{"line":532,"column":74}},"158":{"start":{"line":540,"column":8},"end":{"line":540,"column":23856}},"159":{"start":{"line":542,"column":12},"end":{"line":542,"column":33}},"160":{"start":{"line":545,"column":12},"end":{"line":545,"column":24102}},"161":{"start":{"line":546,"column":16},"end":{"line":546,"column":45}},"162":{"start":{"line":549,"column":16},"end":{"line":549,"column":66}},"163":{"start":{"line":553,"column":12},"end":{"line":553,"column":114}},"164":{"start":{"line":554,"column":12},"end":{"line":554,"column":114}},"165":{"start":{"line":557,"column":8},"end":{"line":557,"column":49}},"166":{"start":{"line":562,"column":8},"end":{"line":562,"column":24916}},"167":{"start":{"line":563,"column":12},"end":{"line":563,"column":18}},"168":{"start":{"line":569,"column":8},"end":{"line":569,"column":52}},"169":{"start":{"line":570,"column":8},"end":{"line":570,"column":57}},"170":{"start":{"line":571,"column":8},"end":{"line":571,"column":59}},"171":{"start":{"line":573,"column":8},"end":{"line":573,"column":50}},"172":{"start":{"line":574,"column":8},"end":{"line":574,"column":53}},"173":{"start":{"line":576,"column":8},"end":{"line":576,"column":83}},"174":{"start":{"line":578,"column":8},"end":{"line":578,"column":25673}},"175":{"start":{"line":579,"column":12},"end":{"line":579,"column":90}},"176":{"start":{"line":581,"column":8},"end":{"line":581,"column":34}},"177":{"start":{"line":592,"column":8},"end":{"line":592,"column":43}},"178":{"start":{"line":595,"column":8},"end":{"line":595,"column":26436}},"179":{"start":{"line":596,"column":12},"end":{"line":596,"column":101}},"180":{"start":{"line":597,"column":12},"end":{"line":597,"column":56}},"181":{"start":{"line":598,"column":12},"end":{"line":598,"column":66}},"182":{"start":{"line":601,"column":12},"end":{"line":601,"column":34}},"183":{"start":{"line":602,"column":12},"end":{"line":602,"column":88}},"184":{"start":{"line":603,"column":12},"end":{"line":603,"column":26934}},"185":{"start":{"line":604,"column":16},"end":{"line":604,"column":43}},"186":{"start":{"line":606,"column":16},"end":{"line":606,"column":121}},"187":{"start":{"line":610,"column":12},"end":{"line":610,"column":27237}},"188":{"start":{"line":612,"column":16},"end":{"line":612,"column":27377}},"189":{"start":{"line":614,"column":20},"end":{"line":614,"column":145}},"190":{"start":{"line":615,"column":20},"end":{"line":615,"column":39}},"191":{"start":{"line":618,"column":20},"end":{"line":618,"column":151}},"192":{"start":{"line":619,"column":20},"end":{"line":619,"column":45}},"193":{"start":{"line":621,"column":16},"end":{"line":621,"column":45}},"194":{"start":{"line":624,"column":12},"end":{"line":624,"column":28049}},"195":{"start":{"line":626,"column":16},"end":{"line":626,"column":68}},"196":{"start":{"line":628,"column":16},"end":{"line":628,"column":103}},"197":{"start":{"line":629,"column":16},"end":{"line":629,"column":116}},"198":{"start":{"line":630,"column":16},"end":{"line":630,"column":90}},"199":{"start":{"line":631,"column":16},"end":{"line":631,"column":101}},"200":{"start":{"line":632,"column":16},"end":{"line":632,"column":87}},"201":{"start":{"line":633,"column":16},"end":{"line":633,"column":61}},"202":{"start":{"line":636,"column":16},"end":{"line":636,"column":28880}},"203":{"start":{"line":637,"column":20},"end":{"line":637,"column":83}},"204":{"start":{"line":638,"column":20},"end":{"line":638,"column":60}},"205":{"start":{"line":641,"column":16},"end":{"line":641,"column":105}},"206":{"start":{"line":642,"column":16},"end":{"line":642,"column":77}},"207":{"start":{"line":648,"column":8},"end":{"line":648,"column":58}},"208":{"start":{"line":655,"column":8},"end":{"line":655,"column":58}},"209":{"start":{"line":656,"column":8},"end":{"line":656,"column":94}},"210":{"start":{"line":658,"column":8},"end":{"line":658,"column":30082}},"211":{"start":{"line":659,"column":12},"end":{"line":659,"column":60}},"212":{"start":{"line":662,"column":12},"end":{"line":662,"column":79}},"213":{"start":{"line":669,"column":8},"end":{"line":669,"column":30}},"214":{"start":{"line":671,"column":8},"end":{"line":671,"column":57}},"215":{"start":{"line":673,"column":8},"end":{"line":673,"column":30762}},"216":{"start":{"line":674,"column":12},"end":{"line":674,"column":89}},"217":{"start":{"line":676,"column":12},"end":{"line":676,"column":31009}},"218":{"start":{"line":677,"column":16},"end":{"line":677,"column":65}},"219":{"start":{"line":678,"column":16},"end":{"line":678,"column":78}},"220":{"start":{"line":679,"column":16},"end":{"line":679,"column":42}},"221":{"start":{"line":681,"column":19},"end":{"line":681,"column":31377}},"222":{"start":{"line":682,"column":16},"end":{"line":682,"column":45}},"223":{"start":{"line":685,"column":16},"end":{"line":685,"column":142}},"224":{"start":{"line":687,"column":16},"end":{"line":687,"column":31791}},"225":{"start":{"line":688,"column":20},"end":{"line":688,"column":69}},"226":{"start":{"line":689,"column":20},"end":{"line":689,"column":82}},"227":{"start":{"line":690,"column":20},"end":{"line":690,"column":46}},"228":{"start":{"line":693,"column":20},"end":{"line":693,"column":49}},"229":{"start":{"line":694,"column":20},"end":{"line":694,"column":82}},"230":{"start":{"line":700,"column":12},"end":{"line":700,"column":114}},"231":{"start":{"line":701,"column":12},"end":{"line":701,"column":114}},"232":{"start":{"line":704,"column":12},"end":{"line":704,"column":89}},"233":{"start":{"line":705,"column":12},"end":{"line":705,"column":32911}},"234":{"start":{"line":707,"column":16},"end":{"line":707,"column":64}},"235":{"start":{"line":709,"column":16},"end":{"line":709,"column":83}},"236":{"start":{"line":718,"column":8},"end":{"line":718,"column":33409}},"237":{"start":{"line":724,"column":8},"end":{"line":724,"column":106}},"238":{"start":{"line":725,"column":8},"end":{"line":725,"column":64}},"239":{"start":{"line":726,"column":8},"end":{"line":726,"column":34}},"240":{"start":{"line":727,"column":8},"end":{"line":727,"column":62}},"241":{"start":{"line":734,"column":8},"end":{"line":734,"column":34199}},"242":{"start":{"line":735,"column":12},"end":{"line":735,"column":48}},"243":{"start":{"line":737,"column":12},"end":{"line":737,"column":34446}},"244":{"start":{"line":738,"column":16},"end":{"line":738,"column":71}},"245":{"start":{"line":743,"column":8},"end":{"line":743,"column":102}},"246":{"start":{"line":745,"column":8},"end":{"line":745,"column":45}},"247":{"start":{"line":746,"column":8},"end":{"line":746,"column":25}},"248":{"start":{"line":747,"column":8},"end":{"line":747,"column":26}},"249":{"start":{"line":748,"column":8},"end":{"line":748,"column":30}},"250":{"start":{"line":759,"column":8},"end":{"line":759,"column":74}},"251":{"start":{"line":762,"column":8},"end":{"line":762,"column":35585}},"252":{"start":{"line":763,"column":12},"end":{"line":763,"column":59}},"253":{"start":{"line":767,"column":8},"end":{"line":767,"column":94}},"254":{"start":{"line":768,"column":8},"end":{"line":768,"column":56}},"255":{"start":{"line":769,"column":8},"end":{"line":769,"column":56}},"256":{"start":{"line":774,"column":8},"end":{"line":774,"column":45}},"257":{"start":{"line":775,"column":8},"end":{"line":775,"column":25}},"258":{"start":{"line":776,"column":8},"end":{"line":776,"column":32}},"259":{"start":{"line":777,"column":8},"end":{"line":777,"column":32}},"260":{"start":{"line":778,"column":8},"end":{"line":778,"column":26}},"261":{"start":{"line":796,"column":8},"end":{"line":796,"column":37137}},"262":{"start":{"line":797,"column":12},"end":{"line":797,"column":31}},"263":{"start":{"line":800,"column":12},"end":{"line":800,"column":53}},"264":{"start":{"line":801,"column":12},"end":{"line":801,"column":65}},"265":{"start":{"line":802,"column":12},"end":{"line":802,"column":58}},"266":{"start":{"line":803,"column":12},"end":{"line":803,"column":60}},"267":{"start":{"line":804,"column":12},"end":{"line":804,"column":69}},"268":{"start":{"line":810,"column":8},"end":{"line":810,"column":49}},"269":{"start":{"line":811,"column":8},"end":{"line":811,"column":26}},"270":{"start":{"line":812,"column":8},"end":{"line":812,"column":60}},"271":{"start":{"line":813,"column":8},"end":{"line":813,"column":52}},"272":{"start":{"line":818,"column":8},"end":{"line":818,"column":33}},"273":{"start":{"line":819,"column":8},"end":{"line":819,"column":41}},"274":{"start":{"line":820,"column":8},"end":{"line":820,"column":43}},"275":{"start":{"line":831,"column":8},"end":{"line":831,"column":68}},"276":{"start":{"line":832,"column":8},"end":{"line":832,"column":24}},"277":{"start":{"line":833,"column":8},"end":{"line":833,"column":32}},"278":{"start":{"line":834,"column":8},"end":{"line":834,"column":30}}},"branchMap":{"1":{"line":194,"type":"if","locations":[{"start":{"line":194,"column":8},"end":{"line":194,"column":8}},{"start":{"line":194,"column":8},"end":{"line":194,"column":8}}]},"2":{"line":199,"type":"if","locations":[{"start":{"line":199,"column":8},"end":{"line":199,"column":8}},{"start":{"line":199,"column":8},"end":{"line":199,"column":8}}]},"3":{"line":205,"type":"if","locations":[{"start":{"line":205,"column":8},"end":{"line":205,"column":8}},{"start":{"line":205,"column":8},"end":{"line":205,"column":8}}]},"4":{"line":207,"type":"if","locations":[{"start":{"line":207,"column":16},"end":{"line":207,"column":16}},{"start":{"line":207,"column":16},"end":{"line":207,"column":16}}]},"5":{"line":216,"type":"if","locations":[{"start":{"line":216,"column":8},"end":{"line":216,"column":8}},{"start":{"line":216,"column":8},"end":{"line":216,"column":8}}]},"6":{"line":221,"type":"if","locations":[{"start":{"line":221,"column":8},"end":{"line":221,"column":8}},{"start":{"line":221,"column":8},"end":{"line":221,"column":8}}]},"7":{"line":233,"type":"if","locations":[{"start":{"line":233,"column":8},"end":{"line":233,"column":8}},{"start":{"line":233,"column":8},"end":{"line":233,"column":8}}]},"8":{
[...]
ne":370,"column":8},"end":{"line":370,"column":8}},{"start":{"line":370,"column":8},"end":{"line":370,"column":8}}]},"21":{"line":379,"type":"if","locations":[{"start":{"line":379,"column":8},"end":{"line":379,"column":8}},{"start":{"line":379,"column":8},"end":{"line":379,"column":8}}]},"22":{"line":387,"type":"if","locations":[{"start":{"line":387,"column":8},"end":{"line":387,"column":8}},{"start":{"line":387,"column":8},"end":{"line":387,"column":8}}]},"23":{"line":397,"type":"if","locations":[{"start":{"line":397,"column":8},"end":{"line":397,"column":8}},{"start":{"line":397,"column":8},"end":{"line":397,"column":8}}]},"24":{"line":414,"type":"if","locations":[{"start":{"line":414,"column":8},"end":{"line":414,"column":8}},{"start":{"line":414,"column":8},"end":{"line":414,"column":8}}]},"25":{"line":421,"type":"if","locations":[{"start":{"line":421,"column":8},"end":{"line":421,"column":8}},{"start":{"line":421,"column":8},"end":{"line":421,"column":8}}]},"26":{"line":422,"type":"if","locations":[{"start":{"line":422,"column":8},"end":{"line":422,"column":8}},{"start":{"line":422,"column":8},"end":{"line":422,"column":8}}]},"27":{"line":429,"type":"if","locations":[{"start":{"line":429,"column":8},"end":{"line":429,"column":8}},{"start":{"line":429,"column":8},"end":{"line":429,"column":8}}]},"28":{"line":437,"type":"if","locations":[{"start":{"line":437,"column":8},"end":{"line":437,"column":8}},{"start":{"line":437,"column":8},"end":{"line":437,"column":8}}]},"29":{"line":440,"type":"if","locations":[{"start":{"line":440,"column":8},"end":{"line":440,"column":8}},{"start":{"line":440,"column":8},"end":{"line":440,"column":8}}]},"30":{"line":447,"type":"if","locations":[{"start":{"line":447,"column":8},"end":{"line":447,"column":8}},{"start":{"line":447,"column":8},"end":{"line":447,"column":8}}]},"31":{"line":474,"type":"if","locations":[{"start":{"line":474,"column":8},"end":{"line":474,"column":8}},{"start":{"line":474,"column":8},"end":{"line":474,"column":8}}]},"32":{"line":477,"type":"if","locations":[{"start":{"line":477,"column":12},"end":{"line":477,"column":12}},{"start":{"line":477,"column":12},"end":{"line":477,"column":12}}]},"33":{"line":479,"type":"if","locations":[{"start":{"line":479,"column":16},"end":{"line":479,"column":16}},{"start":{"line":479,"column":16},"end":{"line":479,"column":16}}]},"34":{"line":492,"type":"if","locations":[{"start":{"line":492,"column":8},"end":{"line":492,"column":8}},{"start":{"line":492,"column":8},"end":{"line":492,"column":8}}]},"35":{"line":493,"type":"if","locations":[{"start":{"line":493,"column":8},"end":{"line":493,"column":8}},{"start":{"line":493,"column":8},"end":{"line":493,"column":8}}]},"36":{"line":494,"type":"if","locations":[{"start":{"line":494,"column":8},"end":{"line":494,"column":8}},{"start":{"line":494,"column":8},"end":{"line":494,"column":8}}]},"37":{"line":499,"type":"if","locations":[{"start":{"line":499,"column":8},"end":{"line":499,"column":8}},{"start":{"line":499,"column":8},"end":{"line":499,"column":8}}]},"38":{"line":505,"type":"if","locations":[{"start":{"line":505,"column":8},"end":{"line":505,"column":8}},{"start":{"line":505,"column":8},"end":{"line":505,"column":8}}]},"39":{"line":508,"type":"if","locations":[{"start":{"line":508,"column":8},"end":{"line":508,"column":8}},{"start":{"line":508,"column":8},"end":{"line":508,"column":8}}]},"40":{"line":512,"type":"if","locations":[{"start":{"line":512,"column":8},"end":{"line":512,"column":8}},{"start":{"line":512,"column":8},"end":{"line":512,"column":8}}]},"41":{"line":515,"type":"if","locations":[{"start":{"line":515,"column":8},"end":{"line":515,"column":8}},{"start":{"line":515,"column":8},"end":{"line":515,"column":8}}]},"42":{"line":527,"type":"if","locations":[{"start":{"line":527,"column":8},"end":{"line":527,"column":8}},{"start":{"line":527,"column":8},"end":{"line":527,"column":8}}]},"43":{"line":531,"type":"if","locations":[{"start":{"line":531,"column":8},"end":{"line":531,"column":8}},{"start":{"line":531,"column":8},"end":{"line":531,"column":8}}]},"44":{"line":542,"type":"if","locations":[{"start":{"line":542,"column":8},"end":{"line":542,"column":8}},{"start":{"line":542,"column":8},"end":{"line":542,"column":8}}]},"45":{"line":547,"type":"if","locations":[{"start":{"line":547,"column":12},"end":{"line":547,"column":12}},{"start":{"line":547,"column":12},"end":{"line":547,"column":12}}]},"46":{"line":572,"type":"if","locations":[{"start":{"line":572,"column":8},"end":{"line":572,"column":8}},{"start":{"line":572,"column":8},"end":{"line":572,"column":8}}]},"47":{"line":573,"type":"if","locations":[{"start":{"line":573,"column":8},"end":{"line":573,"column":8}},{"start":{"line":573,"column":8},"end":{"line":573,"column":8}}]},"48":{"line":574,"type":"if","locations":[{"start":{"line":574,"column":8},"end":{"line":574,"column":8}},{"start":{"line":574,"column":8},"end":{"line":574,"column":8}}]},"49":{"line":597,"type":"if","locations":[{"start":{"line":597,"column":8},"end":{"line":597,"column":8}},{"start":{"line":597,"column":8},"end":{"line":597,"column":8}}]},"50":{"line":606,"type":"if","locations":[{"start":{"line":606,"column":12},"end":{"line":606,"column":12}},{"start":{"line":606,"column":12},"end":{"line":606,"column":12}}]},"51":{"line":613,"type":"if","locations":[{"start":{"line":613,"column":12},"end":{"line":613,"column":12}},{"start":{"line":613,"column":12},"end":{"line":613,"column":12}}]},"52":{"line":615,"type":"if","locations":[{"start":{"line":615,"column":16},"end":{"line":615,"column":16}},{"start":{"line":615,"column":16},"end":{"line":615,"column":16}}]},"53":{"line":627,"type":"if","locations":[{"start":{"line":627,"column":12},"end":{"line":627,"column":12}},{"start":{"line":627,"column":12},"end":{"line":627,"column":12}}]},"54":{"line":639,"type":"if","locations":[{"start":{"line":639,"column":16},"end":{"line":639,"column":16}},{"start":{"line":639,"column":16},"end":{"line":639,"column":16}}]},"55":{"line":660,"type":"if","locations":[{"start":{"line":660,"column":8},"end":{"line":660,"column":8}},{"start":{"line":660,"column":8},"end":{"line":660,"column":8}}]},"56":{"line":674,"type":"if","locations":[{"start":{"line":674,"column":8},"end":{"line":674,"column":8}},{"start":{"line":674,"column":8},"end":{"line":674,"column":8}}]},"57":{"line":677,"type":"if","locations":[{"start":{"line":677,"column":12},"end":{"line":677,"column":12}},{"start":{"line":677,"column":12},"end":{"line":677,"column":12}}]},"58":{"line":683,"type":"if","locations":[{"start":{"line":683,"column":19},"end":{"line":683,"column":19}},{"start":{"line":683,"column":19},"end":{"line":683,"column":19}}]},"59":{"line":684,"type":"if","locations":[{"start":{"line":684,"column":16},"end":{"line":684,"column":16}},{"start":{"line":684,"column":16},"end":{"line":684,"column":16}}]},"60":{"line":689,"type":"if","locations":[{"start":{"line":689,"column":16},"end":{"line":689,"column":16}},{"start":{"line":689,"column":16},"end":{"line":689,"column":16}}]},"61":{"line":708,"type":"if","locations":[{"start":{"line":708,"column":12},"end":{"line":708,"column":12}},{"start":{"line":708,"column":12},"end":{"line":708,"column":12}}]},"62":{"line":721,"type":"if","locations":[{"start":{"line":721,"column":8},"end":{"line":721,"column":8}},{"start":{"line":721,"column":8},"end":{"line":721,"column":8}}]},"63":{"line":737,"type":"if","locations":[{"start":{"line":737,"column":8},"end":{"line":737,"column":8}},{"start":{"line":737,"column":8},"end":{"line":737,"column":8}}]},"64":{"line":740,"type":"if","locations":[{"start":{"line":740,"column":12},"end":{"line":740,"column":12}},{"start":{"line":740,"column":12},"end":{"line":740,"column":12}}]},"65":{"line":746,"type":"if","locations":[{"start":{"line":746,"column":8},"end":{"line":746,"column":8}},{"start":{"line":746,"column":8},"end":{"line":746,"column":8}}]},"66":{"line":762,"type":"if","locations":[{"start":{"line":762,"column":8},"end":{"line":762,"column":8}},{"start":{"line":762,"column":8},"end":{"line":762,"column":8}}]},"67":{"line":765,"type":"if","locations":[{"start":{"line":765,"column":8},"end":{"line":765,"column":8}},{"start":{"line":765,"column":8},"end":{"line":765,"column":8}}]},"68":{"line":841,"type":"if","locations":[{"start":{"line":841,"column":8},"end":{"line":841,"column":8}},{"start":{"line":841,"column":8},"end":{"line":841,"column":8}}]}}},"contracts/RCTreasury.sol":{"l":{"67":96,"70":96,"73":96,"74":96,"82":923,"84":897,"88":1930,"89":1918,"98":144,"99":142,"100":142,"113":98,"118":97,"125":1,"130":1,"143":99,"144":97,"148":3,"149":1,"159":220,"160":218,"161":218,"163":216,"164":216,"165":216,"166":216,"167":216,"172":173,"173":173,"174":171,"176":167,"177":120,"179":167,"180":167,"181":167,"182":167,"183":167,"184":167,"185":167,"186":167,"196":335,"197":333,"198":331,"199":331,"200":331,"201":331,"202":331,"203":331,"204":331,"209":166,"210":166,"211":166,"212":166,"213":166,"214":166,"215":166,"220":6,"221":6,"222":6,"227":15,"228":11,"229":11,"230":11,"231":11,"232":11,"233":11,"238":460,"239":460,"244":936,"245":468,"247":468,"249":936,"258":9},"path":"/Users/mcplums/Repos/RC_Contracts/contracts/RCTreasury.sol","s":{"1":96,"2":96,"3":96,"4":96,"5":897,"6":1930,"7":144,"8":142,"9":142,"10":98,"11":97,"12":1,"13":1,"14":99,"15":97,"16":3,"17":1,"18":220,"19":218,"20":218,"21":216,"22":216,"23":216,"24":216,"25":216,"26":173,"27":173,"28":171,"29":167,"30":120,"31":167,"32":167,"33":167,"34":167,"35":167,"36":167,"37":167,"38":167,"39":335,"40":333,"41":331,"42":331,"43":331,"44":331,"45":331,"46":331,"47":331,"48":166,"49":166,"50":166,"51":166,"52":166,"53":166,"54":166,"55":6,"56":6,"57":6,"58":15,"59":11,"60":11,"61":11,"62":11,"63":11,"64":11,"65":460,"66":460,"67":936,"68":468,"69":468,"70":936,"71":9},"b":{"1":[1918,12],"2":[142,2],"3":[97,2],"4":[1,2],"5":[218,2],"6":[218,0],"7":[216,2],"8":[173,0],"9":[171,2],"10":[167,4],"11":[120,47],"12":[167,0],"13":[333,2],"14":[331,2],"15":[11,4],"16":[468,468]},"f":{"1":96,"2":923,"3":1930,"4":144,"5":98,"6":97,"7":1,"8":1,"9":99,"10":3,"11":220,"12":173,"13":335,"14":166,"15":6,"16":15,"17":460,"18":936,"19":9},"fnMap":{"1":{"name":"constructor","line":65,"loc":{"start":{"line":65,"column":4},"end":{"line":75,"column":4}}},"2":{"name":"balancedBooks","line":81,"loc":{"start":{"line":81,"column":4},"end":{"line":85,"column":4}}},"3":{"name":"onlyMarkets","line":87,"loc":{"start":{"line":87,"column":4},"end":{"line":90,"column":4}}},"4":{"name":"addMarket","line":97,"loc":{"start":{"line":97,"column":4},"end":{"line":101,"column":4}}},"5":{"name":"setMinRental","line":112,"loc":{"start":{"line":112,"column":4},"end":{"line":114,"column":4}}},"6":{"name":"setMaxContractBalance","line":117,"loc":{"start":{"line":117,"column":4},"end":{"line":119,"column":4}}},"7":{"name":"setGlobalPause","line":124,"loc":{"start":{"line":124,"column":4},"end":{"line":126,"column":4}}},"8":{"name":"setPauseMarket","line":129,"loc":{"start":{"line":129,"column":4},"end":{"line":131,"column":4}}},"9":{"name":"setFactoryAddress","line":142,"loc":{"start":{"line":142,"column":4},"end":{"line":145,"column":4}}},"10":{"name":"changeUberOwner","line":147,"loc":{"start":{"line":147,"column":4},"end":{"line":150,"column":4}}},"11":{"name":"deposit","line":158,"loc":{"start":{"line":158,"column":4},"end":{"line":168,"column":4}}},"12":{"name":"withdrawDeposit","line":171,"loc":{"start":{"line":171,"column":4},"end":{"line":187,"column":4}}},"13":{"name":"payRent","line":195,"loc":{"start":{"line":195,"column":4},"end":{"line":205,"column":4}}},"14":{"name":"payout","line":208,"loc":{"start":{"line":208,"column":4},"end":{"line":216,"column":4}}},"15":{"name":"sponsor","line":219,"loc":{"start":{"line":219,"column":4},"end":{"line":223,"column":4}}},"16":{"name":"processHarbergerPayment","line":226,"loc":{"start":{"line":226,"column":4},"end":{"line":234,"column":4}}},"17":{"name":"updateLastRentalTime","line":237,"loc":{"start":{"line":237,"column":4},"end":{"line":240,"column":4}}},"18":{"name":"updateTotalRental","line":243,"loc":{"start":{"line":243,"column":4},"end":{"line":250,"column":4}}},"19":{"name":"","line":257,"loc":{"start":{"line":257,"column":4},"end":{"line":259,"column":4}}}},"statementMap":{"1":{"start":{"line":67,"column":8},"end":{"line":67,"column":52}},"2":{"start":{"line":70,"column":8},"end":{"line":70,"column":29}},"3":{"start":{"line":73,"column":8},"end":{"line":73,"column":25}},"4":{"start":{"line":74,"column":8},"end":{"line":74,"column":43}},"5":{"start":{"line":84,"column":8},"end":{"line":84,"column":71}},"6":{"start":{"line":88,"column":8},"end":{"line":88,"column":54}},"7":{"start":{"line":98,"column":8},"end":{"line":98,"column":59}},"8":{"start":{"line":99,"column":8},"end":{"line":99,"column":34}},"9":{"start":{"line":100,"column":8},"end":{"line":100,"column":19}},"10":{"start":{"line":113,"column":8},"end":{"line":113,"column":37}},"11":{"start":{"line":118,"column":8},"end":{"line":118,"column":44}},"12":{"start":{"line":125,"column":8},"end":{"line":125,"column":47}},"13":{"start":{"line":130,"column":8},"end":{"line":130,"column":67}},"14":{"start":{"line":143,"column":8},"end":{"line":143,"column":61}},"15":{"start":{"line":144,"column":8},"end":{"line":144,"column":35}},"16":{"start":{"line":148,"column":8},"end":{"line":148,"column":61}},"17":{"start":{"line":149,"column":8},"end":{"line":149,"column":32}},"18":{"start":{"line":159,"column":8},"end":{"line":159,"column":53}},"19":{"start":{"line":160,"column":8},"end":{"line":160,"column":55}},"20":{"start":{"line":161,"column":8},"end":{"line":161,"column":72}},"21":{"start":{"line":163,"column":8},"end":{"line":163,"column":55}},"22":{"start":{"line":164,"column":8},"end":{"line":164,"column":51}},"23":{"start":{"line":165,"column":8},"end":{"line":165,"column":50}},"24":{"start":{"line":166,"column":8},"end":{"line":166,"column":53}},"25":{"start":{"line":167,"column":8},"end":{"line":167,"column":19}},"26":{"start":{"line":172,"column":8},"end":{"line":172,"column":56}},"27":{"start":{"line":173,"column":8},"end":{"line":173,"column":64}},"28":{"start":{"line":174,"column":8},"end":{"line":174,"column":104}},"29":{"start":{"line":176,"column":8},"end":{"line":176,"column":6998}},"30":{"start":{"line":177,"column":12},"end":{"line":177,"column":39}},"31":{"start":{"line":179,"column":8},"end":{"line":179,"column":62}},"32":{"start":{"line":180,"column":8},"end":{"line":180,"column":46}},"33":{"start":{"line":181,"column":8},"end":{"line":181,"column":52}},"34":{"start":{"line":182,"column":8},"end":{"line":182,"column":77}},"35":{"start":{"line":183,"column":8},"end":{"line":183,"column":59}},"36":{"start":{"line":184,"column":8},"end":{"line":184,"column":43}},"37":{"start":{"line":185,"column":8},"end":{"line":185,"column":52}},"38":{"start":{"line":186,"column":8},"end":{"line":186,"column":55}},"39":{"start":{"line":196,"column":8},"end":{"line":196,"column":52}},"40":{"start":{"line":197,"column":8},"end":{"line":197,"column":65}},"41":{"start":{"line":198,"column":8},"end":{"line":198,"column":38}},"42":{"start":{"line":199,"column":8},"end":{"line":199,"column":50}},"43":{"start":{"line":200,"column":8},"end":{"line":200,"column":62}},"44":{"start":{"line":201,"column":8},"end":{"line":201,"column":50}},"45":{"start":{"line":202,"column":8},"end":{"line":202,"column":46}},"46":{"start":{"line":203,"column":8},"end":{"line":203,"column":49}},"47":{"start":{"line":204,"column":8},"end":{"line":204,"column":19}},"48":{"start":{"line":209,"column":8},"end":{"line":209,"column":44}},"49":{"start":{"line":210,"column":8},"end":{"line":210,"column":50}},"50":{"start":{"line":211,"column":8},"end":{"line":211,"column":62}},"51":{"start":{"line":212,"column":8},"end":{"line":212,"column":50}},"52":{"start":{"line":213,"column":8},"end":{"line":213,"column":46}},"53":{"start":{"line":214,"column":8},"end":{"line":214,"column":48}},"54":{"start":{"line":215,"column":8},"end":{"line":215,"column":19}},"55":{"start":{"line":220,"column":8},"end":{"line":220,"column":67}},"56":{"start":{"line":221,"column":8},"end":{"line":221,"column":55}},"57":{"start":{"line":222,"column":8},"end":{"line":222,"column":19}},"58":{"start":{"line":227,"column":8},"end":{"line":227,"column":79}},"59":{"start":{"line":228,"column":8},"end":{"line":228,"column":70}},"60":{"start":{"line":229,"column":8},"end":{"line":229,"column":78}},"61":{"start":{"line":230,"column":8},"end":{"line":230,"column":65}},"62":{"start":{"line":231,"column":8},"end":{"line":231,"column":68}},"63":{"start":{"line":232,"column":8},"end":{"line":232,"column":76}},"64":{"start":{"line":233,"column":8},"end":{"line":233,"column":19}},"65":{"start":{"line":238,"column":8},"end":{"line":238,"column":34}},"66":{"start":{"line":239,"column":8},"end":{"line":239,"column":19}},"67":{"start":{"line":244,"column":8},"end":{"line":244,"column":10592}},"68":{"start":{"line":245,"column":12},"end":{"line":245,"column":75}},"69":{"start":{"line":247,"column":12},"end":{"line":247,"column":75}},"70":{"start":{"line":249,"column":8},"end":{"line":249,"column":19}},"71":{"start":{"line":258,"column":8},"end":{"line":258,"column":35}}},"branchMap":{"1":{"line":88,"type":"if","locations":[{"start":{"line":88,"column":8},"end":{"line":88,"column":8}},{"start":{"line":88,"column":8},"end":{"line":88,"column":8}}]},"2":{"line":98,"type":"if","locations":[{"start":{"line":98,"column":8},"end":{"line":98,"column":8}},{"start":{"line":98,"column":8},"end":{"line":98,"column":8}}]},"3":{"line":143,"type":"if","locations":[{"start":{"line":143,"column":8},"end":{"line":143,"column":8}},{"start":{"line":143,"column":8},"end":{"line":143,"column":8}}]},"4":{"line":148,"type":"if","locations":[{"start":{"line":148,"column":8},"end":{"line":148,"column":8}},{"start":{"line":148,"column":8},"end":{"line":148,"column":8}}]},"5":{"line":159,"type":"if","locations":[{"start":{"line":159,"column":8},"end":{"line":159,"column":8}},{"start":{"line":159,"column":8},"end":{"line":159,"column":8}}]},"6":{"line":160,"type":"if","locations":[{"start":{"line":160,"column":8},"end":{"line":160,"column":8}},{"start":{"line":160,"column":8},"end":{"line":160,"column":8}}]},"7":{"line":161,"type":"if","locations":[{"start":{"line":161,"column":8},"end":{"line":161,"column":8}},{"start":{"line":161,"column":8},"end":{"line":161,"column":8}}]},"8":{"line":172,"type":"if","locations":[{"start":{"line":172,"column":8},"end":{"line":172,"column":8}},{"start":{"line":172,"column":8},"end":{"line":172,"column":8}}]},"9":{"line":173,"type":"if","locations":[{"start":{"line":173,"column":8},"end":{"line":173,"column":8}},{"start":{"line":173,"column":8},"end":{"line":173,"column":8}}]},"10":{"line":174,"type":"if","locations":[{"start":{"line":174,"column":8},"end":{"line":174,"column":8}},{"start":{"line":174,"column":8},"end":{"line":174,"column":8}}]},"11":{"line":176,"type":"if","locations":[{"start":{"line":176,"column":8},"end":{"line":176,"column":8}},{"start":{"line":176,"column":8},"end":{"line":176,"column":8}}]},"12":{"line":184,"type":"if","locations":[{"start":{"line":184,"column":8},"end":{"line":184,"column":8}},{"start":{"line":184,"column":8},"end":{"line":184,"column":8}}]},"13":{"line":196,"type":"if","locations":[{"start":{"line":196,"column":8},"end":{"line":196,"column":8}},{"start":{"line":196,"column":8},"end":{"line":196,"column":8}}]},"14":{"line":197,"type":"if","locations":[{"start":{"line":197,"column":8},"end":{"line":197,"column":8}},{"start":{"line":197,"column":8},"end":{"line":197,"column":8}}]},"15":{"line":227,"type":"if","locations":[{"start":{"line":227,"column":8},"end":{"line":227,"column":8}},{"start":{"line":227,"column":8},"end":{"line":227,"column":8}}]},"16":{"line":244,"type":"if","locations":[{"start":{"line":244,"column":8},"end":{"line":244,"column":8}},{"start":{"line":244,"column":8},"end":{"line":244,"column":8}}]}}}}